<?xml version="1.0" encoding="UTF-8"?>
<!-- Generated by org.testng.reporters.JUnitXMLReporter -->
<testsuite ignored="0" hostname="LAPTOP-7RU7KKB4" failures="14" tests="86" name="UI Automation Tests" time="750.696" errors="0" timestamp="2026-05-04T22:12:38 GMT+07:00">
  <testcase classname="tests.DieuChinhLoTrinhTest" name="testAccessAdjustRouteFunction" time="2.265"/>
  <testcase classname="tests.DieuChinhLoTrinhTest" name="testSelectRouteToAdjust" time="2.074"/>
  <testcase classname="tests.DieuChinhLoTrinhTest" name="testChangeInfoAndConfirm" time="7.87"/>
  <testcase classname="tests.DieuChinhLoTrinhTest" name="testCancelAfterWarning" time="5.974"/>
  <testcase classname="tests.DieuChinhLoTrinhTest" name="testCancelEditRoute" time="4.02"/>
  <testcase classname="tests.DieuChinhLoTrinhTest" name="testPastTimeInProgressRoute" time="3.963"/>
  <testcase classname="tests.DieuChinhLoTrinhTest" name="testValidTimePendingRoute" time="6.685"/>
  <testcase classname="tests.DieuChinhLoTrinhTest" name="testChangeDriver" time="3.864">
    <failure type="java.lang.AssertionError" message="Theo thiết kế phần mềm hiện tại, chức năng thay đổi tài xế không được hỗ trợ tại trang Điều chỉnh lộ trình (Input bị readOnly). Test case failed theo requirement.">
      <![CDATA[java.lang.AssertionError: Theo thiết kế phần mềm hiện tại, chức năng thay đổi tài xế không được hỗ trợ tại trang Điều chỉnh lộ trình (Input bị readOnly). Test case failed theo requirement.
at tests.DieuChinhLoTrinhTest.testChangeDriver(DieuChinhLoTrinhTest.java:173)
at java.base/java.util.ArrayList.forEach(ArrayList.java:1604)
... Removed 30 stack frames]]>
    </failure>
  </testcase> <!-- testChangeDriver -->
  <testcase classname="tests.DieuChinhLoTrinhTest" name="testPastTimePendingRoute" time="3.937"/>
  <testcase classname="tests.DieuChinhLoTrinhTest" name="testValidTimeInProgressRoute" time="7.776"/>
  <testcase classname="tests.DieuChinhLoTrinhTest" name="testCannotEditCompletedRoute" time="3.939"/>
  <testcase classname="tests.DieuChinhLoTrinhTest" name="testSearchByRouteCode" time="12.69">
    <failure type="java.lang.AssertionError" message="Không tìm thấy kết quả nào cho mã lộ trình: LT00 expected [true] but found [false]">
      <![CDATA[java.lang.AssertionError: Không tìm thấy kết quả nào cho mã lộ trình: LT00 expected [true] but found [false]
at tests.DieuChinhLoTrinhTest.testSearchByRouteCode(DieuChinhLoTrinhTest.java:228)
at java.base/java.util.ArrayList.forEach(ArrayList.java:1604)
... Removed 32 stack frames]]>
    </failure>
  </testcase> <!-- testSearchByRouteCode -->
  <testcase classname="tests.DieuChinhLoTrinhTest" name="testSearchByVehiclePlate" time="12.764"/>
  <testcase classname="tests.DieuChinhLoTrinhTest" name="testSearchByDriverName" time="2.717"/>
  <testcase classname="tests.DieuChinhLoTrinhTest" name="testSearchByNonExistentKeyword" time="12.717"/>
  <testcase classname="tests.DieuChinhLoTrinhTest" name="testClearSearchKeyword" time="12.775">
    <failure type="java.lang.AssertionError" message="Không có kết quả nào cho từ khóa LT0! expected [true] but found [false]">
      <![CDATA[java.lang.AssertionError: Không có kết quả nào cho từ khóa LT0! expected [true] but found [false]
at tests.DieuChinhLoTrinhTest.testClearSearchKeyword(DieuChinhLoTrinhTest.java:279)
at java.base/java.util.ArrayList.forEach(ArrayList.java:1604)
... Removed 32 stack frames]]>
    </failure>
  </testcase> <!-- testClearSearchKeyword -->
  <testcase classname="tests.RoutePlanningTest" name="testNavigateToRoutePlanning" time="0.051"/>
  <testcase classname="tests.RoutePlanningTest" name="testCreateFullRoute" time="1.486"/>
  <testcase classname="tests.RoutePlanningTest" name="testFilterCustomers" time="0.097"/>
  <testcase classname="tests.RoutePlanningTest" name="testSelectMultipleCustomers" time="0.78"/>
  <testcase classname="tests.RoutePlanningTest" name="testNoCustomerSelected" time="10.215"/>
  <testcase classname="tests.RoutePlanningTest" name="testSelectValidVehicle" time="0.706"/>
  <testcase classname="tests.RoutePlanningTest" name="testNoVehicleSelected" time="0.542"/>
  <testcase classname="tests.RoutePlanningTest" name="testSelectInsufficientCapacityVehicle" time="1.452"/>
  <testcase classname="tests.RoutePlanningTest" name="testSelectFullVehicle" time="0.647"/>
  <testcase classname="tests.RoutePlanningTest" name="testCancelVehicleSelection" time="0.764"/>
  <testcase classname="tests.RoutePlanningTest" name="testSelectValidDriver" time="1.109"/>
  <testcase classname="tests.RoutePlanningTest" name="testNoDriverSelected" time="0.889"/>
  <testcase classname="tests.RoutePlanningTest" name="testSelectBusyDriver" time="0.997"/>
  <testcase classname="tests.RoutePlanningTest" name="testSelectAssignedDriver" time="0.935"/>
  <testcase classname="tests.RoutePlanningTest" name="testCancelDriverSelection" time="1.137"/>
  <testcase classname="tests.RoutePlanningTest" name="testSearchByTicketCode" time="0.105"/>
  <testcase classname="tests.RoutePlanningTest" name="testSearchByCustomerName" time="0.097"/>
  <testcase classname="tests.RoutePlanningTest" name="testSearchByPhone" time="0.078"/>
  <testcase classname="tests.RoutePlanningTest" name="testSearchNonExistent" time="10.079"/>
  <testcase classname="tests.RoutePlanningTest" name="testClearSearch" time="0.189"/>
  <testcase classname="tests.RoutePlanningTest" name="testAccessVehicleStep" time="0.501"/>
  <testcase classname="tests.RoutePlanningTest" name="testSearchVehicleByPlate" time="0.607"/>
  <testcase classname="tests.RoutePlanningTest" name="testSearchVehicleByType" time="0.576"/>
  <testcase classname="tests.RoutePlanningTest" name="testSearchVehicleNonExistent" time="10.606"/>
  <testcase classname="tests.RoutePlanningTest" name="testClearVehicleSearch" time="0.645"/>
  <testcase classname="tests.RoutePlanningTest" name="testAccessDriverStep" time="0.858"/>
  <testcase classname="tests.RoutePlanningTest" name="testSearchDriverById" time="0.939"/>
  <testcase classname="tests.RoutePlanningTest" name="testSearchDriverByName" time="0.975"/>
  <testcase classname="tests.RoutePlanningTest" name="testSearchDriverByPhone" time="0.916"/>
  <testcase classname="tests.RoutePlanningTest" name="testSearchDriverNonExistent" time="10.962"/>
  <testcase classname="tests.RoutePlanningTest" name="testClearDriverSearch" time="1.084"/>
  <testcase classname="tests.TC_UC07_1_01" name="testOpenRouteList" time="1.537"/>
  <testcase classname="tests.TC_UC07_1_02" name="testViewRouteDetail" time="2.098"/>
  <testcase classname="tests.TC_UC07_1_03" name="testShowStops" time="27.086">
    <failure type="org.openqa.selenium.TimeoutException" message="Expected condition failed: waiting for tests.TC_UC07_1_03$$Lambda/0x00000000962ca0b0@3166698a (tried for 20 second(s) with 500 milliseconds interval)
Build info: version: &amp;apos;4.20.0&amp;apos;, revision: &amp;apos;866c76ca80&amp;apos;
System info: os.name: &amp;apos;Windows 11&amp;apos;, os.arch: &amp;apos;amd64&amp;apos;, os.version: &amp;apos;10.0&amp;apos;, java.version: &amp;apos;25.0.2&amp;apos;
Driver info: org.openqa.selenium.chrome.ChromeDriver
Capabilities {acceptInsecureCerts: false, browserName: chrome, browserVersion: 147.0.7727.138, chrome: {chromedriverVersion: 147.0.7727.117 (474cc805edd..., userDataDir: C:\Users\admin\AppData\Loca...}, fedcm:accounts: true, goog:chromeOptions: {debuggerAddress: localhost:56149}, goog:processID: 3796, networkConnectionEnabled: false, pageLoadStrategy: normal, platformName: windows, proxy: Proxy(), se:cdp: ws://localhost:56149/devtoo..., se:cdpVersion: 147.0.7727.138, setWindowRect: true, strictFileInteractability: false, timeouts: {implicit: 0, pageLoad: 300000, script: 30000}, unhandledPromptBehavior: dismiss and notify, webauthn:extension:credBlob: true, webauthn:extension:largeBlob: true, webauthn:extension:minPinLength: true, webauthn:extension:prf: true, webauthn:virtualAuthenticators: true}
Session ID: 8bc2316aa1e8d48172a31e2de767a37d">
      <![CDATA[org.openqa.selenium.TimeoutException: Expected condition failed: waiting for tests.TC_UC07_1_03$$Lambda/0x00000000962ca0b0@3166698a (tried for 20 second(s) with 500 milliseconds interval)
Build info: version: '4.20.0', revision: '866c76ca80'
System info: os.name: 'Windows 11', os.arch: 'amd64', os.version: '10.0', java.version: '25.0.2'
Driver info: org.openqa.selenium.chrome.ChromeDriver
Capabilities {acceptInsecureCerts: false, browserName: chrome, browserVersion: 147.0.7727.138, chrome: {chromedriverVersion: 147.0.7727.117 (474cc805edd..., userDataDir: C:\Users\admin\AppData\Loca...}, fedcm:accounts: true, goog:chromeOptions: {debuggerAddress: localhost:56149}, goog:processID: 3796, networkConnectionEnabled: false, pageLoadStrategy: normal, platformName: windows, proxy: Proxy(), se:cdp: ws://localhost:56149/devtoo..., se:cdpVersion: 147.0.7727.138, setWindowRect: true, strictFileInteractability: false, timeouts: {implicit: 0, pageLoad: 300000, script: 30000}, unhandledPromptBehavior: dismiss and notify, webauthn:extension:credBlob: true, webauthn:extension:largeBlob: true, webauthn:extension:minPinLength: true, webauthn:extension:prf: true, webauthn:virtualAuthenticators: true}
Session ID: 8bc2316aa1e8d48172a31e2de767a37d
at org.openqa.selenium.support.ui.WebDriverWait.timeoutException(WebDriverWait.java:84)
at org.openqa.selenium.support.ui.FluentWait.until(FluentWait.java:228)
at tests.TC_UC07_1_03.testShowStops(TC_UC07_1_03.java:46)
at java.base/java.util.ArrayList.forEach(ArrayList.java:1604)
... Removed 29 stack frames]]>
    </failure>
  </testcase> <!-- testShowStops -->
  <testcase classname="tests.TC_UC07_1_04" name="testUpdateStopStatus" time="17.034"/>
  <testcase classname="tests.TC_UC07_1_05" name="testDriverPermissions" time="1.609"/>
  <testcase classname="tests.TC_UC07_1_06" name="testStopSequence" time="16.669">
    <failure type="org.openqa.selenium.TimeoutException" message="Expected condition failed: waiting for visibility of all elements located by By.xpath: //*[contains(@class, &amp;apos;sequence&amp;apos;) or contains(text(), &amp;apos;1&amp;apos;) or contains(text(), &amp;apos;2&amp;apos;)] (tried for 15 second(s) with 500 milliseconds interval)
Build info: version: &amp;apos;4.20.0&amp;apos;, revision: &amp;apos;866c76ca80&amp;apos;
System info: os.name: &amp;apos;Windows 11&amp;apos;, os.arch: &amp;apos;amd64&amp;apos;, os.version: &amp;apos;10.0&amp;apos;, java.version: &amp;apos;25.0.2&amp;apos;
Driver info: org.openqa.selenium.chrome.ChromeDriver
Capabilities {acceptInsecureCerts: false, browserName: chrome, browserVersion: 147.0.7727.138, chrome: {chromedriverVersion: 147.0.7727.117 (474cc805edd..., userDataDir: C:\Users\admin\AppData\Loca...}, fedcm:accounts: true, goog:chromeOptions: {debuggerAddress: localhost:62124}, goog:processID: 22204, networkConnectionEnabled: false, pageLoadStrategy: normal, platformName: windows, proxy: Proxy(), se:cdp: ws://localhost:62124/devtoo..., se:cdpVersion: 147.0.7727.138, setWindowRect: true, strictFileInteractability: false, timeouts: {implicit: 0, pageLoad: 300000, script: 30000}, unhandledPromptBehavior: dismiss and notify, webauthn:extension:credBlob: true, webauthn:extension:largeBlob: true, webauthn:extension:minPinLength: true, webauthn:extension:prf: true, webauthn:virtualAuthenticators: true}
Session ID: e3341dad94e15f4bff9ff69e1a17c58d">
      <![CDATA[org.openqa.selenium.TimeoutException: Expected condition failed: waiting for visibility of all elements located by By.xpath: //*[contains(@class, 'sequence') or contains(text(), '1') or contains(text(), '2')] (tried for 15 second(s) with 500 milliseconds interval)
Build info: version: '4.20.0', revision: '866c76ca80'
System info: os.name: 'Windows 11', os.arch: 'amd64', os.version: '10.0', java.version: '25.0.2'
Driver info: org.openqa.selenium.chrome.ChromeDriver
Capabilities {acceptInsecureCerts: false, browserName: chrome, browserVersion: 147.0.7727.138, chrome: {chromedriverVersion: 147.0.7727.117 (474cc805edd..., userDataDir: C:\Users\admin\AppData\Loca...}, fedcm:accounts: true, goog:chromeOptions: {debuggerAddress: localhost:62124}, goog:processID: 22204, networkConnectionEnabled: false, pageLoadStrategy: normal, platformName: windows, proxy: Proxy(), se:cdp: ws://localhost:62124/devtoo..., se:cdpVersion: 147.0.7727.138, setWindowRect: true, strictFileInteractability: false, timeouts: {implicit: 0, pageLoad: 300000, script: 30000}, unhandledPromptBehavior: dismiss and notify, webauthn:extension:credBlob: true, webauthn:extension:largeBlob: true, webauthn:extension:minPinLength: true, webauthn:extension:prf: true, webauthn:virtualAuthenticators: true}
Session ID: e3341dad94e15f4bff9ff69e1a17c58d
at org.openqa.selenium.support.ui.WebDriverWait.timeoutException(WebDriverWait.java:84)
at org.openqa.selenium.support.ui.FluentWait.until(FluentWait.java:228)
at tests.TC_UC07_1_06.testStopSequence(TC_UC07_1_06.java:35)
at java.base/java.util.ArrayList.forEach(ArrayList.java:1604)
... Removed 29 stack frames]]>
    </failure>
  </testcase> <!-- testStopSequence -->
  <testcase classname="tests.TheoDoiTrangThaiTrungChuyenTest" name="testAccessTrackStatusFunction" time="2.328"/>
  <testcase classname="tests.TheoDoiTrangThaiTrungChuyenTest" name="testViewRouteDetails" time="2.091"/>
  <testcase classname="tests.TheoDoiTrangThaiTrungChuyenTest" name="testTrackPendingRoute" time="13.855"/>
  <testcase classname="tests.TheoDoiTrangThaiTrungChuyenTest" name="testTrackRunningRoute" time="2.902">
    <skipped/>
  </testcase> <!-- testTrackRunningRoute -->
  <testcase classname="tests.TheoDoiTrangThaiTrungChuyenTest" name="testTrackCompletedRoute" time="23.962">
    <failure type="java.lang.AssertionError" message="Lỗi UI: Lộ trình đã hoàn thành nhưng không hiển thị vị trí cuối cùng là &amp;apos;Đã trả khách&amp;apos;! expected [true] but found [false]">
      <![CDATA[java.lang.AssertionError: Lỗi UI: Lộ trình đã hoàn thành nhưng không hiển thị vị trí cuối cùng là 'Đã trả khách'! expected [true] but found [false]
at tests.TheoDoiTrangThaiTrungChuyenTest.testTrackCompletedRoute(TheoDoiTrangThaiTrungChuyenTest.java:108)
at java.base/java.util.ArrayList.forEach(ArrayList.java:1604)
... Removed 32 stack frames]]>
    </failure>
  </testcase> <!-- testTrackCompletedRoute -->
  <testcase classname="tests.TheoDoiTrangThaiTrungChuyenTest" name="testGPSRealTimeUpdate" time="2.862">
    <skipped/>
  </testcase> <!-- testGPSRealTimeUpdate -->
  <testcase classname="tests.TheoDoiTrangThaiTrungChuyenTest" name="testSearchByRouteCode" time="12.697">
    <failure type="java.lang.AssertionError" message="Không tìm thấy kết quả nào cho mã lộ trình: LT001 expected [true] but found [false]">
      <![CDATA[java.lang.AssertionError: Không tìm thấy kết quả nào cho mã lộ trình: LT001 expected [true] but found [false]
at tests.TheoDoiTrangThaiTrungChuyenTest.testSearchByRouteCode(TheoDoiTrangThaiTrungChuyenTest.java:118)
at java.base/java.util.ArrayList.forEach(ArrayList.java:1604)
... Removed 32 stack frames]]>
    </failure>
  </testcase> <!-- testSearchByRouteCode -->
  <testcase classname="tests.TheoDoiTrangThaiTrungChuyenTest" name="testSearchByVehiclePlate" time="12.707"/>
  <testcase classname="tests.TheoDoiTrangThaiTrungChuyenTest" name="testSearchByDriverName" time="2.765"/>
  <testcase classname="tests.TheoDoiTrangThaiTrungChuyenTest" name="testSearchByNonExistentKeyword" time="12.659"/>
  <testcase classname="tests.TheoDoiTrangThaiTrungChuyenTest" name="testClearSearchKeyword" time="12.79">
    <failure type="java.lang.AssertionError" message="Không có kết quả nào cho từ khóa LT0! expected [true] but found [false]">
      <![CDATA[java.lang.AssertionError: Không có kết quả nào cho từ khóa LT0! expected [true] but found [false]
at tests.TheoDoiTrangThaiTrungChuyenTest.testClearSearchKeyword(TheoDoiTrangThaiTrungChuyenTest.java:170)
at java.base/java.util.ArrayList.forEach(ArrayList.java:1604)
... Removed 32 stack frames]]>
    </failure>
  </testcase> <!-- testClearSearchKeyword -->
  <testcase classname="tests.TripStatusTest" name="testOpenRejectTripForm" time="1.554"/>
  <testcase classname="tests.TripStatusTest" name="testCancelRejectTrip" time="12.829"/>
  <testcase classname="tests.TripStatusTest" name="testSubmitRejectTripSuccessfully" time="13.314">
    <failure type="java.lang.AssertionError" message="Popup Từ chối không đóng lại sau khi gửi! expected [true] but found [false]">
      <![CDATA[java.lang.AssertionError: Popup Từ chối không đóng lại sau khi gửi! expected [true] but found [false]
at tests.TripStatusTest.testSubmitRejectTripSuccessfully(TripStatusTest.java:74)
at java.base/java.util.ArrayList.forEach(ArrayList.java:1604)
... Removed 32 stack frames]]>
    </failure>
  </testcase> <!-- testSubmitRejectTripSuccessfully -->
  <testcase classname="tests.TripStatusTest" name="testDisableActionsBeforeStartingTrip" time="11.632"/>
  <testcase classname="tests.TripStatusTest" name="testStartTrip" time="12.036">
    <failure type="org.openqa.selenium.TimeoutException" message="Expected condition failed: waiting for presence of element located by: By.xpath: //button[text()=&amp;apos;Bắt đầu chuyến&amp;apos;] (tried for 10 second(s) with 500 milliseconds interval)">
      <![CDATA[org.openqa.selenium.TimeoutException: Expected condition failed: waiting for presence of element located by: By.xpath: //button[text()='Bắt đầu chuyến'] (tried for 10 second(s) with 500 milliseconds interval)
at org.openqa.selenium.support.ui.WebDriverWait.timeoutException(WebDriverWait.java:84)
at org.openqa.selenium.support.ui.FluentWait.until(FluentWait.java:228)
at pages.DriverTripDetailPage.clickStartTrip(DriverTripDetailPage.java:43)
at tests.TripStatusTest.testStartTrip(TripStatusTest.java:104)
at java.base/java.util.ArrayList.forEach(ArrayList.java:1604)
Caused by: org.openqa.selenium.NoSuchElementException: no such element: Unable to locate element: {"method":"xpath","selector":"//button[text()='Bắt đầu chuyến']"}
  (Session info: chrome=147.0.7727.138)
For documentation on this error, please visit: https://www.selenium.dev/documentation/webdriver/troubleshooting/errors#no-such-element-exception
Build info: version: '4.20.0', revision: '866c76ca80'
System info: os.name: 'Windows 11', os.arch: 'amd64', os.version: '10.0', java.version: '25.0.2'
Driver info: org.openqa.selenium.chrome.ChromeDriver
Command: [99aa9d5011ee4dc18e52a90e4347d2f9, findElement {using=xpath, value=//button[text()='Bắt đầu chuyến']}]
Capabilities {acceptInsecureCerts: false, browserName: chrome, browserVersion: 147.0.7727.138, chrome: {chromedriverVersion: 147.0.7727.117 (474cc805edd..., userDataDir: C:\Users\admin\AppData\Loca...}, fedcm:accounts: true, goog:chromeOptions: {debuggerAddress: localhost:49682}, goog:processID: 10892, networkConnectionEnabled: false, pageLoadStrategy: normal, platformName: windows, proxy: Proxy(), se:cdp: ws://localhost:49682/devtoo..., se:cdpVersion: 147.0.7727.138, setWindowRect: true, strictFileInteractability: false, timeouts: {implicit: 0, pageLoad: 300000, script: 30000}, unhandledPromptBehavior: dismiss and notify, webauthn:extension:credBlob: true, webauthn:extension:largeBlob: true, webauthn:extension:minPinLength: true, webauthn:extension:prf: true, webauthn:virtualAuthenticators: true}
Session ID: 99aa9d5011ee4dc18e52a90e4347d2f9
at org.openqa.selenium.remote.ErrorCodec.decode(ErrorCodec.java:167)
at org.openqa.selenium.remote.codec.w3c.W3CHttpResponseCodec.decode(W3CHttpResponseCodec.java:138)
at org.openqa.selenium.remote.codec.w3c.W3CHttpResponseCodec.decode(W3CHttpResponseCodec.java:50)
at org.openqa.selenium.remote.HttpCommandExecutor.execute(HttpCommandExecutor.java:190)
at org.openqa.selenium.remote.service.DriverCommandExecutor.invokeExecute(DriverCommandExecutor.java:216)
at org.openqa.selenium.remote.service.DriverCommandExecutor.execute(DriverCommandExecutor.java:174)
at org.openqa.selenium.remote.RemoteWebDriver.execute(RemoteWebDriver.java:518)
at org.openqa.selenium.remote.ElementLocation$ElementFinder$2.findElement(ElementLocation.java:165)
at org.openqa.selenium.remote.ElementLocation.findElement(ElementLocation.java:59)
at org.openqa.selenium.remote.RemoteWebDriver.findElement(RemoteWebDriver.java:355)
at org.openqa.selenium.remote.RemoteWebDriver.findElement(RemoteWebDriver.java:349)
at org.openqa.selenium.support.ui.ExpectedConditions$6.apply(ExpectedConditions.java:171)
at org.openqa.selenium.support.ui.ExpectedConditions$6.apply(ExpectedConditions.java:168)
at org.openqa.selenium.support.ui.FluentWait.until(FluentWait.java:203)
... 32 more
... Removed 32 stack frames]]>
    </failure>
  </testcase> <!-- testStartTrip -->
  <testcase classname="tests.TripStatusTest" name="testUpdateCustomerStatus" time="11.612">
    <failure type="org.openqa.selenium.TimeoutException" message="Expected condition failed: waiting for presence of any elements located by By.xpath: //select (tried for 10 second(s) with 500 milliseconds interval)
Build info: version: &amp;apos;4.20.0&amp;apos;, revision: &amp;apos;866c76ca80&amp;apos;
System info: os.name: &amp;apos;Windows 11&amp;apos;, os.arch: &amp;apos;amd64&amp;apos;, os.version: &amp;apos;10.0&amp;apos;, java.version: &amp;apos;25.0.2&amp;apos;
Driver info: org.openqa.selenium.chrome.ChromeDriver
Capabilities {acceptInsecureCerts: false, browserName: chrome, browserVersion: 147.0.7727.138, chrome: {chromedriverVersion: 147.0.7727.117 (474cc805edd..., userDataDir: C:\Users\admin\AppData\Loca...}, fedcm:accounts: true, goog:chromeOptions: {debuggerAddress: localhost:65140}, goog:processID: 18444, networkConnectionEnabled: false, pageLoadStrategy: normal, platformName: windows, proxy: Proxy(), se:cdp: ws://localhost:65140/devtoo..., se:cdpVersion: 147.0.7727.138, setWindowRect: true, strictFileInteractability: false, timeouts: {implicit: 0, pageLoad: 300000, script: 30000}, unhandledPromptBehavior: dismiss and notify, webauthn:extension:credBlob: true, webauthn:extension:largeBlob: true, webauthn:extension:minPinLength: true, webauthn:extension:prf: true, webauthn:virtualAuthenticators: true}
Session ID: 66d9e2e2a9f1bb939fb6fa9ded8e9d51">
      <![CDATA[org.openqa.selenium.TimeoutException: Expected condition failed: waiting for presence of any elements located by By.xpath: //select (tried for 10 second(s) with 500 milliseconds interval)
Build info: version: '4.20.0', revision: '866c76ca80'
System info: os.name: 'Windows 11', os.arch: 'amd64', os.version: '10.0', java.version: '25.0.2'
Driver info: org.openqa.selenium.chrome.ChromeDriver
Capabilities {acceptInsecureCerts: false, browserName: chrome, browserVersion: 147.0.7727.138, chrome: {chromedriverVersion: 147.0.7727.117 (474cc805edd..., userDataDir: C:\Users\admin\AppData\Loca...}, fedcm:accounts: true, goog:chromeOptions: {debuggerAddress: localhost:65140}, goog:processID: 18444, networkConnectionEnabled: false, pageLoadStrategy: normal, platformName: windows, proxy: Proxy(), se:cdp: ws://localhost:65140/devtoo..., se:cdpVersion: 147.0.7727.138, setWindowRect: true, strictFileInteractability: false, timeouts: {implicit: 0, pageLoad: 300000, script: 30000}, unhandledPromptBehavior: dismiss and notify, webauthn:extension:credBlob: true, webauthn:extension:largeBlob: true, webauthn:extension:minPinLength: true, webauthn:extension:prf: true, webauthn:virtualAuthenticators: true}
Session ID: 66d9e2e2a9f1bb939fb6fa9ded8e9d51
at org.openqa.selenium.support.ui.WebDriverWait.timeoutException(WebDriverWait.java:84)
at org.openqa.selenium.support.ui.FluentWait.until(FluentWait.java:228)
at pages.DriverTripDetailPage.updateCustomerStatus(DriverTripDetailPage.java:67)
at tests.TripStatusTest.testUpdateCustomerStatus(TripStatusTest.java:118)
at java.base/java.util.ArrayList.forEach(ArrayList.java:1604)
... Removed 29 stack frames]]>
    </failure>
  </testcase> <!-- testUpdateCustomerStatus -->
  <testcase classname="tests.TripStatusTest" name="testCustomerCancelled" time="11.61">
    <failure type="org.openqa.selenium.TimeoutException" message="Expected condition failed: waiting for presence of any elements located by By.xpath: //select (tried for 10 second(s) with 500 milliseconds interval)
Build info: version: &amp;apos;4.20.0&amp;apos;, revision: &amp;apos;866c76ca80&amp;apos;
System info: os.name: &amp;apos;Windows 11&amp;apos;, os.arch: &amp;apos;amd64&amp;apos;, os.version: &amp;apos;10.0&amp;apos;, java.version: &amp;apos;25.0.2&amp;apos;
Driver info: org.openqa.selenium.chrome.ChromeDriver
Capabilities {acceptInsecureCerts: false, browserName: chrome, browserVersion: 147.0.7727.138, chrome: {chromedriverVersion: 147.0.7727.117 (474cc805edd..., userDataDir: C:\Users\admin\AppData\Loca...}, fedcm:accounts: true, goog:chromeOptions: {debuggerAddress: localhost:65127}, goog:processID: 2960, networkConnectionEnabled: false, pageLoadStrategy: normal, platformName: windows, proxy: Proxy(), se:cdp: ws://localhost:65127/devtoo..., se:cdpVersion: 147.0.7727.138, setWindowRect: true, strictFileInteractability: false, timeouts: {implicit: 0, pageLoad: 300000, script: 30000}, unhandledPromptBehavior: dismiss and notify, webauthn:extension:credBlob: true, webauthn:extension:largeBlob: true, webauthn:extension:minPinLength: true, webauthn:extension:prf: true, webauthn:virtualAuthenticators: true}
Session ID: b9e1e964c872718e933e118c8f38dce3">
      <![CDATA[org.openqa.selenium.TimeoutException: Expected condition failed: waiting for presence of any elements located by By.xpath: //select (tried for 10 second(s) with 500 milliseconds interval)
Build info: version: '4.20.0', revision: '866c76ca80'
System info: os.name: 'Windows 11', os.arch: 'amd64', os.version: '10.0', java.version: '25.0.2'
Driver info: org.openqa.selenium.chrome.ChromeDriver
Capabilities {acceptInsecureCerts: false, browserName: chrome, browserVersion: 147.0.7727.138, chrome: {chromedriverVersion: 147.0.7727.117 (474cc805edd..., userDataDir: C:\Users\admin\AppData\Loca...}, fedcm:accounts: true, goog:chromeOptions: {debuggerAddress: localhost:65127}, goog:processID: 2960, networkConnectionEnabled: false, pageLoadStrategy: normal, platformName: windows, proxy: Proxy(), se:cdp: ws://localhost:65127/devtoo..., se:cdpVersion: 147.0.7727.138, setWindowRect: true, strictFileInteractability: false, timeouts: {implicit: 0, pageLoad: 300000, script: 30000}, unhandledPromptBehavior: dismiss and notify, webauthn:extension:credBlob: true, webauthn:extension:largeBlob: true, webauthn:extension:minPinLength: true, webauthn:extension:prf: true, webauthn:virtualAuthenticators: true}
Session ID: b9e1e964c872718e933e118c8f38dce3
at org.openqa.selenium.support.ui.WebDriverWait.timeoutException(WebDriverWait.java:84)
at org.openqa.selenium.support.ui.FluentWait.until(FluentWait.java:228)
at pages.DriverTripDetailPage.updateCustomerStatus(DriverTripDetailPage.java:67)
at tests.TripStatusTest.testCustomerCancelled(TripStatusTest.java:132)
at java.base/java.util.ArrayList.forEach(ArrayList.java:1604)
... Removed 29 stack frames]]>
    </failure>
  </testcase> <!-- testCustomerCancelled -->
  <testcase classname="tests.TripStatusTest" name="testDisableCompleteTripIfCustomersPending" time="1.888"/>
  <testcase classname="tests.TripStatusTest" name="testCancelIncidentReport" time="12.064"/>
  <testcase classname="tests.TripStatusTest" name="testReportIncident" time="12.129">
    <failure type="org.openqa.selenium.TimeoutException" message="Expected condition failed: waiting for visibility of element located by By.xpath: //div[contains(@style, &amp;apos;background: #DCFCE7&amp;apos;) or contains(@style, &amp;apos;rgb(220, 252, 231)&amp;apos;)] (tried for 10 second(s) with 500 milliseconds interval)
Build info: version: &amp;apos;4.20.0&amp;apos;, revision: &amp;apos;866c76ca80&amp;apos;
System info: os.name: &amp;apos;Windows 11&amp;apos;, os.arch: &amp;apos;amd64&amp;apos;, os.version: &amp;apos;10.0&amp;apos;, java.version: &amp;apos;25.0.2&amp;apos;
Driver info: org.openqa.selenium.chrome.ChromeDriver
Capabilities {acceptInsecureCerts: false, browserName: chrome, browserVersion: 147.0.7727.138, chrome: {chromedriverVersion: 147.0.7727.117 (474cc805edd..., userDataDir: C:\Users\admin\AppData\Loca...}, fedcm:accounts: true, goog:chromeOptions: {debuggerAddress: localhost:53626}, goog:processID: 1668, networkConnectionEnabled: false, pageLoadStrategy: normal, platformName: windows, proxy: Proxy(), se:cdp: ws://localhost:53626/devtoo..., se:cdpVersion: 147.0.7727.138, setWindowRect: true, strictFileInteractability: false, timeouts: {implicit: 0, pageLoad: 300000, script: 30000}, unhandledPromptBehavior: dismiss and notify, webauthn:extension:credBlob: true, webauthn:extension:largeBlob: true, webauthn:extension:minPinLength: true, webauthn:extension:prf: true, webauthn:virtualAuthenticators: true}
Session ID: 4898db728664bb095b51fa5bf9a771c1">
      <![CDATA[org.openqa.selenium.TimeoutException: Expected condition failed: waiting for visibility of element located by By.xpath: //div[contains(@style, 'background: #DCFCE7') or contains(@style, 'rgb(220, 252, 231)')] (tried for 10 second(s) with 500 milliseconds interval)
Build info: version: '4.20.0', revision: '866c76ca80'
System info: os.name: 'Windows 11', os.arch: 'amd64', os.version: '10.0', java.version: '25.0.2'
Driver info: org.openqa.selenium.chrome.ChromeDriver
Capabilities {acceptInsecureCerts: false, browserName: chrome, browserVersion: 147.0.7727.138, chrome: {chromedriverVersion: 147.0.7727.117 (474cc805edd..., userDataDir: C:\Users\admin\AppData\Loca...}, fedcm:accounts: true, goog:chromeOptions: {debuggerAddress: localhost:53626}, goog:processID: 1668, networkConnectionEnabled: false, pageLoadStrategy: normal, platformName: windows, proxy: Proxy(), se:cdp: ws://localhost:53626/devtoo..., se:cdpVersion: 147.0.7727.138, setWindowRect: true, strictFileInteractability: false, timeouts: {implicit: 0, pageLoad: 300000, script: 30000}, unhandledPromptBehavior: dismiss and notify, webauthn:extension:credBlob: true, webauthn:extension:largeBlob: true, webauthn:extension:minPinLength: true, webauthn:extension:prf: true, webauthn:virtualAuthenticators: true}
Session ID: 4898db728664bb095b51fa5bf9a771c1
at org.openqa.selenium.support.ui.WebDriverWait.timeoutException(WebDriverWait.java:84)
at org.openqa.selenium.support.ui.FluentWait.until(FluentWait.java:228)
at pages.DriverTripDetailPage.getSuccessMessageText(DriverTripDetailPage.java:122)
at tests.TripStatusTest.testReportIncident(TripStatusTest.java:167)
at java.base/java.util.ArrayList.forEach(ArrayList.java:1604)
... Removed 29 stack frames]]>
    </failure>
  </testcase> <!-- testReportIncident -->
  <testcase classname="tests.TripStatusTest" name="testCompleteTrip" time="11.536">
    <failure type="org.openqa.selenium.TimeoutException" message="Expected condition failed: waiting for presence of any elements located by By.xpath: //select (tried for 10 second(s) with 500 milliseconds interval)
Build info: version: &amp;apos;4.20.0&amp;apos;, revision: &amp;apos;866c76ca80&amp;apos;
System info: os.name: &amp;apos;Windows 11&amp;apos;, os.arch: &amp;apos;amd64&amp;apos;, os.version: &amp;apos;10.0&amp;apos;, java.version: &amp;apos;25.0.2&amp;apos;
Driver info: org.openqa.selenium.chrome.ChromeDriver
Capabilities {acceptInsecureCerts: false, browserName: chrome, browserVersion: 147.0.7727.138, chrome: {chromedriverVersion: 147.0.7727.117 (474cc805edd..., userDataDir: C:\Users\admin\AppData\Loca...}, fedcm:accounts: true, goog:chromeOptions: {debuggerAddress: localhost:55448}, goog:processID: 5712, networkConnectionEnabled: false, pageLoadStrategy: normal, platformName: windows, proxy: Proxy(), se:cdp: ws://localhost:55448/devtoo..., se:cdpVersion: 147.0.7727.138, setWindowRect: true, strictFileInteractability: false, timeouts: {implicit: 0, pageLoad: 300000, script: 30000}, unhandledPromptBehavior: dismiss and notify, webauthn:extension:credBlob: true, webauthn:extension:largeBlob: true, webauthn:extension:minPinLength: true, webauthn:extension:prf: true, webauthn:virtualAuthenticators: true}
Session ID: 837a82c1a52b487d678bdd6b425d75a2">
      <![CDATA[org.openqa.selenium.TimeoutException: Expected condition failed: waiting for presence of any elements located by By.xpath: //select (tried for 10 second(s) with 500 milliseconds interval)
Build info: version: '4.20.0', revision: '866c76ca80'
System info: os.name: 'Windows 11', os.arch: 'amd64', os.version: '10.0', java.version: '25.0.2'
Driver info: org.openqa.selenium.chrome.ChromeDriver
Capabilities {acceptInsecureCerts: false, browserName: chrome, browserVersion: 147.0.7727.138, chrome: {chromedriverVersion: 147.0.7727.117 (474cc805edd..., userDataDir: C:\Users\admin\AppData\Loca...}, fedcm:accounts: true, goog:chromeOptions: {debuggerAddress: localhost:55448}, goog:processID: 5712, networkConnectionEnabled: false, pageLoadStrategy: normal, platformName: windows, proxy: Proxy(), se:cdp: ws://localhost:55448/devtoo..., se:cdpVersion: 147.0.7727.138, setWindowRect: true, strictFileInteractability: false, timeouts: {implicit: 0, pageLoad: 300000, script: 30000}, unhandledPromptBehavior: dismiss and notify, webauthn:extension:credBlob: true, webauthn:extension:largeBlob: true, webauthn:extension:minPinLength: true, webauthn:extension:prf: true, webauthn:virtualAuthenticators: true}
Session ID: 837a82c1a52b487d678bdd6b425d75a2
at org.openqa.selenium.support.ui.WebDriverWait.timeoutException(WebDriverWait.java:84)
at org.openqa.selenium.support.ui.FluentWait.until(FluentWait.java:228)
at pages.DriverTripDetailPage.updateCustomerStatus(DriverTripDetailPage.java:67)
at tests.TripStatusTest.testCompleteTrip(TripStatusTest.java:177)
at java.base/java.util.ArrayList.forEach(ArrayList.java:1604)
... Removed 29 stack frames]]>
    </failure>
  </testcase> <!-- testCompleteTrip -->
  <testcase classname="tests.TripStatusTest" name="testNetworkErrorOnUpdate" time="0.0"/>
  <testcase classname="tests.UC07_2_CustomerListTest" name="testViewCustomerList" time="12.643"/>
  <testcase classname="tests.UC07_2_CustomerListTest" name="testCustomerInfoFields" time="103.184"/>
  <testcase classname="tests.UC07_2_CustomerListTest" name="testCustomerOrder" time="13.167"/>
  <testcase classname="tests.UC07_2_CustomerListTest" name="testSyncWithRouteMap" time="3.092"/>
  <testcase classname="tests.UC07_2_CustomerListTest" name="testHighlightOnMapInteraction" time="3.055"/>
  <testcase classname="tests.UC07_2_CustomerListTest" name="testNoAssignedTrip" time="0.0"/>
  <testcase classname="tests.UC07_2_CustomerListTest" name="testAutoUpdateOnDataChange" time="12.607"/>
  <testcase classname="tests.UC07_2_CustomerListTest" name="testErrorLoadingCustomerList" time="2.091"/>
  <testcase classname="tests.UC07_2_CustomerListTest" name="testReadOnlyCustomerList" time="12.108"/>
  <testcase classname="tests.UC07_2_CustomerListTest" name="testCustomerStatusIndicators" time="12.591"/>
</testsuite> <!-- UI Automation Tests -->
