<?xml version="1.0" encoding="UTF-8"?>
<!-- Generated by org.testng.reporters.JUnitXMLReporter -->
<testsuite ignored="0" hostname="LAPTOP-7RU7KKB4" failures="13" tests="55" name="UI Automation Tests" time="535.748" errors="0" timestamp="2026-05-02T21:36:57 GMT+07:00">
  <testcase classname="tests.DieuChinhLoTrinhTest" name="testAccessAdjustRouteFunction" time="3.151"/>
  <testcase classname="tests.DieuChinhLoTrinhTest" name="testSelectRouteToAdjust" time="2.172"/>
  <testcase classname="tests.DieuChinhLoTrinhTest" name="testChangeInfoAndConfirm" time="11.797">
    <skipped/>
  </testcase> <!-- testChangeInfoAndConfirm -->
  <testcase classname="tests.DieuChinhLoTrinhTest" name="testCancelAfterWarning" time="11.772">
    <skipped/>
  </testcase> <!-- testCancelAfterWarning -->
  <testcase classname="tests.DieuChinhLoTrinhTest" name="testCancelEditRoute" time="4.168"/>
  <testcase classname="tests.DieuChinhLoTrinhTest" name="testPastTimeInProgressRoute" time="11.785">
    <skipped/>
  </testcase> <!-- testPastTimeInProgressRoute -->
  <testcase classname="tests.DieuChinhLoTrinhTest" name="testValidTimePendingRoute" time="6.727"/>
  <testcase classname="tests.DieuChinhLoTrinhTest" name="testChangeDriver" time="3.927">
    <failure type="java.lang.AssertionError" message="Theo thiết kế phần mềm hiện tại, chức năng thay đổi tài xế không được hỗ trợ tại trang Điều chỉnh lộ trình (Input bị readOnly). Test case failed theo requirement.">
      <![CDATA[java.lang.AssertionError: Theo thiết kế phần mềm hiện tại, chức năng thay đổi tài xế không được hỗ trợ tại trang Điều chỉnh lộ trình (Input bị readOnly). Test case failed theo requirement.
at tests.DieuChinhLoTrinhTest.testChangeDriver(DieuChinhLoTrinhTest.java:173)
at java.base/java.util.ArrayList.forEach(ArrayList.java:1604)
... Removed 30 stack frames]]>
    </failure>
  </testcase> <!-- testChangeDriver -->
  <testcase classname="tests.DieuChinhLoTrinhTest" name="testPastTimePendingRoute" time="4.028"/>
  <testcase classname="tests.DieuChinhLoTrinhTest" name="testValidTimeInProgressRoute" time="11.751">
    <skipped/>
  </testcase> <!-- testValidTimeInProgressRoute -->
  <testcase classname="tests.DieuChinhLoTrinhTest" name="testCannotEditCompletedRoute" time="4.004"/>
  <testcase classname="tests.DieuChinhLoTrinhTest" name="testSearchByRouteCode" time="12.793">
    <failure type="java.lang.AssertionError" message="Không tìm thấy kết quả nào cho mã lộ trình: LT00 expected [true] but found [false]">
      <![CDATA[java.lang.AssertionError: Không tìm thấy kết quả nào cho mã lộ trình: LT00 expected [true] but found [false]
at tests.DieuChinhLoTrinhTest.testSearchByRouteCode(DieuChinhLoTrinhTest.java:228)
at java.base/java.util.ArrayList.forEach(ArrayList.java:1604)
... Removed 32 stack frames]]>
    </failure>
  </testcase> <!-- testSearchByRouteCode -->
  <testcase classname="tests.DieuChinhLoTrinhTest" name="testSearchByVehiclePlate" time="12.814"/>
  <testcase classname="tests.DieuChinhLoTrinhTest" name="testSearchByDriverName" time="2.832"/>
  <testcase classname="tests.DieuChinhLoTrinhTest" name="testSearchByNonExistentKeyword" time="12.82"/>
  <testcase classname="tests.DieuChinhLoTrinhTest" name="testClearSearchKeyword" time="3.867"/>
  <testcase classname="tests.TC_UC07_1_01" name="testOpenRouteList" time="1.568"/>
  <testcase classname="tests.TC_UC07_1_02" name="testViewRouteDetail" time="2.149"/>
  <testcase classname="tests.TC_UC07_1_03" name="testShowStops" time="26.672">
    <failure type="org.openqa.selenium.TimeoutException" message="Expected condition failed: waiting for tests.TC_UC07_1_03$$Lambda/0x000000009a259970@1f42366 (tried for 20 second(s) with 500 milliseconds interval)
Build info: version: &amp;apos;4.29.0&amp;apos;, revision: &amp;apos;5fc1ec94cb&amp;apos;
System info: os.name: &amp;apos;Windows 11&amp;apos;, os.arch: &amp;apos;amd64&amp;apos;, os.version: &amp;apos;10.0&amp;apos;, java.version: &amp;apos;25.0.2&amp;apos;
Driver info: org.openqa.selenium.chrome.ChromeDriver
Capabilities {acceptInsecureCerts: false, browserName: chrome, browserVersion: 147.0.7727.138, chrome: {chromedriverVersion: 147.0.7727.117 (474cc805edd..., userDataDir: C:\Users\admin\AppData\Loca...}, fedcm:accounts: true, goog:chromeOptions: {debuggerAddress: localhost:64759}, goog:processID: 28488, networkConnectionEnabled: false, pageLoadStrategy: normal, platformName: windows, proxy: Proxy(), se:cdp: ws://localhost:64759/devtoo..., se:cdpVersion: 147.0.7727.138, setWindowRect: true, strictFileInteractability: false, timeouts: {implicit: 0, pageLoad: 300000, script: 30000}, unhandledPromptBehavior: dismiss and notify, webauthn:extension:credBlob: true, webauthn:extension:largeBlob: true, webauthn:extension:minPinLength: true, webauthn:extension:prf: true, webauthn:virtualAuthenticators: true}
Session ID: 2c18d7e89a6a72d4f1c309eef34673e2">
      <![CDATA[org.openqa.selenium.TimeoutException: Expected condition failed: waiting for tests.TC_UC07_1_03$$Lambda/0x000000009a259970@1f42366 (tried for 20 second(s) with 500 milliseconds interval)
Build info: version: '4.29.0', revision: '5fc1ec94cb'
System info: os.name: 'Windows 11', os.arch: 'amd64', os.version: '10.0', java.version: '25.0.2'
Driver info: org.openqa.selenium.chrome.ChromeDriver
Capabilities {acceptInsecureCerts: false, browserName: chrome, browserVersion: 147.0.7727.138, chrome: {chromedriverVersion: 147.0.7727.117 (474cc805edd..., userDataDir: C:\Users\admin\AppData\Loca...}, fedcm:accounts: true, goog:chromeOptions: {debuggerAddress: localhost:64759}, goog:processID: 28488, networkConnectionEnabled: false, pageLoadStrategy: normal, platformName: windows, proxy: Proxy(), se:cdp: ws://localhost:64759/devtoo..., se:cdpVersion: 147.0.7727.138, setWindowRect: true, strictFileInteractability: false, timeouts: {implicit: 0, pageLoad: 300000, script: 30000}, unhandledPromptBehavior: dismiss and notify, webauthn:extension:credBlob: true, webauthn:extension:largeBlob: true, webauthn:extension:minPinLength: true, webauthn:extension:prf: true, webauthn:virtualAuthenticators: true}
Session ID: 2c18d7e89a6a72d4f1c309eef34673e2
at org.openqa.selenium.support.ui.WebDriverWait.timeoutException(WebDriverWait.java:84)
at org.openqa.selenium.support.ui.FluentWait.until(FluentWait.java:228)
at tests.TC_UC07_1_03.testShowStops(TC_UC07_1_03.java:46)
at java.base/java.util.ArrayList.forEach(ArrayList.java:1604)
... Removed 29 stack frames]]>
    </failure>
  </testcase> <!-- testShowStops -->
  <testcase classname="tests.TC_UC07_1_04" name="testUpdateStopStatus" time="2.188">
    <failure type="org.openqa.selenium.NoSuchElementException" message="no such element: Unable to locate element: {&amp;quot;method&amp;quot;:&amp;quot;xpath&amp;quot;,&amp;quot;selector&amp;quot;:&amp;quot;//button[contains(text(), &amp;apos;Cập nhật&amp;apos;)] | //input[@type=&amp;apos;checkbox&amp;apos;]&amp;quot;}
  (Session info: chrome=147.0.7727.138)
For documentation on this error, please visit: https://www.selenium.dev/documentation/webdriver/troubleshooting/errors#no-such-element-exception
Build info: version: &amp;apos;4.29.0&amp;apos;, revision: &amp;apos;5fc1ec94cb&amp;apos;
System info: os.name: &amp;apos;Windows 11&amp;apos;, os.arch: &amp;apos;amd64&amp;apos;, os.version: &amp;apos;10.0&amp;apos;, java.version: &amp;apos;25.0.2&amp;apos;
Driver info: org.openqa.selenium.chrome.ChromeDriver
Command: [939374e8a0876ce01e98d6402e21a26f, findElement {value=//button[contains(text(), &amp;apos;Cập nhật&amp;apos;)] | //input[@type=&amp;apos;checkbox&amp;apos;], using=xpath}]
Capabilities {acceptInsecureCerts: false, browserName: chrome, browserVersion: 147.0.7727.138, chrome: {chromedriverVersion: 147.0.7727.117 (474cc805edd..., userDataDir: C:\Users\admin\AppData\Loca...}, fedcm:accounts: true, goog:chromeOptions: {debuggerAddress: localhost:51594}, goog:processID: 31480, networkConnectionEnabled: false, pageLoadStrategy: normal, platformName: windows, proxy: Proxy(), se:cdp: ws://localhost:51594/devtoo..., se:cdpVersion: 147.0.7727.138, setWindowRect: true, strictFileInteractability: false, timeouts: {implicit: 0, pageLoad: 300000, script: 30000}, unhandledPromptBehavior: dismiss and notify, webauthn:extension:credBlob: true, webauthn:extension:largeBlob: true, webauthn:extension:minPinLength: true, webauthn:extension:prf: true, webauthn:virtualAuthenticators: true}
Session ID: 939374e8a0876ce01e98d6402e21a26f">
      <![CDATA[org.openqa.selenium.NoSuchElementException: no such element: Unable to locate element: {"method":"xpath","selector":"//button[contains(text(), 'Cập nhật')] | //input[@type='checkbox']"}
  (Session info: chrome=147.0.7727.138)
For documentation on this error, please visit: https://www.selenium.dev/documentation/webdriver/troubleshooting/errors#no-such-element-exception
Build info: version: '4.29.0', revision: '5fc1ec94cb'
System info: os.name: 'Windows 11', os.arch: 'amd64', os.version: '10.0', java.version: '25.0.2'
Driver info: org.openqa.selenium.chrome.ChromeDriver
Command: [939374e8a0876ce01e98d6402e21a26f, findElement {value=//button[contains(text(), 'Cập nhật')] | //input[@type='checkbox'], using=xpath}]
Capabilities {acceptInsecureCerts: false, browserName: chrome, browserVersion: 147.0.7727.138, chrome: {chromedriverVersion: 147.0.7727.117 (474cc805edd..., userDataDir: C:\Users\admin\AppData\Loca...}, fedcm:accounts: true, goog:chromeOptions: {debuggerAddress: localhost:51594}, goog:processID: 31480, networkConnectionEnabled: false, pageLoadStrategy: normal, platformName: windows, proxy: Proxy(), se:cdp: ws://localhost:51594/devtoo..., se:cdpVersion: 147.0.7727.138, setWindowRect: true, strictFileInteractability: false, timeouts: {implicit: 0, pageLoad: 300000, script: 30000}, unhandledPromptBehavior: dismiss and notify, webauthn:extension:credBlob: true, webauthn:extension:largeBlob: true, webauthn:extension:minPinLength: true, webauthn:extension:prf: true, webauthn:virtualAuthenticators: true}
Session ID: 939374e8a0876ce01e98d6402e21a26f
at org.openqa.selenium.remote.ErrorCodec.decode(ErrorCodec.java:167)
at org.openqa.selenium.remote.codec.w3c.W3CHttpResponseCodec.decode(W3CHttpResponseCodec.java:138)
at org.openqa.selenium.remote.codec.w3c.W3CHttpResponseCodec.decode(W3CHttpResponseCodec.java:50)
at org.openqa.selenium.remote.HttpCommandExecutor.execute(HttpCommandExecutor.java:215)
at org.openqa.selenium.remote.service.DriverCommandExecutor.invokeExecute(DriverCommandExecutor.java:216)
at org.openqa.selenium.remote.service.DriverCommandExecutor.execute(DriverCommandExecutor.java:174)
at org.openqa.selenium.remote.RemoteWebDriver.execute(RemoteWebDriver.java:545)
at org.openqa.selenium.remote.ElementLocation$ElementFinder$2.findElement(ElementLocation.java:165)
at org.openqa.selenium.remote.ElementLocation.findElement(ElementLocation.java:59)
at org.openqa.selenium.remote.RemoteWebDriver.findElement(RemoteWebDriver.java:368)
at org.openqa.selenium.remote.RemoteWebDriver.findElement(RemoteWebDriver.java:362)
at tests.TC_UC07_1_04.testUpdateStopStatus(TC_UC07_1_04.java:41)
at java.base/java.util.ArrayList.forEach(ArrayList.java:1604)
... Removed 32 stack frames]]>
    </failure>
  </testcase> <!-- testUpdateStopStatus -->
  <testcase classname="tests.TC_UC07_1_05" name="testDriverPermissions" time="1.683"/>
  <testcase classname="tests.TC_UC07_1_06" name="testStopSequence" time="16.807">
    <failure type="org.openqa.selenium.TimeoutException" message="Expected condition failed: waiting for visibility of all elements located by By.xpath: //*[contains(@class, &amp;apos;sequence&amp;apos;) or contains(text(), &amp;apos;1&amp;apos;) or contains(text(), &amp;apos;2&amp;apos;)] (tried for 15 second(s) with 500 milliseconds interval)
Build info: version: &amp;apos;4.29.0&amp;apos;, revision: &amp;apos;5fc1ec94cb&amp;apos;
System info: os.name: &amp;apos;Windows 11&amp;apos;, os.arch: &amp;apos;amd64&amp;apos;, os.version: &amp;apos;10.0&amp;apos;, java.version: &amp;apos;25.0.2&amp;apos;
Driver info: org.openqa.selenium.chrome.ChromeDriver
Capabilities {acceptInsecureCerts: false, browserName: chrome, browserVersion: 147.0.7727.138, chrome: {chromedriverVersion: 147.0.7727.117 (474cc805edd..., userDataDir: C:\Users\admin\AppData\Loca...}, fedcm:accounts: true, goog:chromeOptions: {debuggerAddress: localhost:51908}, goog:processID: 19760, networkConnectionEnabled: false, pageLoadStrategy: normal, platformName: windows, proxy: Proxy(), se:cdp: ws://localhost:51908/devtoo..., se:cdpVersion: 147.0.7727.138, setWindowRect: true, strictFileInteractability: false, timeouts: {implicit: 0, pageLoad: 300000, script: 30000}, unhandledPromptBehavior: dismiss and notify, webauthn:extension:credBlob: true, webauthn:extension:largeBlob: true, webauthn:extension:minPinLength: true, webauthn:extension:prf: true, webauthn:virtualAuthenticators: true}
Session ID: cf148f7b4b845ea4517ffb6eb86ab3e4">
      <![CDATA[org.openqa.selenium.TimeoutException: Expected condition failed: waiting for visibility of all elements located by By.xpath: //*[contains(@class, 'sequence') or contains(text(), '1') or contains(text(), '2')] (tried for 15 second(s) with 500 milliseconds interval)
Build info: version: '4.29.0', revision: '5fc1ec94cb'
System info: os.name: 'Windows 11', os.arch: 'amd64', os.version: '10.0', java.version: '25.0.2'
Driver info: org.openqa.selenium.chrome.ChromeDriver
Capabilities {acceptInsecureCerts: false, browserName: chrome, browserVersion: 147.0.7727.138, chrome: {chromedriverVersion: 147.0.7727.117 (474cc805edd..., userDataDir: C:\Users\admin\AppData\Loca...}, fedcm:accounts: true, goog:chromeOptions: {debuggerAddress: localhost:51908}, goog:processID: 19760, networkConnectionEnabled: false, pageLoadStrategy: normal, platformName: windows, proxy: Proxy(), se:cdp: ws://localhost:51908/devtoo..., se:cdpVersion: 147.0.7727.138, setWindowRect: true, strictFileInteractability: false, timeouts: {implicit: 0, pageLoad: 300000, script: 30000}, unhandledPromptBehavior: dismiss and notify, webauthn:extension:credBlob: true, webauthn:extension:largeBlob: true, webauthn:extension:minPinLength: true, webauthn:extension:prf: true, webauthn:virtualAuthenticators: true}
Session ID: cf148f7b4b845ea4517ffb6eb86ab3e4
at org.openqa.selenium.support.ui.WebDriverWait.timeoutException(WebDriverWait.java:84)
at org.openqa.selenium.support.ui.FluentWait.until(FluentWait.java:228)
at tests.TC_UC07_1_06.testStopSequence(TC_UC07_1_06.java:35)
at java.base/java.util.ArrayList.forEach(ArrayList.java:1604)
... Removed 29 stack frames]]>
    </failure>
  </testcase> <!-- testStopSequence -->
  <testcase classname="tests.TheoDoiTrangThaiTrungChuyenTest" name="testAccessTrackStatusFunction" time="1.764"/>
  <testcase classname="tests.TheoDoiTrangThaiTrungChuyenTest" name="testViewRouteDetails" time="2.137"/>
  <testcase classname="tests.TheoDoiTrangThaiTrungChuyenTest" name="testTrackPendingRoute" time="2.941"/>
  <testcase classname="tests.TheoDoiTrangThaiTrungChuyenTest" name="testTrackRunningRoute" time="11.768">
    <skipped/>
  </testcase> <!-- testTrackRunningRoute -->
  <testcase classname="tests.TheoDoiTrangThaiTrungChuyenTest" name="testTrackCompletedRoute" time="23.976">
    <failure type="java.lang.AssertionError" message="Lỗi UI: Lộ trình đã hoàn thành nhưng không hiển thị vị trí cuối cùng là &amp;apos;Đã trả khách&amp;apos;! expected [true] but found [false]">
      <![CDATA[java.lang.AssertionError: Lỗi UI: Lộ trình đã hoàn thành nhưng không hiển thị vị trí cuối cùng là 'Đã trả khách'! expected [true] but found [false]
at tests.TheoDoiTrangThaiTrungChuyenTest.testTrackCompletedRoute(TheoDoiTrangThaiTrungChuyenTest.java:108)
at java.base/java.util.ArrayList.forEach(ArrayList.java:1604)
... Removed 32 stack frames]]>
    </failure>
  </testcase> <!-- testTrackCompletedRoute -->
  <testcase classname="tests.TheoDoiTrangThaiTrungChuyenTest" name="testGPSRealTimeUpdate" time="11.75">
    <skipped/>
  </testcase> <!-- testGPSRealTimeUpdate -->
  <testcase classname="tests.TheoDoiTrangThaiTrungChuyenTest" name="testSearchByRouteCode" time="12.769">
    <failure type="java.lang.AssertionError" message="Không tìm thấy kết quả nào cho mã lộ trình: LT001 expected [true] but found [false]">
      <![CDATA[java.lang.AssertionError: Không tìm thấy kết quả nào cho mã lộ trình: LT001 expected [true] but found [false]
at tests.TheoDoiTrangThaiTrungChuyenTest.testSearchByRouteCode(TheoDoiTrangThaiTrungChuyenTest.java:118)
at java.base/java.util.ArrayList.forEach(ArrayList.java:1604)
... Removed 32 stack frames]]>
    </failure>
  </testcase> <!-- testSearchByRouteCode -->
  <testcase classname="tests.TheoDoiTrangThaiTrungChuyenTest" name="testSearchByVehiclePlate" time="12.8"/>
  <testcase classname="tests.TheoDoiTrangThaiTrungChuyenTest" name="testSearchByDriverName" time="2.778"/>
  <testcase classname="tests.TheoDoiTrangThaiTrungChuyenTest" name="testSearchByNonExistentKeyword" time="12.804"/>
  <testcase classname="tests.TheoDoiTrangThaiTrungChuyenTest" name="testClearSearchKeyword" time="3.848"/>
  <testcase classname="tests.TripStatusTest" name="testOpenRejectTripForm" time="1.626"/>
  <testcase classname="tests.TripStatusTest" name="testCancelRejectTrip" time="12.891"/>
  <testcase classname="tests.TripStatusTest" name="testSubmitRejectTripSuccessfully" time="13.381">
    <failure type="java.lang.AssertionError" message="Popup Từ chối không đóng lại sau khi gửi! expected [true] but found [false]">
      <![CDATA[java.lang.AssertionError: Popup Từ chối không đóng lại sau khi gửi! expected [true] but found [false]
at tests.TripStatusTest.testSubmitRejectTripSuccessfully(TripStatusTest.java:74)
at java.base/java.util.ArrayList.forEach(ArrayList.java:1604)
... Removed 32 stack frames]]>
    </failure>
  </testcase> <!-- testSubmitRejectTripSuccessfully -->
  <testcase classname="tests.TripStatusTest" name="testDisableActionsBeforeStartingTrip" time="2.078"/>
  <testcase classname="tests.TripStatusTest" name="testStartTrip" time="3.346"/>
  <testcase classname="tests.TripStatusTest" name="testUpdateCustomerStatus" time="3.803">
    <failure type="java.lang.UnsupportedOperationException" message="You may not select an option in disabled select">
      <![CDATA[java.lang.UnsupportedOperationException: You may not select an option in disabled select
at org.openqa.selenium.support.ui.Select.assertSelectIsEnabled(Select.java:431)
at org.openqa.selenium.support.ui.Select.selectByVisibleText(Select.java:125)
at pages.DriverTripDetailPage.updateCustomerStatus(DriverTripDetailPage.java:70)
at tests.TripStatusTest.testUpdateCustomerStatus(TripStatusTest.java:123)
at java.base/java.util.ArrayList.forEach(ArrayList.java:1604)
... Removed 29 stack frames]]>
    </failure>
  </testcase> <!-- testUpdateCustomerStatus -->
  <testcase classname="tests.TripStatusTest" name="testCustomerCancelled" time="12.023">
    <failure type="org.openqa.selenium.NoSuchElementException" message="Cannot locate option with text: Hủy
For documentation on this error, please visit: https://www.selenium.dev/documentation/webdriver/troubleshooting/errors#no-such-element-exception
Build info: version: &amp;apos;4.29.0&amp;apos;, revision: &amp;apos;5fc1ec94cb&amp;apos;
System info: os.name: &amp;apos;Windows 11&amp;apos;, os.arch: &amp;apos;amd64&amp;apos;, os.version: &amp;apos;10.0&amp;apos;, java.version: &amp;apos;25.0.2&amp;apos;
Driver info: driver.version: unknown">
      <![CDATA[org.openqa.selenium.NoSuchElementException: Cannot locate option with text: Hủy
For documentation on this error, please visit: https://www.selenium.dev/documentation/webdriver/troubleshooting/errors#no-such-element-exception
Build info: version: '4.29.0', revision: '5fc1ec94cb'
System info: os.name: 'Windows 11', os.arch: 'amd64', os.version: '10.0', java.version: '25.0.2'
Driver info: driver.version: unknown
at org.openqa.selenium.support.ui.Select.selectByVisibleText(Select.java:167)
at pages.DriverTripDetailPage.updateCustomerStatus(DriverTripDetailPage.java:70)
at tests.TripStatusTest.testCustomerCancelled(TripStatusTest.java:132)
at java.base/java.util.ArrayList.forEach(ArrayList.java:1604)
... Removed 29 stack frames]]>
    </failure>
  </testcase> <!-- testCustomerCancelled -->
  <testcase classname="tests.TripStatusTest" name="testDisableCompleteTripIfCustomersPending" time="1.995"/>
  <testcase classname="tests.TripStatusTest" name="testCancelIncidentReport" time="12.188"/>
  <testcase classname="tests.TripStatusTest" name="testReportIncident" time="12.236">
    <failure type="org.openqa.selenium.TimeoutException" message="Expected condition failed: waiting for visibility of element located by By.xpath: //div[contains(@style, &amp;apos;background: #DCFCE7&amp;apos;) or contains(@style, &amp;apos;rgb(220, 252, 231)&amp;apos;)] (tried for 10 second(s) with 500 milliseconds interval)
Build info: version: &amp;apos;4.29.0&amp;apos;, revision: &amp;apos;5fc1ec94cb&amp;apos;
System info: os.name: &amp;apos;Windows 11&amp;apos;, os.arch: &amp;apos;amd64&amp;apos;, os.version: &amp;apos;10.0&amp;apos;, java.version: &amp;apos;25.0.2&amp;apos;
Driver info: org.openqa.selenium.chrome.ChromeDriver
Capabilities {acceptInsecureCerts: false, browserName: chrome, browserVersion: 147.0.7727.138, chrome: {chromedriverVersion: 147.0.7727.117 (474cc805edd..., userDataDir: C:\Users\admin\AppData\Loca...}, fedcm:accounts: true, goog:chromeOptions: {debuggerAddress: localhost:61838}, goog:processID: 2868, networkConnectionEnabled: false, pageLoadStrategy: normal, platformName: windows, proxy: Proxy(), se:cdp: ws://localhost:61838/devtoo..., se:cdpVersion: 147.0.7727.138, setWindowRect: true, strictFileInteractability: false, timeouts: {implicit: 0, pageLoad: 300000, script: 30000}, unhandledPromptBehavior: dismiss and notify, webauthn:extension:credBlob: true, webauthn:extension:largeBlob: true, webauthn:extension:minPinLength: true, webauthn:extension:prf: true, webauthn:virtualAuthenticators: true}
Session ID: 3edb71cc5fbe0a6587fa571f50ad67f0">
      <![CDATA[org.openqa.selenium.TimeoutException: Expected condition failed: waiting for visibility of element located by By.xpath: //div[contains(@style, 'background: #DCFCE7') or contains(@style, 'rgb(220, 252, 231)')] (tried for 10 second(s) with 500 milliseconds interval)
Build info: version: '4.29.0', revision: '5fc1ec94cb'
System info: os.name: 'Windows 11', os.arch: 'amd64', os.version: '10.0', java.version: '25.0.2'
Driver info: org.openqa.selenium.chrome.ChromeDriver
Capabilities {acceptInsecureCerts: false, browserName: chrome, browserVersion: 147.0.7727.138, chrome: {chromedriverVersion: 147.0.7727.117 (474cc805edd..., userDataDir: C:\Users\admin\AppData\Loca...}, fedcm:accounts: true, goog:chromeOptions: {debuggerAddress: localhost:61838}, goog:processID: 2868, networkConnectionEnabled: false, pageLoadStrategy: normal, platformName: windows, proxy: Proxy(), se:cdp: ws://localhost:61838/devtoo..., se:cdpVersion: 147.0.7727.138, setWindowRect: true, strictFileInteractability: false, timeouts: {implicit: 0, pageLoad: 300000, script: 30000}, unhandledPromptBehavior: dismiss and notify, webauthn:extension:credBlob: true, webauthn:extension:largeBlob: true, webauthn:extension:minPinLength: true, webauthn:extension:prf: true, webauthn:virtualAuthenticators: true}
Session ID: 3edb71cc5fbe0a6587fa571f50ad67f0
at org.openqa.selenium.support.ui.WebDriverWait.timeoutException(WebDriverWait.java:84)
at org.openqa.selenium.support.ui.FluentWait.until(FluentWait.java:228)
at pages.DriverTripDetailPage.getSuccessMessageText(DriverTripDetailPage.java:122)
at tests.TripStatusTest.testReportIncident(TripStatusTest.java:167)
at java.base/java.util.ArrayList.forEach(ArrayList.java:1604)
... Removed 29 stack frames]]>
    </failure>
  </testcase> <!-- testReportIncident -->
  <testcase classname="tests.TripStatusTest" name="testCompleteTrip" time="12.575">
    <failure type="org.openqa.selenium.TimeoutException" message="Expected condition failed: waiting for visibility of element located by By.xpath: //div[contains(@style, &amp;apos;background: #DCFCE7&amp;apos;) or contains(@style, &amp;apos;rgb(220, 252, 231)&amp;apos;)] (tried for 10 second(s) with 500 milliseconds interval)
Build info: version: &amp;apos;4.29.0&amp;apos;, revision: &amp;apos;5fc1ec94cb&amp;apos;
System info: os.name: &amp;apos;Windows 11&amp;apos;, os.arch: &amp;apos;amd64&amp;apos;, os.version: &amp;apos;10.0&amp;apos;, java.version: &amp;apos;25.0.2&amp;apos;
Driver info: org.openqa.selenium.chrome.ChromeDriver
Capabilities {acceptInsecureCerts: false, browserName: chrome, browserVersion: 147.0.7727.138, chrome: {chromedriverVersion: 147.0.7727.117 (474cc805edd..., userDataDir: C:\Users\admin\AppData\Loca...}, fedcm:accounts: true, goog:chromeOptions: {debuggerAddress: localhost:50569}, goog:processID: 14472, networkConnectionEnabled: false, pageLoadStrategy: normal, platformName: windows, proxy: Proxy(), se:cdp: ws://localhost:50569/devtoo..., se:cdpVersion: 147.0.7727.138, setWindowRect: true, strictFileInteractability: false, timeouts: {implicit: 0, pageLoad: 300000, script: 30000}, unhandledPromptBehavior: dismiss and notify, webauthn:extension:credBlob: true, webauthn:extension:largeBlob: true, webauthn:extension:minPinLength: true, webauthn:extension:prf: true, webauthn:virtualAuthenticators: true}
Session ID: 91fe513a20eacd7e46cd5dcb81d0d1cc">
      <![CDATA[org.openqa.selenium.TimeoutException: Expected condition failed: waiting for visibility of element located by By.xpath: //div[contains(@style, 'background: #DCFCE7') or contains(@style, 'rgb(220, 252, 231)')] (tried for 10 second(s) with 500 milliseconds interval)
Build info: version: '4.29.0', revision: '5fc1ec94cb'
System info: os.name: 'Windows 11', os.arch: 'amd64', os.version: '10.0', java.version: '25.0.2'
Driver info: org.openqa.selenium.chrome.ChromeDriver
Capabilities {acceptInsecureCerts: false, browserName: chrome, browserVersion: 147.0.7727.138, chrome: {chromedriverVersion: 147.0.7727.117 (474cc805edd..., userDataDir: C:\Users\admin\AppData\Loca...}, fedcm:accounts: true, goog:chromeOptions: {debuggerAddress: localhost:50569}, goog:processID: 14472, networkConnectionEnabled: false, pageLoadStrategy: normal, platformName: windows, proxy: Proxy(), se:cdp: ws://localhost:50569/devtoo..., se:cdpVersion: 147.0.7727.138, setWindowRect: true, strictFileInteractability: false, timeouts: {implicit: 0, pageLoad: 300000, script: 30000}, unhandledPromptBehavior: dismiss and notify, webauthn:extension:credBlob: true, webauthn:extension:largeBlob: true, webauthn:extension:minPinLength: true, webauthn:extension:prf: true, webauthn:virtualAuthenticators: true}
Session ID: 91fe513a20eacd7e46cd5dcb81d0d1cc
at org.openqa.selenium.support.ui.WebDriverWait.timeoutException(WebDriverWait.java:84)
at org.openqa.selenium.support.ui.FluentWait.until(FluentWait.java:228)
at pages.DriverTripDetailPage.getSuccessMessageText(DriverTripDetailPage.java:122)
at tests.TripStatusTest.testCompleteTrip(TripStatusTest.java:180)
at java.base/java.util.ArrayList.forEach(ArrayList.java:1604)
... Removed 29 stack frames]]>
    </failure>
  </testcase> <!-- testCompleteTrip -->
  <testcase classname="tests.TripStatusTest" name="testNetworkErrorOnUpdate" time="0.0"/>
  <testcase classname="tests.UC07_2_CustomerListTest" name="testViewCustomerList" time="12.697"/>
  <testcase classname="tests.UC07_2_CustomerListTest" name="testCustomerInfoFields" time="47.54">
    <failure type="org.openqa.selenium.StaleElementReferenceException" message="stale element reference: stale element not found in the current frame
  (Session info: chrome=147.0.7727.138)
For documentation on this error, please visit: https://www.selenium.dev/documentation/webdriver/troubleshooting/errors#stale-element-reference-exception
Build info: version: &amp;apos;4.29.0&amp;apos;, revision: &amp;apos;5fc1ec94cb&amp;apos;
System info: os.name: &amp;apos;Windows 11&amp;apos;, os.arch: &amp;apos;amd64&amp;apos;, os.version: &amp;apos;10.0&amp;apos;, java.version: &amp;apos;25.0.2&amp;apos;
Driver info: org.openqa.selenium.chrome.ChromeDriver
Command: [8828f2c3997e8480c1828ab91c9ab41f, findChildElements {using=css selector, value=td[colspan], id=f.A88C72C3F1C754FDFBDF789DC2FDFC94.d.47ED0C03AA7345E80747CBCCFC591716.e.43}]
Capabilities {acceptInsecureCerts: false, browserName: chrome, browserVersion: 147.0.7727.138, chrome: {chromedriverVersion: 147.0.7727.117 (474cc805edd..., userDataDir: C:\Users\admin\AppData\Loca...}, fedcm:accounts: true, goog:chromeOptions: {debuggerAddress: localhost:62210}, goog:processID: 20780, networkConnectionEnabled: false, pageLoadStrategy: normal, platformName: windows, proxy: Proxy(), se:cdp: ws://localhost:62210/devtoo..., se:cdpVersion: 147.0.7727.138, setWindowRect: true, strictFileInteractability: false, timeouts: {implicit: 0, pageLoad: 300000, script: 30000}, unhandledPromptBehavior: dismiss and notify, webauthn:extension:credBlob: true, webauthn:extension:largeBlob: true, webauthn:extension:minPinLength: true, webauthn:extension:prf: true, webauthn:virtualAuthenticators: true}
Session ID: 8828f2c3997e8480c1828ab91c9ab41f">
      <![CDATA[org.openqa.selenium.StaleElementReferenceException: stale element reference: stale element not found in the current frame
  (Session info: chrome=147.0.7727.138)
For documentation on this error, please visit: https://www.selenium.dev/documentation/webdriver/troubleshooting/errors#stale-element-reference-exception
Build info: version: '4.29.0', revision: '5fc1ec94cb'
System info: os.name: 'Windows 11', os.arch: 'amd64', os.version: '10.0', java.version: '25.0.2'
Driver info: org.openqa.selenium.chrome.ChromeDriver
Command: [8828f2c3997e8480c1828ab91c9ab41f, findChildElements {using=css selector, value=td[colspan], id=f.A88C72C3F1C754FDFBDF789DC2FDFC94.d.47ED0C03AA7345E80747CBCCFC591716.e.43}]
Capabilities {acceptInsecureCerts: false, browserName: chrome, browserVersion: 147.0.7727.138, chrome: {chromedriverVersion: 147.0.7727.117 (474cc805edd..., userDataDir: C:\Users\admin\AppData\Loca...}, fedcm:accounts: true, goog:chromeOptions: {debuggerAddress: localhost:62210}, goog:processID: 20780, networkConnectionEnabled: false, pageLoadStrategy: normal, platformName: windows, proxy: Proxy(), se:cdp: ws://localhost:62210/devtoo..., se:cdpVersion: 147.0.7727.138, setWindowRect: true, strictFileInteractability: false, timeouts: {implicit: 0, pageLoad: 300000, script: 30000}, unhandledPromptBehavior: dismiss and notify, webauthn:extension:credBlob: true, webauthn:extension:largeBlob: true, webauthn:extension:minPinLength: true, webauthn:extension:prf: true, webauthn:virtualAuthenticators: true}
Session ID: 8828f2c3997e8480c1828ab91c9ab41f
at org.openqa.selenium.remote.ErrorCodec.decode(ErrorCodec.java:167)
at org.openqa.selenium.remote.codec.w3c.W3CHttpResponseCodec.decode(W3CHttpResponseCodec.java:138)
at org.openqa.selenium.remote.codec.w3c.W3CHttpResponseCodec.decode(W3CHttpResponseCodec.java:50)
at org.openqa.selenium.remote.HttpCommandExecutor.execute(HttpCommandExecutor.java:215)
at org.openqa.selenium.remote.service.DriverCommandExecutor.invokeExecute(DriverCommandExecutor.java:216)
at org.openqa.selenium.remote.service.DriverCommandExecutor.execute(DriverCommandExecutor.java:174)
at org.openqa.selenium.remote.RemoteWebDriver.execute(RemoteWebDriver.java:545)
at org.openqa.selenium.remote.ElementLocation$ElementFinder$2.findElements(ElementLocation.java:182)
at org.openqa.selenium.remote.ElementLocation.findElements(ElementLocation.java:103)
at org.openqa.selenium.remote.RemoteWebDriver.findElements(RemoteWebDriver.java:381)
at org.openqa.selenium.remote.RemoteWebElement.findElements(RemoteWebElement.java:203)
at pages.DriverCustomerListPage.findDataRows(DriverCustomerListPage.java:82)
at pages.DriverCustomerListPage.getCustomerRows(DriverCustomerListPage.java:34)
at pages.DriverCustomerListPage.getCustomerCellText(DriverCustomerListPage.java:93)
at pages.DriverCustomerListPage.getCustomerPickPoint(DriverCustomerListPage.java:58)
at tests.UC07_2_CustomerListTest.testCustomerInfoFields(UC07_2_CustomerListTest.java:52)
at java.base/java.util.ArrayList.forEach(ArrayList.java:1604)
... Removed 32 stack frames]]>
    </failure>
  </testcase> <!-- testCustomerInfoFields -->
  <testcase classname="tests.UC07_2_CustomerListTest" name="testCustomerOrder" time="12.692"/>
  <testcase classname="tests.UC07_2_CustomerListTest" name="testSyncWithRouteMap" time="3.486"/>
  <testcase classname="tests.UC07_2_CustomerListTest" name="testHighlightOnMapInteraction" time="3.244"/>
  <testcase classname="tests.UC07_2_CustomerListTest" name="testNoAssignedTrip" time="0.002"/>
  <testcase classname="tests.UC07_2_CustomerListTest" name="testAutoUpdateOnDataChange" time="12.693"/>
  <testcase classname="tests.UC07_2_CustomerListTest" name="testErrorLoadingCustomerList" time="2.235"/>
  <testcase classname="tests.UC07_2_CustomerListTest" name="testReadOnlyCustomerList" time="12.353"/>
  <testcase classname="tests.UC07_2_CustomerListTest" name="testCustomerStatusIndicators" time="12.802"/>
</testsuite> <!-- UI Automation Tests -->
