<?xml version="1.0" encoding="UTF-8"?>
<!-- Generated by org.testng.reporters.JUnitReportReporter -->
<testsuite hostname="LAPTOP-7RU7KKB4" failures="0" tests="31" name="tests.RoutePlanningTest" time="140.033" errors="0" timestamp="2026-05-04T22:12:38 GMT+07:00" skipped="0">
  <testcase classname="tests.RoutePlanningTest" name="testNavigateToRoutePlanning" time="2.513"/>
  <testcase classname="tests.RoutePlanningTest" name="testCreateFullRoute" time="3.969"/>
  <testcase classname="tests.RoutePlanningTest" name="testFilterCustomers" time="2.653"/>
  <testcase classname="tests.RoutePlanningTest" name="testSelectMultipleCustomers" time="3.346"/>
  <testcase classname="tests.RoutePlanningTest" name="testNoCustomerSelected" time="12.768"/>
  <testcase classname="tests.RoutePlanningTest" name="testSelectValidVehicle" time="3.216"/>
  <testcase classname="tests.RoutePlanningTest" name="testNoVehicleSelected" time="3.050"/>
  <testcase classname="tests.RoutePlanningTest" name="testSelectInsufficientCapacityVehicle" time="3.974"/>
  <testcase classname="tests.RoutePlanningTest" name="testSelectFullVehicle" time="3.124"/>
  <testcase classname="tests.RoutePlanningTest" name="testCancelVehicleSelection" time="3.254"/>
  <testcase classname="tests.RoutePlanningTest" name="testSelectValidDriver" time="3.612"/>
  <testcase classname="tests.RoutePlanningTest" name="testNoDriverSelected" time="3.358"/>
  <testcase classname="tests.RoutePlanningTest" name="testSelectBusyDriver" time="3.527"/>
  <testcase classname="tests.RoutePlanningTest" name="testSelectAssignedDriver" time="3.408"/>
  <testcase classname="tests.RoutePlanningTest" name="testCancelDriverSelection" time="3.732"/>
  <testcase classname="tests.RoutePlanningTest" name="testSearchByTicketCode" time="2.630"/>
  <testcase classname="tests.RoutePlanningTest" name="testSearchByCustomerName" time="2.560"/>
  <testcase classname="tests.RoutePlanningTest" name="testSearchByPhone" time="2.587"/>
  <testcase classname="tests.RoutePlanningTest" name="testSearchNonExistent" time="12.594"/>
  <testcase classname="tests.RoutePlanningTest" name="testClearSearch" time="2.680"/>
  <testcase classname="tests.RoutePlanningTest" name="testAccessVehicleStep" time="3.024"/>
  <testcase classname="tests.RoutePlanningTest" name="testSearchVehicleByPlate" time="3.180"/>
  <testcase classname="tests.RoutePlanningTest" name="testSearchVehicleByType" time="3.118"/>
  <testcase classname="tests.RoutePlanningTest" name="testSearchVehicleNonExistent" time="13.133"/>
  <testcase classname="tests.RoutePlanningTest" name="testClearVehicleSearch" time="3.127"/>
  <testcase classname="tests.RoutePlanningTest" name="testAccessDriverStep" time="3.381"/>
  <testcase classname="tests.RoutePlanningTest" name="testSearchDriverById" time="3.902"/>
  <testcase classname="tests.RoutePlanningTest" name="testSearchDriverByName" time="4.098"/>
  <testcase classname="tests.RoutePlanningTest" name="testSearchDriverByPhone" time="3.432"/>
  <testcase classname="tests.RoutePlanningTest" name="testSearchDriverNonExistent" time="13.496"/>
  <testcase classname="tests.RoutePlanningTest" name="testClearDriverSearch" time="3.587"/>
</testsuite> <!-- tests.RoutePlanningTest -->
