<?xml version="1.0" encoding="UTF-8"?>
<!-- Generated by org.testng.reporters.JUnitReportReporter -->
<testsuite hostname="LAPTOP-SJT7AGTN" failures="1" tests="32" name="tests.RoutePlanningTest" time="572.156" errors="1" timestamp="2026-05-02T20:44:27 GMT+07:00" skipped="1">
  <testcase classname="tests.RoutePlanningTest" name="prepareTest" time="10.440">
    <error message="Remote browser did not respond to getCurrentUrl
Build info: version: &#039;4.20.0&#039;, revision: &#039;866c76ca80&#039;
System info: os.name: &#039;Windows 11&#039;, os.arch: &#039;amd64&#039;, os.version: &#039;10.0&#039;, java.version: &#039;25.0.2&#039;
Driver info: driver.version: RemoteWebDriver" type="org.openqa.selenium.WebDriverException">
      <![CDATA[org.openqa.selenium.WebDriverException: Remote browser did not respond to getCurrentUrl
Build info: version: '4.20.0', revision: '866c76ca80'
System info: os.name: 'Windows 11', os.arch: 'amd64', os.version: '10.0', java.version: '25.0.2'
Driver info: driver.version: RemoteWebDriver
at org.openqa.selenium.remote.RemoteWebDriver.getCurrentUrl(RemoteWebDriver.java:314)
at org.openqa.selenium.support.ui.ExpectedConditions$4.apply(ExpectedConditions.java:124)
at org.openqa.selenium.support.ui.ExpectedConditions$4.apply(ExpectedConditions.java:119)
at org.openqa.selenium.support.ui.FluentWait.until(FluentWait.java:203)
at pages.RoutePlanningPage.navigateToPlan(RoutePlanningPage.java:56)
at tests.RoutePlanningTest.prepareTest(RoutePlanningTest.java:20)
at java.base/jdk.internal.reflect.DirectMethodHandleAccessor.invoke(DirectMethodHandleAccessor.java:104)
at java.base/java.lang.reflect.Method.invoke(Method.java:565)
at org.testng.internal.invokers.MethodInvocationHelper.invokeMethod(MethodInvocationHelper.java:139)
at org.testng.internal.invokers.MethodInvocationHelper.invokeMethodConsideringTimeout(MethodInvocationHelper.java:69)
at org.testng.internal.invokers.ConfigInvoker.invokeConfigurationMethod(ConfigInvoker.java:393)
at org.testng.internal.invokers.ConfigInvoker.invokeConfigurations(ConfigInvoker.java:326)
at org.testng.internal.invokers.TestInvoker.runConfigMethods(TestInvoker.java:810)
at org.testng.internal.invokers.TestInvoker.invokeMethod(TestInvoker.java:578)
at org.testng.internal.invokers.TestInvoker.invokeTestMethod(TestInvoker.java:228)
at org.testng.internal.invokers.MethodRunner.runInSequence(MethodRunner.java:63)
at org.testng.internal.invokers.TestInvoker$MethodInvocationAgent.invoke(TestInvoker.java:961)
at org.testng.internal.invokers.TestInvoker.invokeTestMethods(TestInvoker.java:201)
at org.testng.internal.invokers.TestMethodWorker.invokeTestMethods(TestMethodWorker.java:148)
at org.testng.internal.invokers.TestMethodWorker.run(TestMethodWorker.java:128)
at java.base/java.util.ArrayList.forEach(ArrayList.java:1604)
at org.testng.TestRunner.privateRun(TestRunner.java:819)
at org.testng.TestRunner.run(TestRunner.java:619)
at org.testng.SuiteRunner.runTest(SuiteRunner.java:443)
at org.testng.SuiteRunner.runSequentially(SuiteRunner.java:437)
at org.testng.SuiteRunner.privateRun(SuiteRunner.java:397)
at org.testng.SuiteRunner.run(SuiteRunner.java:336)
at org.testng.SuiteRunnerWorker.runSuite(SuiteRunnerWorker.java:52)
at org.testng.SuiteRunnerWorker.run(SuiteRunnerWorker.java:95)
at org.testng.TestNG.runSuitesSequentially(TestNG.java:1301)
at org.testng.TestNG.runSuitesLocally(TestNG.java:1228)
at org.testng.TestNG.runSuites(TestNG.java:1134)
at org.testng.TestNG.run(TestNG.java:1101)
at org.apache.maven.surefire.testng.TestNGExecutor.run(TestNGExecutor.java:308)
at org.apache.maven.surefire.testng.TestNGXmlTestSuite.execute(TestNGXmlTestSuite.java:71)
at org.apache.maven.surefire.testng.TestNGProvider.invoke(TestNGProvider.java:113)
at org.apache.maven.surefire.booter.ForkedBooter.runSuitesInProcess(ForkedBooter.java:385)
at org.apache.maven.surefire.booter.ForkedBooter.execute(ForkedBooter.java:162)
at org.apache.maven.surefire.booter.ForkedBooter.run(ForkedBooter.java:507)
at org.apache.maven.surefire.booter.ForkedBooter.main(ForkedBooter.java:495)
]]>
    </error>
  </testcase> <!-- prepareTest -->
  <testcase classname="tests.RoutePlanningTest" name="testNavigateToRoutePlanning" time="12.212"/>
  <testcase classname="tests.RoutePlanningTest" name="testCreateFullRoute" time="17.205"/>
  <testcase classname="tests.RoutePlanningTest" name="testFilterCustomers" time="20.643"/>
  <testcase classname="tests.RoutePlanningTest" name="testSelectMultipleCustomers" time="17.647"/>
  <testcase classname="tests.RoutePlanningTest" name="testNoCustomerSelected" time="16.408">
    <failure message="Button state checked expected [false] but found [true]" type="java.lang.AssertionError">
      <![CDATA[java.lang.AssertionError: Button state checked expected [false] but found [true]
at org.testng.Assert.fail(Assert.java:111)
at org.testng.Assert.failNotEquals(Assert.java:1578)
at org.testng.Assert.assertFalse(Assert.java:79)
at tests.RoutePlanningTest.testNoCustomerSelected(RoutePlanningTest.java:70)
at java.base/jdk.internal.reflect.DirectMethodHandleAccessor.invoke(DirectMethodHandleAccessor.java:104)
at java.base/java.lang.reflect.Method.invoke(Method.java:565)
at org.testng.internal.invokers.MethodInvocationHelper.invokeMethod(MethodInvocationHelper.java:139)
at org.testng.internal.invokers.TestInvoker.invokeMethod(TestInvoker.java:664)
at org.testng.internal.invokers.TestInvoker.invokeTestMethod(TestInvoker.java:228)
at org.testng.internal.invokers.MethodRunner.runInSequence(MethodRunner.java:63)
at org.testng.internal.invokers.TestInvoker$MethodInvocationAgent.invoke(TestInvoker.java:961)
at org.testng.internal.invokers.TestInvoker.invokeTestMethods(TestInvoker.java:201)
at org.testng.internal.invokers.TestMethodWorker.invokeTestMethods(TestMethodWorker.java:148)
at org.testng.internal.invokers.TestMethodWorker.run(TestMethodWorker.java:128)
at java.base/java.util.ArrayList.forEach(ArrayList.java:1604)
at org.testng.TestRunner.privateRun(TestRunner.java:819)
at org.testng.TestRunner.run(TestRunner.java:619)
at org.testng.SuiteRunner.runTest(SuiteRunner.java:443)
at org.testng.SuiteRunner.runSequentially(SuiteRunner.java:437)
at org.testng.SuiteRunner.privateRun(SuiteRunner.java:397)
at org.testng.SuiteRunner.run(SuiteRunner.java:336)
at org.testng.SuiteRunnerWorker.runSuite(SuiteRunnerWorker.java:52)
at org.testng.SuiteRunnerWorker.run(SuiteRunnerWorker.java:95)
at org.testng.TestNG.runSuitesSequentially(TestNG.java:1301)
at org.testng.TestNG.runSuitesLocally(TestNG.java:1228)
at org.testng.TestNG.runSuites(TestNG.java:1134)
at org.testng.TestNG.run(TestNG.java:1101)
at org.apache.maven.surefire.testng.TestNGExecutor.run(TestNGExecutor.java:308)
at org.apache.maven.surefire.testng.TestNGXmlTestSuite.execute(TestNGXmlTestSuite.java:71)
at org.apache.maven.surefire.testng.TestNGProvider.invoke(TestNGProvider.java:113)
at org.apache.maven.surefire.booter.ForkedBooter.runSuitesInProcess(ForkedBooter.java:385)
at org.apache.maven.surefire.booter.ForkedBooter.execute(ForkedBooter.java:162)
at org.apache.maven.surefire.booter.ForkedBooter.run(ForkedBooter.java:507)
at org.apache.maven.surefire.booter.ForkedBooter.main(ForkedBooter.java:495)
]]>
    </failure>
  </testcase> <!-- testNoCustomerSelected -->
  <testcase classname="tests.RoutePlanningTest" name="testSelectValidVehicle" time="15.811"/>
  <testcase classname="tests.RoutePlanningTest" name="testNoVehicleSelected" time="21.377"/>
  <testcase classname="tests.RoutePlanningTest" name="testSelectInsufficientCapacityVehicle" time="20.093"/>
  <testcase classname="tests.RoutePlanningTest" name="testSelectFullVehicle" time="20.412"/>
  <testcase classname="tests.RoutePlanningTest" name="testCancelVehicleSelection" time="17.596"/>
  <testcase classname="tests.RoutePlanningTest" name="testSelectValidDriver" time="17.050"/>
  <testcase classname="tests.RoutePlanningTest" name="testNoDriverSelected" time="20.722"/>
  <testcase classname="tests.RoutePlanningTest" name="testSelectBusyDriver" time="17.648"/>
  <testcase classname="tests.RoutePlanningTest" name="testSelectAssignedDriver" time="19.973"/>
  <testcase classname="tests.RoutePlanningTest" name="testCancelDriverSelection" time="23.291"/>
  <testcase classname="tests.RoutePlanningTest" name="testSearchByTicketCode" time="19.301"/>
  <testcase classname="tests.RoutePlanningTest" name="testSearchByCustomerName" time="18.018"/>
  <testcase classname="tests.RoutePlanningTest" name="testSearchByPhone" time="19.275"/>
  <testcase classname="tests.RoutePlanningTest" name="testSearchNonExistent" time="19.194"/>
  <testcase classname="tests.RoutePlanningTest" name="testClearSearch" time="18.515"/>
  <testcase classname="tests.RoutePlanningTest" name="testAccessVehicleStep" time="20.623"/>
  <testcase classname="tests.RoutePlanningTest" name="testSearchVehicleByPlate" time="15.640"/>
  <testcase classname="tests.RoutePlanningTest" name="testSearchVehicleByType" time="16.893"/>
  <testcase classname="tests.RoutePlanningTest" name="testSearchVehicleNonExistent" time="16.787"/>
  <testcase classname="tests.RoutePlanningTest" name="testClearVehicleSearch" time="19.408"/>
  <testcase classname="tests.RoutePlanningTest" name="testAccessDriverStep" time="18.789"/>
  <testcase classname="tests.RoutePlanningTest" name="testSearchDriverById" time="14.489"/>
  <testcase classname="tests.RoutePlanningTest" name="testSearchDriverByName" time="36.457"/>
  <testcase classname="tests.RoutePlanningTest" name="testSearchDriverByPhone" time="17.081"/>
  <testcase classname="tests.RoutePlanningTest" name="testSearchDriverNonExistent" time="13.157"/>
  <testcase classname="tests.RoutePlanningTest" name="testClearDriverSearch" time="0.001">
    <skipped/>
  </testcase> <!-- testClearDriverSearch -->
</testsuite> <!-- tests.RoutePlanningTest -->
