<?xml version="1.0" encoding="UTF-8"?>
<testng-results ignored="0" total="55" passed="36" failed="13" skipped="6">
  <reporter-output>
  </reporter-output>
  <suite started-at="2026-05-02T21:28:01 GMT+07:00" name="Shuttle Selenium Suite" finished-at="2026-05-02T21:36:57 GMT+07:00" duration-ms="535748">
    <groups>
    </groups>
    <test started-at="2026-05-02T21:28:01 GMT+07:00" name="UI Automation Tests" finished-at="2026-05-02T21:36:57 GMT+07:00" duration-ms="535748">
      <class name="tests.TripStatusTest">
        <test-method is-config="true" signature="setUp()[pri:0, instance:tests.TripStatusTest@cd3fee8]" started-at="2026-05-02T21:33:06 GMT+07:00" name="setUp" finished-at="2026-05-02T21:33:06 GMT+07:00" duration-ms="634" status="PASS">
          <reporter-output>
          </reporter-output>
        </test-method> <!-- setUp -->
        <test-method is-config="true" signature="setupPages()[pri:0, instance:tests.TripStatusTest@cd3fee8]" started-at="2026-05-02T21:33:06 GMT+07:00" name="setupPages" finished-at="2026-05-02T21:33:06 GMT+07:00" duration-ms="2" status="PASS">
          <reporter-output>
          </reporter-output>
        </test-method> <!-- setupPages -->
        <test-method signature="testOpenRejectTripForm()[pri:1, instance:tests.TripStatusTest@cd3fee8]" started-at="2026-05-02T21:33:06 GMT+07:00" name="testOpenRejectTripForm" description="TC_UC07.3_01: Mở form nhập lý do từ chối chuyến" finished-at="2026-05-02T21:33:08 GMT+07:00" duration-ms="1626" status="PASS">
          <reporter-output>
          </reporter-output>
        </test-method> <!-- testOpenRejectTripForm -->
        <test-method is-config="true" signature="tearDown(org.testng.ITestResult)[pri:0, instance:tests.TripStatusTest@cd3fee8]" started-at="2026-05-02T21:33:08 GMT+07:00" name="tearDown" finished-at="2026-05-02T21:33:08 GMT+07:00" duration-ms="143" status="PASS">
          <params>
            <param index="0">
              <value>
                <![CDATA[[TestResult name=testOpenRejectTripForm status=SUCCESS method=TripStatusTest.testOpenRejectTripForm()[pri:1, instance:tests.TripStatusTest@cd3fee8] output={null}]]]>
              </value>
            </param>
          </params>
          <reporter-output>
          </reporter-output>
        </test-method> <!-- tearDown -->
        <test-method is-config="true" signature="setUp()[pri:0, instance:tests.TripStatusTest@cd3fee8]" started-at="2026-05-02T21:33:08 GMT+07:00" name="setUp" finished-at="2026-05-02T21:33:09 GMT+07:00" duration-ms="643" status="PASS">
          <reporter-output>
          </reporter-output>
        </test-method> <!-- setUp -->
        <test-method signature="testCancelRejectTrip()[pri:2, instance:tests.TripStatusTest@cd3fee8]" started-at="2026-05-02T21:33:09 GMT+07:00" name="testCancelRejectTrip" description="TC_UC07.3_02: Hủy thao tác từ chối chuyến" finished-at="2026-05-02T21:33:22 GMT+07:00" duration-ms="12891" status="PASS">
          <reporter-output>
          </reporter-output>
        </test-method> <!-- testCancelRejectTrip -->
        <test-method is-config="true" signature="setupPages()[pri:0, instance:tests.TripStatusTest@cd3fee8]" started-at="2026-05-02T21:33:09 GMT+07:00" name="setupPages" finished-at="2026-05-02T21:33:09 GMT+07:00" duration-ms="0" status="PASS">
          <reporter-output>
          </reporter-output>
        </test-method> <!-- setupPages -->
        <test-method is-config="true" signature="tearDown(org.testng.ITestResult)[pri:0, instance:tests.TripStatusTest@cd3fee8]" started-at="2026-05-02T21:33:22 GMT+07:00" name="tearDown" finished-at="2026-05-02T21:33:22 GMT+07:00" duration-ms="204" status="PASS">
          <params>
            <param index="0">
              <value>
                <![CDATA[[TestResult name=testCancelRejectTrip status=SUCCESS method=TripStatusTest.testCancelRejectTrip()[pri:2, instance:tests.TripStatusTest@cd3fee8] output={null}]]]>
              </value>
            </param>
          </params>
          <reporter-output>
          </reporter-output>
        </test-method> <!-- tearDown -->
        <test-method is-config="true" signature="setUp()[pri:0, instance:tests.TripStatusTest@cd3fee8]" started-at="2026-05-02T21:33:22 GMT+07:00" name="setUp" finished-at="2026-05-02T21:33:23 GMT+07:00" duration-ms="692" status="PASS">
          <reporter-output>
          </reporter-output>
        </test-method> <!-- setUp -->
        <test-method signature="testSubmitRejectTripSuccessfully()[pri:3, instance:tests.TripStatusTest@cd3fee8]" started-at="2026-05-02T21:33:23 GMT+07:00" name="testSubmitRejectTripSuccessfully" description="TC_UC07.3_03: Từ chối chuyến thành công" finished-at="2026-05-02T21:33:36 GMT+07:00" duration-ms="13381" status="FAIL">
          <exception class="java.lang.AssertionError">
            <message>
              <![CDATA[Popup Từ chối không đóng lại sau khi gửi! expected [true] but found [false]]]>
            </message>
            <full-stacktrace>
              <![CDATA[java.lang.AssertionError: Popup Từ chối không đóng lại sau khi gửi! expected [true] but found [false]
at org.testng.Assert.fail(Assert.java:111)
at org.testng.Assert.failNotEquals(Assert.java:1578)
at org.testng.Assert.assertTrue(Assert.java:57)
at tests.TripStatusTest.testSubmitRejectTripSuccessfully(TripStatusTest.java:74)
at java.base/jdk.internal.reflect.DirectMethodHandleAccessor.invoke(DirectMethodHandleAccessor.java:104)
at java.base/java.lang.reflect.Method.invoke(Method.java:565)
at org.testng.internal.invokers.MethodInvocationHelper.invokeMethod(MethodInvocationHelper.java:139)
at org.testng.internal.invokers.TestInvoker.invokeMethod(TestInvoker.java:664)
at org.testng.internal.invokers.TestInvoker.invokeTestMethod(TestInvoker.java:228)
at org.testng.internal.invokers.MethodRunner.runInSequence(MethodRunner.java:63)
at org.testng.internal.invokers.TestInvoker$MethodInvocationAgent.invoke(TestInvoker.java:961)
at org.testng.internal.invokers.TestInvoker.invokeTestMethods(TestInvoker.java:201)
at org.testng.internal.invokers.TestMethodWorker.invokeTestMethods(TestMethodWorker.java:148)
at org.testng.internal.invokers.TestMethodWorker.run(TestMethodWorker.java:128)
at java.base/java.util.ArrayList.forEach(ArrayList.java:1604)
at org.testng.TestRunner.privateRun(TestRunner.java:819)
at org.testng.TestRunner.run(TestRunner.java:619)
at org.testng.SuiteRunner.runTest(SuiteRunner.java:443)
at org.testng.SuiteRunner.runSequentially(SuiteRunner.java:437)
at org.testng.SuiteRunner.privateRun(SuiteRunner.java:397)
at org.testng.SuiteRunner.run(SuiteRunner.java:336)
at org.testng.SuiteRunnerWorker.runSuite(SuiteRunnerWorker.java:52)
at org.testng.SuiteRunnerWorker.run(SuiteRunnerWorker.java:95)
at org.testng.TestNG.runSuitesSequentially(TestNG.java:1301)
at org.testng.TestNG.runSuitesLocally(TestNG.java:1228)
at org.testng.TestNG.runSuites(TestNG.java:1134)
at org.testng.TestNG.run(TestNG.java:1101)
at org.apache.maven.surefire.testng.TestNGExecutor.run(TestNGExecutor.java:308)
at org.apache.maven.surefire.testng.TestNGXmlTestSuite.execute(TestNGXmlTestSuite.java:71)
at org.apache.maven.surefire.testng.TestNGProvider.invoke(TestNGProvider.java:113)
at org.apache.maven.surefire.booter.ForkedBooter.runSuitesInProcess(ForkedBooter.java:385)
at org.apache.maven.surefire.booter.ForkedBooter.execute(ForkedBooter.java:162)
at org.apache.maven.surefire.booter.ForkedBooter.run(ForkedBooter.java:507)
at org.apache.maven.surefire.booter.ForkedBooter.main(ForkedBooter.java:495)
]]>
            </full-stacktrace>
          </exception> <!-- java.lang.AssertionError -->
          <reporter-output>
          </reporter-output>
        </test-method> <!-- testSubmitRejectTripSuccessfully -->
        <test-method is-config="true" signature="setupPages()[pri:0, instance:tests.TripStatusTest@cd3fee8]" started-at="2026-05-02T21:33:23 GMT+07:00" name="setupPages" finished-at="2026-05-02T21:33:23 GMT+07:00" duration-ms="0" status="PASS">
          <reporter-output>
          </reporter-output>
        </test-method> <!-- setupPages -->
        <test-method is-config="true" signature="tearDown(org.testng.ITestResult)[pri:0, instance:tests.TripStatusTest@cd3fee8]" started-at="2026-05-02T21:33:36 GMT+07:00" name="tearDown" finished-at="2026-05-02T21:33:36 GMT+07:00" duration-ms="343" status="PASS">
          <params>
            <param index="0">
              <value>
                <![CDATA[[TestResult name=testSubmitRejectTripSuccessfully status=FAILURE method=TripStatusTest.testSubmitRejectTripSuccessfully()[pri:3, instance:tests.TripStatusTest@cd3fee8] output={null}]]]>
              </value>
            </param>
          </params>
          <reporter-output>
          </reporter-output>
        </test-method> <!-- tearDown -->
        <test-method is-config="true" signature="setUp()[pri:0, instance:tests.TripStatusTest@cd3fee8]" started-at="2026-05-02T21:33:36 GMT+07:00" name="setUp" finished-at="2026-05-02T21:33:37 GMT+07:00" duration-ms="630" status="PASS">
          <reporter-output>
          </reporter-output>
        </test-method> <!-- setUp -->
        <test-method signature="testDisableActionsBeforeStartingTrip()[pri:4, instance:tests.TripStatusTest@cd3fee8]" started-at="2026-05-02T21:33:37 GMT+07:00" name="testDisableActionsBeforeStartingTrip" description="TC_UC07.3_04: Kiểm tra chặn thao tác khách hàng khi chưa bắt đầu chuyến" finished-at="2026-05-02T21:33:39 GMT+07:00" duration-ms="2078" status="PASS">
          <reporter-output>
          </reporter-output>
        </test-method> <!-- testDisableActionsBeforeStartingTrip -->
        <test-method is-config="true" signature="setupPages()[pri:0, instance:tests.TripStatusTest@cd3fee8]" started-at="2026-05-02T21:33:37 GMT+07:00" name="setupPages" finished-at="2026-05-02T21:33:37 GMT+07:00" duration-ms="0" status="PASS">
          <reporter-output>
          </reporter-output>
        </test-method> <!-- setupPages -->
        <test-method is-config="true" signature="tearDown(org.testng.ITestResult)[pri:0, instance:tests.TripStatusTest@cd3fee8]" started-at="2026-05-02T21:33:39 GMT+07:00" name="tearDown" finished-at="2026-05-02T21:33:39 GMT+07:00" duration-ms="152" status="PASS">
          <params>
            <param index="0">
              <value>
                <![CDATA[[TestResult name=testDisableActionsBeforeStartingTrip status=SUCCESS method=TripStatusTest.testDisableActionsBeforeStartingTrip()[pri:4, instance:tests.TripStatusTest@cd3fee8] output={null}]]]>
              </value>
            </param>
          </params>
          <reporter-output>
          </reporter-output>
        </test-method> <!-- tearDown -->
        <test-method is-config="true" signature="setUp()[pri:0, instance:tests.TripStatusTest@cd3fee8]" started-at="2026-05-02T21:33:39 GMT+07:00" name="setUp" finished-at="2026-05-02T21:33:40 GMT+07:00" duration-ms="679" status="PASS">
          <reporter-output>
          </reporter-output>
        </test-method> <!-- setUp -->
        <test-method is-config="true" signature="setupPages()[pri:0, instance:tests.TripStatusTest@cd3fee8]" started-at="2026-05-02T21:33:40 GMT+07:00" name="setupPages" finished-at="2026-05-02T21:33:40 GMT+07:00" duration-ms="1" status="PASS">
          <reporter-output>
          </reporter-output>
        </test-method> <!-- setupPages -->
        <test-method signature="testStartTrip()[pri:5, instance:tests.TripStatusTest@cd3fee8]" started-at="2026-05-02T21:33:40 GMT+07:00" name="testStartTrip" description="TC_UC07.3_05: Bắt đầu chuyến xe" finished-at="2026-05-02T21:33:43 GMT+07:00" duration-ms="3346" status="PASS">
          <reporter-output>
          </reporter-output>
        </test-method> <!-- testStartTrip -->
        <test-method is-config="true" signature="tearDown(org.testng.ITestResult)[pri:0, instance:tests.TripStatusTest@cd3fee8]" started-at="2026-05-02T21:33:43 GMT+07:00" name="tearDown" finished-at="2026-05-02T21:33:43 GMT+07:00" duration-ms="186" status="PASS">
          <params>
            <param index="0">
              <value>
                <![CDATA[[TestResult name=testStartTrip status=SUCCESS method=TripStatusTest.testStartTrip()[pri:5, instance:tests.TripStatusTest@cd3fee8] output={null}]]]>
              </value>
            </param>
          </params>
          <reporter-output>
          </reporter-output>
        </test-method> <!-- tearDown -->
        <test-method is-config="true" signature="setUp()[pri:0, instance:tests.TripStatusTest@cd3fee8]" started-at="2026-05-02T21:33:43 GMT+07:00" name="setUp" finished-at="2026-05-02T21:33:44 GMT+07:00" duration-ms="657" status="PASS">
          <reporter-output>
          </reporter-output>
        </test-method> <!-- setUp -->
        <test-method signature="testUpdateCustomerStatus()[pri:6, instance:tests.TripStatusTest@cd3fee8]" started-at="2026-05-02T21:33:44 GMT+07:00" name="testUpdateCustomerStatus" description="TC_UC07.3_06: Cập nhật trạng thái đón/trả khách thành công" finished-at="2026-05-02T21:33:48 GMT+07:00" duration-ms="3803" status="FAIL">
          <exception class="java.lang.UnsupportedOperationException">
            <message>
              <![CDATA[You may not select an option in disabled select]]>
            </message>
            <full-stacktrace>
              <![CDATA[java.lang.UnsupportedOperationException: You may not select an option in disabled select
at org.openqa.selenium.support.ui.Select.assertSelectIsEnabled(Select.java:431)
at org.openqa.selenium.support.ui.Select.selectByVisibleText(Select.java:125)
at pages.DriverTripDetailPage.updateCustomerStatus(DriverTripDetailPage.java:70)
at tests.TripStatusTest.testUpdateCustomerStatus(TripStatusTest.java:123)
at java.base/jdk.internal.reflect.DirectMethodHandleAccessor.invoke(DirectMethodHandleAccessor.java:104)
at java.base/java.lang.reflect.Method.invoke(Method.java:565)
at org.testng.internal.invokers.MethodInvocationHelper.invokeMethod(MethodInvocationHelper.java:139)
at org.testng.internal.invokers.TestInvoker.invokeMethod(TestInvoker.java:664)
at org.testng.internal.invokers.TestInvoker.invokeTestMethod(TestInvoker.java:228)
at org.testng.internal.invokers.MethodRunner.runInSequence(MethodRunner.java:63)
at org.testng.internal.invokers.TestInvoker$MethodInvocationAgent.invoke(TestInvoker.java:961)
at org.testng.internal.invokers.TestInvoker.invokeTestMethods(TestInvoker.java:201)
at org.testng.internal.invokers.TestMethodWorker.invokeTestMethods(TestMethodWorker.java:148)
at org.testng.internal.invokers.TestMethodWorker.run(TestMethodWorker.java:128)
at java.base/java.util.ArrayList.forEach(ArrayList.java:1604)
at org.testng.TestRunner.privateRun(TestRunner.java:819)
at org.testng.TestRunner.run(TestRunner.java:619)
at org.testng.SuiteRunner.runTest(SuiteRunner.java:443)
at org.testng.SuiteRunner.runSequentially(SuiteRunner.java:437)
at org.testng.SuiteRunner.privateRun(SuiteRunner.java:397)
at org.testng.SuiteRunner.run(SuiteRunner.java:336)
at org.testng.SuiteRunnerWorker.runSuite(SuiteRunnerWorker.java:52)
at org.testng.SuiteRunnerWorker.run(SuiteRunnerWorker.java:95)
at org.testng.TestNG.runSuitesSequentially(TestNG.java:1301)
at org.testng.TestNG.runSuitesLocally(TestNG.java:1228)
at org.testng.TestNG.runSuites(TestNG.java:1134)
at org.testng.TestNG.run(TestNG.java:1101)
at org.apache.maven.surefire.testng.TestNGExecutor.run(TestNGExecutor.java:308)
at org.apache.maven.surefire.testng.TestNGXmlTestSuite.execute(TestNGXmlTestSuite.java:71)
at org.apache.maven.surefire.testng.TestNGProvider.invoke(TestNGProvider.java:113)
at org.apache.maven.surefire.booter.ForkedBooter.runSuitesInProcess(ForkedBooter.java:385)
at org.apache.maven.surefire.booter.ForkedBooter.execute(ForkedBooter.java:162)
at org.apache.maven.surefire.booter.ForkedBooter.run(ForkedBooter.java:507)
at org.apache.maven.surefire.booter.ForkedBooter.main(ForkedBooter.java:495)
]]>
            </full-stacktrace>
          </exception> <!-- java.lang.UnsupportedOperationException -->
          <reporter-output>
          </reporter-output>
        </test-method> <!-- testUpdateCustomerStatus -->
        <test-method is-config="true" signature="setupPages()[pri:0, instance:tests.TripStatusTest@cd3fee8]" started-at="2026-05-02T21:33:44 GMT+07:00" name="setupPages" finished-at="2026-05-02T21:33:44 GMT+07:00" duration-ms="0" status="PASS">
          <reporter-output>
          </reporter-output>
        </test-method> <!-- setupPages -->
        <test-method is-config="true" signature="tearDown(org.testng.ITestResult)[pri:0, instance:tests.TripStatusTest@cd3fee8]" started-at="2026-05-02T21:33:48 GMT+07:00" name="tearDown" finished-at="2026-05-02T21:33:48 GMT+07:00" duration-ms="400" status="PASS">
          <params>
            <param index="0">
              <value>
                <![CDATA[[TestResult name=testUpdateCustomerStatus status=FAILURE method=TripStatusTest.testUpdateCustomerStatus()[pri:6, instance:tests.TripStatusTest@cd3fee8] output={null}]]]>
              </value>
            </param>
          </params>
          <reporter-output>
          </reporter-output>
        </test-method> <!-- tearDown -->
        <test-method is-config="true" signature="setUp()[pri:0, instance:tests.TripStatusTest@cd3fee8]" started-at="2026-05-02T21:33:48 GMT+07:00" name="setUp" finished-at="2026-05-02T21:33:49 GMT+07:00" duration-ms="629" status="PASS">
          <reporter-output>
          </reporter-output>
        </test-method> <!-- setUp -->
        <test-method signature="testCustomerCancelled()[pri:7, instance:tests.TripStatusTest@cd3fee8]" started-at="2026-05-02T21:33:49 GMT+07:00" name="testCustomerCancelled" description="TC_UC07.3_07: Cập nhật trạng thái Khách hủy" finished-at="2026-05-02T21:34:01 GMT+07:00" duration-ms="12023" status="FAIL">
          <exception class="org.openqa.selenium.NoSuchElementException">
            <message>
              <![CDATA[Cannot locate option with text: Hủy
For documentation on this error, please visit: https://www.selenium.dev/documentation/webdriver/troubleshooting/errors#no-such-element-exception
Build info: version: '4.29.0', revision: '5fc1ec94cb'
System info: os.name: 'Windows 11', os.arch: 'amd64', os.version: '10.0', java.version: '25.0.2'
Driver info: driver.version: unknown]]>
            </message>
            <full-stacktrace>
              <![CDATA[org.openqa.selenium.NoSuchElementException: Cannot locate option with text: Hủy
For documentation on this error, please visit: https://www.selenium.dev/documentation/webdriver/troubleshooting/errors#no-such-element-exception
Build info: version: '4.29.0', revision: '5fc1ec94cb'
System info: os.name: 'Windows 11', os.arch: 'amd64', os.version: '10.0', java.version: '25.0.2'
Driver info: driver.version: unknown
at org.openqa.selenium.support.ui.Select.selectByVisibleText(Select.java:167)
at pages.DriverTripDetailPage.updateCustomerStatus(DriverTripDetailPage.java:70)
at tests.TripStatusTest.testCustomerCancelled(TripStatusTest.java:132)
at java.base/jdk.internal.reflect.DirectMethodHandleAccessor.invoke(DirectMethodHandleAccessor.java:104)
at java.base/java.lang.reflect.Method.invoke(Method.java:565)
at org.testng.internal.invokers.MethodInvocationHelper.invokeMethod(MethodInvocationHelper.java:139)
at org.testng.internal.invokers.TestInvoker.invokeMethod(TestInvoker.java:664)
at org.testng.internal.invokers.TestInvoker.invokeTestMethod(TestInvoker.java:228)
at org.testng.internal.invokers.MethodRunner.runInSequence(MethodRunner.java:63)
at org.testng.internal.invokers.TestInvoker$MethodInvocationAgent.invoke(TestInvoker.java:961)
at org.testng.internal.invokers.TestInvoker.invokeTestMethods(TestInvoker.java:201)
at org.testng.internal.invokers.TestMethodWorker.invokeTestMethods(TestMethodWorker.java:148)
at org.testng.internal.invokers.TestMethodWorker.run(TestMethodWorker.java:128)
at java.base/java.util.ArrayList.forEach(ArrayList.java:1604)
at org.testng.TestRunner.privateRun(TestRunner.java:819)
at org.testng.TestRunner.run(TestRunner.java:619)
at org.testng.SuiteRunner.runTest(SuiteRunner.java:443)
at org.testng.SuiteRunner.runSequentially(SuiteRunner.java:437)
at org.testng.SuiteRunner.privateRun(SuiteRunner.java:397)
at org.testng.SuiteRunner.run(SuiteRunner.java:336)
at org.testng.SuiteRunnerWorker.runSuite(SuiteRunnerWorker.java:52)
at org.testng.SuiteRunnerWorker.run(SuiteRunnerWorker.java:95)
at org.testng.TestNG.runSuitesSequentially(TestNG.java:1301)
at org.testng.TestNG.runSuitesLocally(TestNG.java:1228)
at org.testng.TestNG.runSuites(TestNG.java:1134)
at org.testng.TestNG.run(TestNG.java:1101)
at org.apache.maven.surefire.testng.TestNGExecutor.run(TestNGExecutor.java:308)
at org.apache.maven.surefire.testng.TestNGXmlTestSuite.execute(TestNGXmlTestSuite.java:71)
at org.apache.maven.surefire.testng.TestNGProvider.invoke(TestNGProvider.java:113)
at org.apache.maven.surefire.booter.ForkedBooter.runSuitesInProcess(ForkedBooter.java:385)
at org.apache.maven.surefire.booter.ForkedBooter.execute(ForkedBooter.java:162)
at org.apache.maven.surefire.booter.ForkedBooter.run(ForkedBooter.java:507)
at org.apache.maven.surefire.booter.ForkedBooter.main(ForkedBooter.java:495)
]]>
            </full-stacktrace>
          </exception> <!-- org.openqa.selenium.NoSuchElementException -->
          <reporter-output>
          </reporter-output>
        </test-method> <!-- testCustomerCancelled -->
        <test-method is-config="true" signature="setupPages()[pri:0, instance:tests.TripStatusTest@cd3fee8]" started-at="2026-05-02T21:33:49 GMT+07:00" name="setupPages" finished-at="2026-05-02T21:33:49 GMT+07:00" duration-ms="0" status="PASS">
          <reporter-output>
          </reporter-output>
        </test-method> <!-- setupPages -->
        <test-method is-config="true" signature="tearDown(org.testng.ITestResult)[pri:0, instance:tests.TripStatusTest@cd3fee8]" started-at="2026-05-02T21:34:01 GMT+07:00" name="tearDown" finished-at="2026-05-02T21:34:01 GMT+07:00" duration-ms="423" status="PASS">
          <params>
            <param index="0">
              <value>
                <![CDATA[[TestResult name=testCustomerCancelled status=FAILURE method=TripStatusTest.testCustomerCancelled()[pri:7, instance:tests.TripStatusTest@cd3fee8] output={null}]]]>
              </value>
            </param>
          </params>
          <reporter-output>
          </reporter-output>
        </test-method> <!-- tearDown -->
        <test-method is-config="true" signature="setUp()[pri:0, instance:tests.TripStatusTest@cd3fee8]" started-at="2026-05-02T21:34:01 GMT+07:00" name="setUp" finished-at="2026-05-02T21:34:02 GMT+07:00" duration-ms="666" status="PASS">
          <reporter-output>
          </reporter-output>
        </test-method> <!-- setUp -->
        <test-method is-config="true" signature="setupPages()[pri:0, instance:tests.TripStatusTest@cd3fee8]" started-at="2026-05-02T21:34:02 GMT+07:00" name="setupPages" finished-at="2026-05-02T21:34:02 GMT+07:00" duration-ms="2" status="PASS">
          <reporter-output>
          </reporter-output>
        </test-method> <!-- setupPages -->
        <test-method signature="testDisableCompleteTripIfCustomersPending()[pri:8, instance:tests.TripStatusTest@cd3fee8]" started-at="2026-05-02T21:34:02 GMT+07:00" name="testDisableCompleteTripIfCustomersPending" description="TC_UC07.3_08: Chặn hoàn thành khi chưa xử lý hết khách" finished-at="2026-05-02T21:34:04 GMT+07:00" duration-ms="1995" status="PASS">
          <reporter-output>
          </reporter-output>
        </test-method> <!-- testDisableCompleteTripIfCustomersPending -->
        <test-method is-config="true" signature="tearDown(org.testng.ITestResult)[pri:0, instance:tests.TripStatusTest@cd3fee8]" started-at="2026-05-02T21:34:04 GMT+07:00" name="tearDown" finished-at="2026-05-02T21:34:04 GMT+07:00" duration-ms="144" status="PASS">
          <params>
            <param index="0">
              <value>
                <![CDATA[[TestResult name=testDisableCompleteTripIfCustomersPending status=SUCCESS method=TripStatusTest.testDisableCompleteTripIfCustomersPending()[pri:8, instance:tests.TripStatusTest@cd3fee8] output={null}]]]>
              </value>
            </param>
          </params>
          <reporter-output>
          </reporter-output>
        </test-method> <!-- tearDown -->
        <test-method is-config="true" signature="setUp()[pri:0, instance:tests.TripStatusTest@cd3fee8]" started-at="2026-05-02T21:34:04 GMT+07:00" name="setUp" finished-at="2026-05-02T21:34:05 GMT+07:00" duration-ms="679" status="PASS">
          <reporter-output>
          </reporter-output>
        </test-method> <!-- setUp -->
        <test-method signature="testCancelIncidentReport()[pri:9, instance:tests.TripStatusTest@cd3fee8]" started-at="2026-05-02T21:34:05 GMT+07:00" name="testCancelIncidentReport" description="TC_UC07.3_09: Hủy thao tác báo cáo sự cố" finished-at="2026-05-02T21:34:17 GMT+07:00" duration-ms="12188" status="PASS">
          <reporter-output>
          </reporter-output>
        </test-method> <!-- testCancelIncidentReport -->
        <test-method is-config="true" signature="setupPages()[pri:0, instance:tests.TripStatusTest@cd3fee8]" started-at="2026-05-02T21:34:05 GMT+07:00" name="setupPages" finished-at="2026-05-02T21:34:05 GMT+07:00" duration-ms="0" status="PASS">
          <reporter-output>
          </reporter-output>
        </test-method> <!-- setupPages -->
        <test-method is-config="true" signature="tearDown(org.testng.ITestResult)[pri:0, instance:tests.TripStatusTest@cd3fee8]" started-at="2026-05-02T21:34:17 GMT+07:00" name="tearDown" finished-at="2026-05-02T21:34:17 GMT+07:00" duration-ms="196" status="PASS">
          <params>
            <param index="0">
              <value>
                <![CDATA[[TestResult name=testCancelIncidentReport status=SUCCESS method=TripStatusTest.testCancelIncidentReport()[pri:9, instance:tests.TripStatusTest@cd3fee8] output={null}]]]>
              </value>
            </param>
          </params>
          <reporter-output>
          </reporter-output>
        </test-method> <!-- tearDown -->
        <test-method is-config="true" signature="setUp()[pri:0, instance:tests.TripStatusTest@cd3fee8]" started-at="2026-05-02T21:34:17 GMT+07:00" name="setUp" finished-at="2026-05-02T21:34:18 GMT+07:00" duration-ms="632" status="PASS">
          <reporter-output>
          </reporter-output>
        </test-method> <!-- setUp -->
        <test-method signature="testReportIncident()[pri:10, instance:tests.TripStatusTest@cd3fee8]" started-at="2026-05-02T21:34:18 GMT+07:00" name="testReportIncident" description="TC_UC07.3_10: Báo cáo sự cố thành công" finished-at="2026-05-02T21:34:30 GMT+07:00" duration-ms="12236" status="FAIL">
          <exception class="org.openqa.selenium.TimeoutException">
            <message>
              <![CDATA[Expected condition failed: waiting for visibility of element located by By.xpath: //div[contains(@style, 'background: #DCFCE7') or contains(@style, 'rgb(220, 252, 231)')] (tried for 10 second(s) with 500 milliseconds interval)
Build info: version: '4.29.0', revision: '5fc1ec94cb'
System info: os.name: 'Windows 11', os.arch: 'amd64', os.version: '10.0', java.version: '25.0.2'
Driver info: org.openqa.selenium.chrome.ChromeDriver
Capabilities {acceptInsecureCerts: false, browserName: chrome, browserVersion: 147.0.7727.138, chrome: {chromedriverVersion: 147.0.7727.117 (474cc805edd..., userDataDir: C:\Users\admin\AppData\Loca...}, fedcm:accounts: true, goog:chromeOptions: {debuggerAddress: localhost:61838}, goog:processID: 2868, networkConnectionEnabled: false, pageLoadStrategy: normal, platformName: windows, proxy: Proxy(), se:cdp: ws://localhost:61838/devtoo..., se:cdpVersion: 147.0.7727.138, setWindowRect: true, strictFileInteractability: false, timeouts: {implicit: 0, pageLoad: 300000, script: 30000}, unhandledPromptBehavior: dismiss and notify, webauthn:extension:credBlob: true, webauthn:extension:largeBlob: true, webauthn:extension:minPinLength: true, webauthn:extension:prf: true, webauthn:virtualAuthenticators: true}
Session ID: 3edb71cc5fbe0a6587fa571f50ad67f0]]>
            </message>
            <full-stacktrace>
              <![CDATA[org.openqa.selenium.TimeoutException: Expected condition failed: waiting for visibility of element located by By.xpath: //div[contains(@style, 'background: #DCFCE7') or contains(@style, 'rgb(220, 252, 231)')] (tried for 10 second(s) with 500 milliseconds interval)
Build info: version: '4.29.0', revision: '5fc1ec94cb'
System info: os.name: 'Windows 11', os.arch: 'amd64', os.version: '10.0', java.version: '25.0.2'
Driver info: org.openqa.selenium.chrome.ChromeDriver
Capabilities {acceptInsecureCerts: false, browserName: chrome, browserVersion: 147.0.7727.138, chrome: {chromedriverVersion: 147.0.7727.117 (474cc805edd..., userDataDir: C:\Users\admin\AppData\Loca...}, fedcm:accounts: true, goog:chromeOptions: {debuggerAddress: localhost:61838}, goog:processID: 2868, networkConnectionEnabled: false, pageLoadStrategy: normal, platformName: windows, proxy: Proxy(), se:cdp: ws://localhost:61838/devtoo..., se:cdpVersion: 147.0.7727.138, setWindowRect: true, strictFileInteractability: false, timeouts: {implicit: 0, pageLoad: 300000, script: 30000}, unhandledPromptBehavior: dismiss and notify, webauthn:extension:credBlob: true, webauthn:extension:largeBlob: true, webauthn:extension:minPinLength: true, webauthn:extension:prf: true, webauthn:virtualAuthenticators: true}
Session ID: 3edb71cc5fbe0a6587fa571f50ad67f0
at org.openqa.selenium.support.ui.WebDriverWait.timeoutException(WebDriverWait.java:84)
at org.openqa.selenium.support.ui.FluentWait.until(FluentWait.java:228)
at pages.DriverTripDetailPage.getSuccessMessageText(DriverTripDetailPage.java:122)
at tests.TripStatusTest.testReportIncident(TripStatusTest.java:167)
at java.base/jdk.internal.reflect.DirectMethodHandleAccessor.invoke(DirectMethodHandleAccessor.java:104)
at java.base/java.lang.reflect.Method.invoke(Method.java:565)
at org.testng.internal.invokers.MethodInvocationHelper.invokeMethod(MethodInvocationHelper.java:139)
at org.testng.internal.invokers.TestInvoker.invokeMethod(TestInvoker.java:664)
at org.testng.internal.invokers.TestInvoker.invokeTestMethod(TestInvoker.java:228)
at org.testng.internal.invokers.MethodRunner.runInSequence(MethodRunner.java:63)
at org.testng.internal.invokers.TestInvoker$MethodInvocationAgent.invoke(TestInvoker.java:961)
at org.testng.internal.invokers.TestInvoker.invokeTestMethods(TestInvoker.java:201)
at org.testng.internal.invokers.TestMethodWorker.invokeTestMethods(TestMethodWorker.java:148)
at org.testng.internal.invokers.TestMethodWorker.run(TestMethodWorker.java:128)
at java.base/java.util.ArrayList.forEach(ArrayList.java:1604)
at org.testng.TestRunner.privateRun(TestRunner.java:819)
at org.testng.TestRunner.run(TestRunner.java:619)
at org.testng.SuiteRunner.runTest(SuiteRunner.java:443)
at org.testng.SuiteRunner.runSequentially(SuiteRunner.java:437)
at org.testng.SuiteRunner.privateRun(SuiteRunner.java:397)
at org.testng.SuiteRunner.run(SuiteRunner.java:336)
at org.testng.SuiteRunnerWorker.runSuite(SuiteRunnerWorker.java:52)
at org.testng.SuiteRunnerWorker.run(SuiteRunnerWorker.java:95)
at org.testng.TestNG.runSuitesSequentially(TestNG.java:1301)
at org.testng.TestNG.runSuitesLocally(TestNG.java:1228)
at org.testng.TestNG.runSuites(TestNG.java:1134)
at org.testng.TestNG.run(TestNG.java:1101)
at org.apache.maven.surefire.testng.TestNGExecutor.run(TestNGExecutor.java:308)
at org.apache.maven.surefire.testng.TestNGXmlTestSuite.execute(TestNGXmlTestSuite.java:71)
at org.apache.maven.surefire.testng.TestNGProvider.invoke(TestNGProvider.java:113)
at org.apache.maven.surefire.booter.ForkedBooter.runSuitesInProcess(ForkedBooter.java:385)
at org.apache.maven.surefire.booter.ForkedBooter.execute(ForkedBooter.java:162)
at org.apache.maven.surefire.booter.ForkedBooter.run(ForkedBooter.java:507)
at org.apache.maven.surefire.booter.ForkedBooter.main(ForkedBooter.java:495)
]]>
            </full-stacktrace>
          </exception> <!-- org.openqa.selenium.TimeoutException -->
          <reporter-output>
          </reporter-output>
        </test-method> <!-- testReportIncident -->
        <test-method is-config="true" signature="setupPages()[pri:0, instance:tests.TripStatusTest@cd3fee8]" started-at="2026-05-02T21:34:18 GMT+07:00" name="setupPages" finished-at="2026-05-02T21:34:18 GMT+07:00" duration-ms="0" status="PASS">
          <reporter-output>
          </reporter-output>
        </test-method> <!-- setupPages -->
        <test-method is-config="true" signature="tearDown(org.testng.ITestResult)[pri:0, instance:tests.TripStatusTest@cd3fee8]" started-at="2026-05-02T21:34:30 GMT+07:00" name="tearDown" finished-at="2026-05-02T21:34:30 GMT+07:00" duration-ms="378" status="PASS">
          <params>
            <param index="0">
              <value>
                <![CDATA[[TestResult name=testReportIncident status=FAILURE method=TripStatusTest.testReportIncident()[pri:10, instance:tests.TripStatusTest@cd3fee8] output={null}]]]>
              </value>
            </param>
          </params>
          <reporter-output>
          </reporter-output>
        </test-method> <!-- tearDown -->
        <test-method is-config="true" signature="setUp()[pri:0, instance:tests.TripStatusTest@cd3fee8]" started-at="2026-05-02T21:34:30 GMT+07:00" name="setUp" finished-at="2026-05-02T21:34:31 GMT+07:00" duration-ms="636" status="PASS">
          <reporter-output>
          </reporter-output>
        </test-method> <!-- setUp -->
        <test-method signature="testCompleteTrip()[pri:11, instance:tests.TripStatusTest@cd3fee8]" started-at="2026-05-02T21:34:31 GMT+07:00" name="testCompleteTrip" description="TC_UC07.3_11: Hoàn thành chuyến xe" finished-at="2026-05-02T21:34:44 GMT+07:00" duration-ms="12575" status="FAIL">
          <exception class="org.openqa.selenium.TimeoutException">
            <message>
              <![CDATA[Expected condition failed: waiting for visibility of element located by By.xpath: //div[contains(@style, 'background: #DCFCE7') or contains(@style, 'rgb(220, 252, 231)')] (tried for 10 second(s) with 500 milliseconds interval)
Build info: version: '4.29.0', revision: '5fc1ec94cb'
System info: os.name: 'Windows 11', os.arch: 'amd64', os.version: '10.0', java.version: '25.0.2'
Driver info: org.openqa.selenium.chrome.ChromeDriver
Capabilities {acceptInsecureCerts: false, browserName: chrome, browserVersion: 147.0.7727.138, chrome: {chromedriverVersion: 147.0.7727.117 (474cc805edd..., userDataDir: C:\Users\admin\AppData\Loca...}, fedcm:accounts: true, goog:chromeOptions: {debuggerAddress: localhost:50569}, goog:processID: 14472, networkConnectionEnabled: false, pageLoadStrategy: normal, platformName: windows, proxy: Proxy(), se:cdp: ws://localhost:50569/devtoo..., se:cdpVersion: 147.0.7727.138, setWindowRect: true, strictFileInteractability: false, timeouts: {implicit: 0, pageLoad: 300000, script: 30000}, unhandledPromptBehavior: dismiss and notify, webauthn:extension:credBlob: true, webauthn:extension:largeBlob: true, webauthn:extension:minPinLength: true, webauthn:extension:prf: true, webauthn:virtualAuthenticators: true}
Session ID: 91fe513a20eacd7e46cd5dcb81d0d1cc]]>
            </message>
            <full-stacktrace>
              <![CDATA[org.openqa.selenium.TimeoutException: Expected condition failed: waiting for visibility of element located by By.xpath: //div[contains(@style, 'background: #DCFCE7') or contains(@style, 'rgb(220, 252, 231)')] (tried for 10 second(s) with 500 milliseconds interval)
Build info: version: '4.29.0', revision: '5fc1ec94cb'
System info: os.name: 'Windows 11', os.arch: 'amd64', os.version: '10.0', java.version: '25.0.2'
Driver info: org.openqa.selenium.chrome.ChromeDriver
Capabilities {acceptInsecureCerts: false, browserName: chrome, browserVersion: 147.0.7727.138, chrome: {chromedriverVersion: 147.0.7727.117 (474cc805edd..., userDataDir: C:\Users\admin\AppData\Loca...}, fedcm:accounts: true, goog:chromeOptions: {debuggerAddress: localhost:50569}, goog:processID: 14472, networkConnectionEnabled: false, pageLoadStrategy: normal, platformName: windows, proxy: Proxy(), se:cdp: ws://localhost:50569/devtoo..., se:cdpVersion: 147.0.7727.138, setWindowRect: true, strictFileInteractability: false, timeouts: {implicit: 0, pageLoad: 300000, script: 30000}, unhandledPromptBehavior: dismiss and notify, webauthn:extension:credBlob: true, webauthn:extension:largeBlob: true, webauthn:extension:minPinLength: true, webauthn:extension:prf: true, webauthn:virtualAuthenticators: true}
Session ID: 91fe513a20eacd7e46cd5dcb81d0d1cc
at org.openqa.selenium.support.ui.WebDriverWait.timeoutException(WebDriverWait.java:84)
at org.openqa.selenium.support.ui.FluentWait.until(FluentWait.java:228)
at pages.DriverTripDetailPage.getSuccessMessageText(DriverTripDetailPage.java:122)
at tests.TripStatusTest.testCompleteTrip(TripStatusTest.java:180)
at java.base/jdk.internal.reflect.DirectMethodHandleAccessor.invoke(DirectMethodHandleAccessor.java:104)
at java.base/java.lang.reflect.Method.invoke(Method.java:565)
at org.testng.internal.invokers.MethodInvocationHelper.invokeMethod(MethodInvocationHelper.java:139)
at org.testng.internal.invokers.TestInvoker.invokeMethod(TestInvoker.java:664)
at org.testng.internal.invokers.TestInvoker.invokeTestMethod(TestInvoker.java:228)
at org.testng.internal.invokers.MethodRunner.runInSequence(MethodRunner.java:63)
at org.testng.internal.invokers.TestInvoker$MethodInvocationAgent.invoke(TestInvoker.java:961)
at org.testng.internal.invokers.TestInvoker.invokeTestMethods(TestInvoker.java:201)
at org.testng.internal.invokers.TestMethodWorker.invokeTestMethods(TestMethodWorker.java:148)
at org.testng.internal.invokers.TestMethodWorker.run(TestMethodWorker.java:128)
at java.base/java.util.ArrayList.forEach(ArrayList.java:1604)
at org.testng.TestRunner.privateRun(TestRunner.java:819)
at org.testng.TestRunner.run(TestRunner.java:619)
at org.testng.SuiteRunner.runTest(SuiteRunner.java:443)
at org.testng.SuiteRunner.runSequentially(SuiteRunner.java:437)
at org.testng.SuiteRunner.privateRun(SuiteRunner.java:397)
at org.testng.SuiteRunner.run(SuiteRunner.java:336)
at org.testng.SuiteRunnerWorker.runSuite(SuiteRunnerWorker.java:52)
at org.testng.SuiteRunnerWorker.run(SuiteRunnerWorker.java:95)
at org.testng.TestNG.runSuitesSequentially(TestNG.java:1301)
at org.testng.TestNG.runSuitesLocally(TestNG.java:1228)
at org.testng.TestNG.runSuites(TestNG.java:1134)
at org.testng.TestNG.run(TestNG.java:1101)
at org.apache.maven.surefire.testng.TestNGExecutor.run(TestNGExecutor.java:308)
at org.apache.maven.surefire.testng.TestNGXmlTestSuite.execute(TestNGXmlTestSuite.java:71)
at org.apache.maven.surefire.testng.TestNGProvider.invoke(TestNGProvider.java:113)
at org.apache.maven.surefire.booter.ForkedBooter.runSuitesInProcess(ForkedBooter.java:385)
at org.apache.maven.surefire.booter.ForkedBooter.execute(ForkedBooter.java:162)
at org.apache.maven.surefire.booter.ForkedBooter.run(ForkedBooter.java:507)
at org.apache.maven.surefire.booter.ForkedBooter.main(ForkedBooter.java:495)
]]>
            </full-stacktrace>
          </exception> <!-- org.openqa.selenium.TimeoutException -->
          <reporter-output>
          </reporter-output>
        </test-method> <!-- testCompleteTrip -->
        <test-method is-config="true" signature="setupPages()[pri:0, instance:tests.TripStatusTest@cd3fee8]" started-at="2026-05-02T21:34:31 GMT+07:00" name="setupPages" finished-at="2026-05-02T21:34:31 GMT+07:00" duration-ms="0" status="PASS">
          <reporter-output>
          </reporter-output>
        </test-method> <!-- setupPages -->
        <test-method is-config="true" signature="tearDown(org.testng.ITestResult)[pri:0, instance:tests.TripStatusTest@cd3fee8]" started-at="2026-05-02T21:34:44 GMT+07:00" name="tearDown" finished-at="2026-05-02T21:34:44 GMT+07:00" duration-ms="616" status="PASS">
          <params>
            <param index="0">
              <value>
                <![CDATA[[TestResult name=testCompleteTrip status=FAILURE method=TripStatusTest.testCompleteTrip()[pri:11, instance:tests.TripStatusTest@cd3fee8] output={null}]]]>
              </value>
            </param>
          </params>
          <reporter-output>
          </reporter-output>
        </test-method> <!-- tearDown -->
        <test-method is-config="true" signature="setUp()[pri:0, instance:tests.TripStatusTest@cd3fee8]" started-at="2026-05-02T21:34:44 GMT+07:00" name="setUp" finished-at="2026-05-02T21:34:45 GMT+07:00" duration-ms="708" status="PASS">
          <reporter-output>
          </reporter-output>
        </test-method> <!-- setUp -->
        <test-method signature="testNetworkErrorOnUpdate()[pri:12, instance:tests.TripStatusTest@cd3fee8]" started-at="2026-05-02T21:34:45 GMT+07:00" name="testNetworkErrorOnUpdate" description="TC_UC07.3_12: Lỗi mạng khi cập nhật trạng thái (Giả lập)" finished-at="2026-05-02T21:34:45 GMT+07:00" duration-ms="0" status="PASS">
          <reporter-output>
          </reporter-output>
        </test-method> <!-- testNetworkErrorOnUpdate -->
        <test-method is-config="true" signature="setupPages()[pri:0, instance:tests.TripStatusTest@cd3fee8]" started-at="2026-05-02T21:34:45 GMT+07:00" name="setupPages" finished-at="2026-05-02T21:34:45 GMT+07:00" duration-ms="0" status="PASS">
          <reporter-output>
          </reporter-output>
        </test-method> <!-- setupPages -->
        <test-method is-config="true" signature="tearDown(org.testng.ITestResult)[pri:0, instance:tests.TripStatusTest@cd3fee8]" started-at="2026-05-02T21:34:45 GMT+07:00" name="tearDown" finished-at="2026-05-02T21:34:45 GMT+07:00" duration-ms="129" status="PASS">
          <params>
            <param index="0">
              <value>
                <![CDATA[[TestResult name=testNetworkErrorOnUpdate status=SUCCESS method=TripStatusTest.testNetworkErrorOnUpdate()[pri:12, instance:tests.TripStatusTest@cd3fee8] output={null}]]]>
              </value>
            </param>
          </params>
          <reporter-output>
          </reporter-output>
        </test-method> <!-- tearDown -->
      </class> <!-- tests.TripStatusTest -->
      <class name="tests.TheoDoiTrangThaiTrungChuyenTest">
        <test-method is-config="true" signature="setUp()[pri:0, instance:tests.TheoDoiTrangThaiTrungChuyenTest@3c130745]" started-at="2026-05-02T21:31:15 GMT+07:00" name="setUp" finished-at="2026-05-02T21:31:16 GMT+07:00" duration-ms="649" status="PASS">
          <reporter-output>
          </reporter-output>
        </test-method> <!-- setUp -->
        <test-method is-config="true" signature="setupPages()[pri:0, instance:tests.TheoDoiTrangThaiTrungChuyenTest@3c130745]" started-at="2026-05-02T21:31:16 GMT+07:00" name="setupPages" finished-at="2026-05-02T21:31:16 GMT+07:00" duration-ms="0" status="PASS">
          <reporter-output>
          </reporter-output>
        </test-method> <!-- setupPages -->
        <test-method signature="testAccessTrackStatusFunction()[pri:1, instance:tests.TheoDoiTrangThaiTrungChuyenTest@3c130745]" started-at="2026-05-02T21:31:16 GMT+07:00" name="testAccessTrackStatusFunction" description="TC_UC05.3_01: Truy cập chức năng" finished-at="2026-05-02T21:31:18 GMT+07:00" duration-ms="1764" status="PASS">
          <reporter-output>
          </reporter-output>
        </test-method> <!-- testAccessTrackStatusFunction -->
        <test-method is-config="true" signature="tearDown(org.testng.ITestResult)[pri:0, instance:tests.TheoDoiTrangThaiTrungChuyenTest@3c130745]" started-at="2026-05-02T21:31:18 GMT+07:00" name="tearDown" finished-at="2026-05-02T21:31:18 GMT+07:00" duration-ms="137" status="PASS">
          <params>
            <param index="0">
              <value>
                <![CDATA[[TestResult name=testAccessTrackStatusFunction status=SUCCESS method=TheoDoiTrangThaiTrungChuyenTest.testAccessTrackStatusFunction()[pri:1, instance:tests.TheoDoiTrangThaiTrungChuyenTest@3c130745] output={null}]]]>
              </value>
            </param>
          </params>
          <reporter-output>
          </reporter-output>
        </test-method> <!-- tearDown -->
        <test-method is-config="true" signature="setUp()[pri:0, instance:tests.TheoDoiTrangThaiTrungChuyenTest@3c130745]" started-at="2026-05-02T21:31:18 GMT+07:00" name="setUp" finished-at="2026-05-02T21:31:19 GMT+07:00" duration-ms="661" status="PASS">
          <reporter-output>
          </reporter-output>
        </test-method> <!-- setUp -->
        <test-method signature="testViewRouteDetails()[pri:2, instance:tests.TheoDoiTrangThaiTrungChuyenTest@3c130745]" started-at="2026-05-02T21:31:19 GMT+07:00" name="testViewRouteDetails" description="TC_UC05.3_02: Xem chi tiết lộ trình" finished-at="2026-05-02T21:31:21 GMT+07:00" duration-ms="2137" status="PASS">
          <reporter-output>
          </reporter-output>
        </test-method> <!-- testViewRouteDetails -->
        <test-method is-config="true" signature="setupPages()[pri:0, instance:tests.TheoDoiTrangThaiTrungChuyenTest@3c130745]" started-at="2026-05-02T21:31:19 GMT+07:00" name="setupPages" finished-at="2026-05-02T21:31:19 GMT+07:00" duration-ms="0" status="PASS">
          <reporter-output>
          </reporter-output>
        </test-method> <!-- setupPages -->
        <test-method is-config="true" signature="tearDown(org.testng.ITestResult)[pri:0, instance:tests.TheoDoiTrangThaiTrungChuyenTest@3c130745]" started-at="2026-05-02T21:31:21 GMT+07:00" name="tearDown" finished-at="2026-05-02T21:31:21 GMT+07:00" duration-ms="150" status="PASS">
          <params>
            <param index="0">
              <value>
                <![CDATA[[TestResult name=testViewRouteDetails status=SUCCESS method=TheoDoiTrangThaiTrungChuyenTest.testViewRouteDetails()[pri:2, instance:tests.TheoDoiTrangThaiTrungChuyenTest@3c130745] output={null}]]]>
              </value>
            </param>
          </params>
          <reporter-output>
          </reporter-output>
        </test-method> <!-- tearDown -->
        <test-method is-config="true" signature="setUp()[pri:0, instance:tests.TheoDoiTrangThaiTrungChuyenTest@3c130745]" started-at="2026-05-02T21:31:21 GMT+07:00" name="setUp" finished-at="2026-05-02T21:31:21 GMT+07:00" duration-ms="630" status="PASS">
          <reporter-output>
          </reporter-output>
        </test-method> <!-- setUp -->
        <test-method signature="testTrackPendingRoute()[pri:3, instance:tests.TheoDoiTrangThaiTrungChuyenTest@3c130745]" started-at="2026-05-02T21:31:21 GMT+07:00" name="testTrackPendingRoute" description="TC_UC05.3_03: Theo dõi lộ trình &#039;Chưa thực hiện&#039;" finished-at="2026-05-02T21:31:24 GMT+07:00" duration-ms="2941" status="PASS">
          <reporter-output>
          </reporter-output>
        </test-method> <!-- testTrackPendingRoute -->
        <test-method is-config="true" signature="setupPages()[pri:0, instance:tests.TheoDoiTrangThaiTrungChuyenTest@3c130745]" started-at="2026-05-02T21:31:21 GMT+07:00" name="setupPages" finished-at="2026-05-02T21:31:21 GMT+07:00" duration-ms="0" status="PASS">
          <reporter-output>
          </reporter-output>
        </test-method> <!-- setupPages -->
        <test-method is-config="true" signature="tearDown(org.testng.ITestResult)[pri:0, instance:tests.TheoDoiTrangThaiTrungChuyenTest@3c130745]" started-at="2026-05-02T21:31:24 GMT+07:00" name="tearDown" finished-at="2026-05-02T21:31:25 GMT+07:00" duration-ms="170" status="PASS">
          <params>
            <param index="0">
              <value>
                <![CDATA[[TestResult name=testTrackPendingRoute status=SUCCESS method=TheoDoiTrangThaiTrungChuyenTest.testTrackPendingRoute()[pri:3, instance:tests.TheoDoiTrangThaiTrungChuyenTest@3c130745] output={null}]]]>
              </value>
            </param>
          </params>
          <reporter-output>
          </reporter-output>
        </test-method> <!-- tearDown -->
        <test-method is-config="true" signature="setUp()[pri:0, instance:tests.TheoDoiTrangThaiTrungChuyenTest@3c130745]" started-at="2026-05-02T21:31:25 GMT+07:00" name="setUp" finished-at="2026-05-02T21:31:25 GMT+07:00" duration-ms="646" status="PASS">
          <reporter-output>
          </reporter-output>
        </test-method> <!-- setUp -->
        <test-method signature="testTrackRunningRoute()[pri:4, instance:tests.TheoDoiTrangThaiTrungChuyenTest@3c130745]" started-at="2026-05-02T21:31:25 GMT+07:00" name="testTrackRunningRoute" description="TC_UC05.3_04: Theo dõi lộ trình &#039;Đang thực hiện&#039;" finished-at="2026-05-02T21:31:37 GMT+07:00" duration-ms="11768" status="SKIP">
          <exception class="org.testng.SkipException">
            <message>
              <![CDATA[Không có lộ trình trạng thái: Đang thực hiện]]>
            </message>
            <full-stacktrace>
              <![CDATA[org.testng.SkipException: Không có lộ trình trạng thái: Đang thực hiện
at tests.TheoDoiTrangThaiTrungChuyenTest.selectRouteByStatusOrSkip(TheoDoiTrangThaiTrungChuyenTest.java:32)
at tests.TheoDoiTrangThaiTrungChuyenTest.testTrackRunningRoute(TheoDoiTrangThaiTrungChuyenTest.java:92)
at java.base/jdk.internal.reflect.DirectMethodHandleAccessor.invoke(DirectMethodHandleAccessor.java:104)
at java.base/java.lang.reflect.Method.invoke(Method.java:565)
at org.testng.internal.invokers.MethodInvocationHelper.invokeMethod(MethodInvocationHelper.java:139)
at org.testng.internal.invokers.TestInvoker.invokeMethod(TestInvoker.java:664)
at org.testng.internal.invokers.TestInvoker.invokeTestMethod(TestInvoker.java:228)
at org.testng.internal.invokers.MethodRunner.runInSequence(MethodRunner.java:63)
at org.testng.internal.invokers.TestInvoker$MethodInvocationAgent.invoke(TestInvoker.java:961)
at org.testng.internal.invokers.TestInvoker.invokeTestMethods(TestInvoker.java:201)
at org.testng.internal.invokers.TestMethodWorker.invokeTestMethods(TestMethodWorker.java:148)
at org.testng.internal.invokers.TestMethodWorker.run(TestMethodWorker.java:128)
at java.base/java.util.ArrayList.forEach(ArrayList.java:1604)
at org.testng.TestRunner.privateRun(TestRunner.java:819)
at org.testng.TestRunner.run(TestRunner.java:619)
at org.testng.SuiteRunner.runTest(SuiteRunner.java:443)
at org.testng.SuiteRunner.runSequentially(SuiteRunner.java:437)
at org.testng.SuiteRunner.privateRun(SuiteRunner.java:397)
at org.testng.SuiteRunner.run(SuiteRunner.java:336)
at org.testng.SuiteRunnerWorker.runSuite(SuiteRunnerWorker.java:52)
at org.testng.SuiteRunnerWorker.run(SuiteRunnerWorker.java:95)
at org.testng.TestNG.runSuitesSequentially(TestNG.java:1301)
at org.testng.TestNG.runSuitesLocally(TestNG.java:1228)
at org.testng.TestNG.runSuites(TestNG.java:1134)
at org.testng.TestNG.run(TestNG.java:1101)
at org.apache.maven.surefire.testng.TestNGExecutor.run(TestNGExecutor.java:308)
at org.apache.maven.surefire.testng.TestNGXmlTestSuite.execute(TestNGXmlTestSuite.java:71)
at org.apache.maven.surefire.testng.TestNGProvider.invoke(TestNGProvider.java:113)
at org.apache.maven.surefire.booter.ForkedBooter.runSuitesInProcess(ForkedBooter.java:385)
at org.apache.maven.surefire.booter.ForkedBooter.execute(ForkedBooter.java:162)
at org.apache.maven.surefire.booter.ForkedBooter.run(ForkedBooter.java:507)
at org.apache.maven.surefire.booter.ForkedBooter.main(ForkedBooter.java:495)
]]>
            </full-stacktrace>
          </exception> <!-- org.testng.SkipException -->
          <reporter-output>
          </reporter-output>
        </test-method> <!-- testTrackRunningRoute -->
        <test-method is-config="true" signature="setupPages()[pri:0, instance:tests.TheoDoiTrangThaiTrungChuyenTest@3c130745]" started-at="2026-05-02T21:31:25 GMT+07:00" name="setupPages" finished-at="2026-05-02T21:31:25 GMT+07:00" duration-ms="0" status="PASS">
          <reporter-output>
          </reporter-output>
        </test-method> <!-- setupPages -->
        <test-method is-config="true" signature="tearDown(org.testng.ITestResult)[pri:0, instance:tests.TheoDoiTrangThaiTrungChuyenTest@3c130745]" started-at="2026-05-02T21:31:37 GMT+07:00" name="tearDown" finished-at="2026-05-02T21:31:37 GMT+07:00" duration-ms="195" status="PASS">
          <params>
            <param index="0">
              <value>
                <![CDATA[[TestResult name=testTrackRunningRoute status=SKIP method=TheoDoiTrangThaiTrungChuyenTest.testTrackRunningRoute()[pri:4, instance:tests.TheoDoiTrangThaiTrungChuyenTest@3c130745] output={null}]]]>
              </value>
            </param>
          </params>
          <reporter-output>
          </reporter-output>
        </test-method> <!-- tearDown -->
        <test-method is-config="true" signature="setUp()[pri:0, instance:tests.TheoDoiTrangThaiTrungChuyenTest@3c130745]" started-at="2026-05-02T21:31:37 GMT+07:00" name="setUp" finished-at="2026-05-02T21:31:38 GMT+07:00" duration-ms="643" status="PASS">
          <reporter-output>
          </reporter-output>
        </test-method> <!-- setUp -->
        <test-method signature="testTrackCompletedRoute()[pri:5, instance:tests.TheoDoiTrangThaiTrungChuyenTest@3c130745]" started-at="2026-05-02T21:31:38 GMT+07:00" name="testTrackCompletedRoute" description="TC_UC05.3_05: Theo dõi lộ trình &#039;Hoàn thành&#039;" finished-at="2026-05-02T21:32:02 GMT+07:00" duration-ms="23976" status="FAIL">
          <exception class="java.lang.AssertionError">
            <message>
              <![CDATA[Lỗi UI: Lộ trình đã hoàn thành nhưng không hiển thị vị trí cuối cùng là 'Đã trả khách'! expected [true] but found [false]]]>
            </message>
            <full-stacktrace>
              <![CDATA[java.lang.AssertionError: Lỗi UI: Lộ trình đã hoàn thành nhưng không hiển thị vị trí cuối cùng là 'Đã trả khách'! expected [true] but found [false]
at org.testng.Assert.fail(Assert.java:111)
at org.testng.Assert.failNotEquals(Assert.java:1578)
at org.testng.Assert.assertTrue(Assert.java:57)
at tests.TheoDoiTrangThaiTrungChuyenTest.testTrackCompletedRoute(TheoDoiTrangThaiTrungChuyenTest.java:108)
at java.base/jdk.internal.reflect.DirectMethodHandleAccessor.invoke(DirectMethodHandleAccessor.java:104)
at java.base/java.lang.reflect.Method.invoke(Method.java:565)
at org.testng.internal.invokers.MethodInvocationHelper.invokeMethod(MethodInvocationHelper.java:139)
at org.testng.internal.invokers.TestInvoker.invokeMethod(TestInvoker.java:664)
at org.testng.internal.invokers.TestInvoker.invokeTestMethod(TestInvoker.java:228)
at org.testng.internal.invokers.MethodRunner.runInSequence(MethodRunner.java:63)
at org.testng.internal.invokers.TestInvoker$MethodInvocationAgent.invoke(TestInvoker.java:961)
at org.testng.internal.invokers.TestInvoker.invokeTestMethods(TestInvoker.java:201)
at org.testng.internal.invokers.TestMethodWorker.invokeTestMethods(TestMethodWorker.java:148)
at org.testng.internal.invokers.TestMethodWorker.run(TestMethodWorker.java:128)
at java.base/java.util.ArrayList.forEach(ArrayList.java:1604)
at org.testng.TestRunner.privateRun(TestRunner.java:819)
at org.testng.TestRunner.run(TestRunner.java:619)
at org.testng.SuiteRunner.runTest(SuiteRunner.java:443)
at org.testng.SuiteRunner.runSequentially(SuiteRunner.java:437)
at org.testng.SuiteRunner.privateRun(SuiteRunner.java:397)
at org.testng.SuiteRunner.run(SuiteRunner.java:336)
at org.testng.SuiteRunnerWorker.runSuite(SuiteRunnerWorker.java:52)
at org.testng.SuiteRunnerWorker.run(SuiteRunnerWorker.java:95)
at org.testng.TestNG.runSuitesSequentially(TestNG.java:1301)
at org.testng.TestNG.runSuitesLocally(TestNG.java:1228)
at org.testng.TestNG.runSuites(TestNG.java:1134)
at org.testng.TestNG.run(TestNG.java:1101)
at org.apache.maven.surefire.testng.TestNGExecutor.run(TestNGExecutor.java:308)
at org.apache.maven.surefire.testng.TestNGXmlTestSuite.execute(TestNGXmlTestSuite.java:71)
at org.apache.maven.surefire.testng.TestNGProvider.invoke(TestNGProvider.java:113)
at org.apache.maven.surefire.booter.ForkedBooter.runSuitesInProcess(ForkedBooter.java:385)
at org.apache.maven.surefire.booter.ForkedBooter.execute(ForkedBooter.java:162)
at org.apache.maven.surefire.booter.ForkedBooter.run(ForkedBooter.java:507)
at org.apache.maven.surefire.booter.ForkedBooter.main(ForkedBooter.java:495)
]]>
            </full-stacktrace>
          </exception> <!-- java.lang.AssertionError -->
          <reporter-output>
          </reporter-output>
        </test-method> <!-- testTrackCompletedRoute -->
        <test-method is-config="true" signature="setupPages()[pri:0, instance:tests.TheoDoiTrangThaiTrungChuyenTest@3c130745]" started-at="2026-05-02T21:31:38 GMT+07:00" name="setupPages" finished-at="2026-05-02T21:31:38 GMT+07:00" duration-ms="0" status="PASS">
          <reporter-output>
          </reporter-output>
        </test-method> <!-- setupPages -->
        <test-method is-config="true" signature="tearDown(org.testng.ITestResult)[pri:0, instance:tests.TheoDoiTrangThaiTrungChuyenTest@3c130745]" started-at="2026-05-02T21:32:02 GMT+07:00" name="tearDown" finished-at="2026-05-02T21:32:02 GMT+07:00" duration-ms="376" status="PASS">
          <params>
            <param index="0">
              <value>
                <![CDATA[[TestResult name=testTrackCompletedRoute status=FAILURE method=TheoDoiTrangThaiTrungChuyenTest.testTrackCompletedRoute()[pri:5, instance:tests.TheoDoiTrangThaiTrungChuyenTest@3c130745] output={null}]]]>
              </value>
            </param>
          </params>
          <reporter-output>
          </reporter-output>
        </test-method> <!-- tearDown -->
        <test-method is-config="true" signature="setUp()[pri:0, instance:tests.TheoDoiTrangThaiTrungChuyenTest@3c130745]" started-at="2026-05-02T21:32:02 GMT+07:00" name="setUp" finished-at="2026-05-02T21:32:03 GMT+07:00" duration-ms="649" status="PASS">
          <reporter-output>
          </reporter-output>
        </test-method> <!-- setUp -->
        <test-method signature="testGPSRealTimeUpdate()[pri:6, instance:tests.TheoDoiTrangThaiTrungChuyenTest@3c130745]" started-at="2026-05-02T21:32:03 GMT+07:00" name="testGPSRealTimeUpdate" description="TC_UC05.3_06: GPS cập nhật liên tục" finished-at="2026-05-02T21:32:15 GMT+07:00" duration-ms="11750" status="SKIP">
          <exception class="org.testng.SkipException">
            <message>
              <![CDATA[Không có lộ trình trạng thái: Đang thực hiện]]>
            </message>
            <full-stacktrace>
              <![CDATA[org.testng.SkipException: Không có lộ trình trạng thái: Đang thực hiện
at tests.TheoDoiTrangThaiTrungChuyenTest.selectRouteByStatusOrSkip(TheoDoiTrangThaiTrungChuyenTest.java:32)
at tests.TheoDoiTrangThaiTrungChuyenTest.testGPSRealTimeUpdate(TheoDoiTrangThaiTrungChuyenTest.java:81)
at java.base/jdk.internal.reflect.DirectMethodHandleAccessor.invoke(DirectMethodHandleAccessor.java:104)
at java.base/java.lang.reflect.Method.invoke(Method.java:565)
at org.testng.internal.invokers.MethodInvocationHelper.invokeMethod(MethodInvocationHelper.java:139)
at org.testng.internal.invokers.TestInvoker.invokeMethod(TestInvoker.java:664)
at org.testng.internal.invokers.TestInvoker.invokeTestMethod(TestInvoker.java:228)
at org.testng.internal.invokers.MethodRunner.runInSequence(MethodRunner.java:63)
at org.testng.internal.invokers.TestInvoker$MethodInvocationAgent.invoke(TestInvoker.java:961)
at org.testng.internal.invokers.TestInvoker.invokeTestMethods(TestInvoker.java:201)
at org.testng.internal.invokers.TestMethodWorker.invokeTestMethods(TestMethodWorker.java:148)
at org.testng.internal.invokers.TestMethodWorker.run(TestMethodWorker.java:128)
at java.base/java.util.ArrayList.forEach(ArrayList.java:1604)
at org.testng.TestRunner.privateRun(TestRunner.java:819)
at org.testng.TestRunner.run(TestRunner.java:619)
at org.testng.SuiteRunner.runTest(SuiteRunner.java:443)
at org.testng.SuiteRunner.runSequentially(SuiteRunner.java:437)
at org.testng.SuiteRunner.privateRun(SuiteRunner.java:397)
at org.testng.SuiteRunner.run(SuiteRunner.java:336)
at org.testng.SuiteRunnerWorker.runSuite(SuiteRunnerWorker.java:52)
at org.testng.SuiteRunnerWorker.run(SuiteRunnerWorker.java:95)
at org.testng.TestNG.runSuitesSequentially(TestNG.java:1301)
at org.testng.TestNG.runSuitesLocally(TestNG.java:1228)
at org.testng.TestNG.runSuites(TestNG.java:1134)
at org.testng.TestNG.run(TestNG.java:1101)
at org.apache.maven.surefire.testng.TestNGExecutor.run(TestNGExecutor.java:308)
at org.apache.maven.surefire.testng.TestNGXmlTestSuite.execute(TestNGXmlTestSuite.java:71)
at org.apache.maven.surefire.testng.TestNGProvider.invoke(TestNGProvider.java:113)
at org.apache.maven.surefire.booter.ForkedBooter.runSuitesInProcess(ForkedBooter.java:385)
at org.apache.maven.surefire.booter.ForkedBooter.execute(ForkedBooter.java:162)
at org.apache.maven.surefire.booter.ForkedBooter.run(ForkedBooter.java:507)
at org.apache.maven.surefire.booter.ForkedBooter.main(ForkedBooter.java:495)
]]>
            </full-stacktrace>
          </exception> <!-- org.testng.SkipException -->
          <reporter-output>
          </reporter-output>
        </test-method> <!-- testGPSRealTimeUpdate -->
        <test-method is-config="true" signature="setupPages()[pri:0, instance:tests.TheoDoiTrangThaiTrungChuyenTest@3c130745]" started-at="2026-05-02T21:32:03 GMT+07:00" name="setupPages" finished-at="2026-05-02T21:32:03 GMT+07:00" duration-ms="0" status="PASS">
          <reporter-output>
          </reporter-output>
        </test-method> <!-- setupPages -->
        <test-method is-config="true" signature="tearDown(org.testng.ITestResult)[pri:0, instance:tests.TheoDoiTrangThaiTrungChuyenTest@3c130745]" started-at="2026-05-02T21:32:15 GMT+07:00" name="tearDown" finished-at="2026-05-02T21:32:15 GMT+07:00" duration-ms="186" status="PASS">
          <params>
            <param index="0">
              <value>
                <![CDATA[[TestResult name=testGPSRealTimeUpdate status=SKIP method=TheoDoiTrangThaiTrungChuyenTest.testGPSRealTimeUpdate()[pri:6, instance:tests.TheoDoiTrangThaiTrungChuyenTest@3c130745] output={null}]]]>
              </value>
            </param>
          </params>
          <reporter-output>
          </reporter-output>
        </test-method> <!-- tearDown -->
        <test-method is-config="true" signature="setUp()[pri:0, instance:tests.TheoDoiTrangThaiTrungChuyenTest@3c130745]" started-at="2026-05-02T21:32:15 GMT+07:00" name="setUp" finished-at="2026-05-02T21:32:15 GMT+07:00" duration-ms="648" status="PASS">
          <reporter-output>
          </reporter-output>
        </test-method> <!-- setUp -->
        <test-method signature="testSearchByRouteCode()[pri:7, instance:tests.TheoDoiTrangThaiTrungChuyenTest@3c130745]" started-at="2026-05-02T21:32:15 GMT+07:00" name="testSearchByRouteCode" description="TC_UC05.3_07: Tìm kiếm lộ trình theo mã lộ trình" finished-at="2026-05-02T21:32:28 GMT+07:00" duration-ms="12769" status="FAIL">
          <exception class="java.lang.AssertionError">
            <message>
              <![CDATA[Không tìm thấy kết quả nào cho mã lộ trình: LT001 expected [true] but found [false]]]>
            </message>
            <full-stacktrace>
              <![CDATA[java.lang.AssertionError: Không tìm thấy kết quả nào cho mã lộ trình: LT001 expected [true] but found [false]
at org.testng.Assert.fail(Assert.java:111)
at org.testng.Assert.failNotEquals(Assert.java:1578)
at org.testng.Assert.assertTrue(Assert.java:57)
at tests.TheoDoiTrangThaiTrungChuyenTest.testSearchByRouteCode(TheoDoiTrangThaiTrungChuyenTest.java:118)
at java.base/jdk.internal.reflect.DirectMethodHandleAccessor.invoke(DirectMethodHandleAccessor.java:104)
at java.base/java.lang.reflect.Method.invoke(Method.java:565)
at org.testng.internal.invokers.MethodInvocationHelper.invokeMethod(MethodInvocationHelper.java:139)
at org.testng.internal.invokers.TestInvoker.invokeMethod(TestInvoker.java:664)
at org.testng.internal.invokers.TestInvoker.invokeTestMethod(TestInvoker.java:228)
at org.testng.internal.invokers.MethodRunner.runInSequence(MethodRunner.java:63)
at org.testng.internal.invokers.TestInvoker$MethodInvocationAgent.invoke(TestInvoker.java:961)
at org.testng.internal.invokers.TestInvoker.invokeTestMethods(TestInvoker.java:201)
at org.testng.internal.invokers.TestMethodWorker.invokeTestMethods(TestMethodWorker.java:148)
at org.testng.internal.invokers.TestMethodWorker.run(TestMethodWorker.java:128)
at java.base/java.util.ArrayList.forEach(ArrayList.java:1604)
at org.testng.TestRunner.privateRun(TestRunner.java:819)
at org.testng.TestRunner.run(TestRunner.java:619)
at org.testng.SuiteRunner.runTest(SuiteRunner.java:443)
at org.testng.SuiteRunner.runSequentially(SuiteRunner.java:437)
at org.testng.SuiteRunner.privateRun(SuiteRunner.java:397)
at org.testng.SuiteRunner.run(SuiteRunner.java:336)
at org.testng.SuiteRunnerWorker.runSuite(SuiteRunnerWorker.java:52)
at org.testng.SuiteRunnerWorker.run(SuiteRunnerWorker.java:95)
at org.testng.TestNG.runSuitesSequentially(TestNG.java:1301)
at org.testng.TestNG.runSuitesLocally(TestNG.java:1228)
at org.testng.TestNG.runSuites(TestNG.java:1134)
at org.testng.TestNG.run(TestNG.java:1101)
at org.apache.maven.surefire.testng.TestNGExecutor.run(TestNGExecutor.java:308)
at org.apache.maven.surefire.testng.TestNGXmlTestSuite.execute(TestNGXmlTestSuite.java:71)
at org.apache.maven.surefire.testng.TestNGProvider.invoke(TestNGProvider.java:113)
at org.apache.maven.surefire.booter.ForkedBooter.runSuitesInProcess(ForkedBooter.java:385)
at org.apache.maven.surefire.booter.ForkedBooter.execute(ForkedBooter.java:162)
at org.apache.maven.surefire.booter.ForkedBooter.run(ForkedBooter.java:507)
at org.apache.maven.surefire.booter.ForkedBooter.main(ForkedBooter.java:495)
]]>
            </full-stacktrace>
          </exception> <!-- java.lang.AssertionError -->
          <reporter-output>
          </reporter-output>
        </test-method> <!-- testSearchByRouteCode -->
        <test-method is-config="true" signature="setupPages()[pri:0, instance:tests.TheoDoiTrangThaiTrungChuyenTest@3c130745]" started-at="2026-05-02T21:32:15 GMT+07:00" name="setupPages" finished-at="2026-05-02T21:32:15 GMT+07:00" duration-ms="0" status="PASS">
          <reporter-output>
          </reporter-output>
        </test-method> <!-- setupPages -->
        <test-method is-config="true" signature="tearDown(org.testng.ITestResult)[pri:0, instance:tests.TheoDoiTrangThaiTrungChuyenTest@3c130745]" started-at="2026-05-02T21:32:28 GMT+07:00" name="tearDown" finished-at="2026-05-02T21:32:29 GMT+07:00" duration-ms="370" status="PASS">
          <params>
            <param index="0">
              <value>
                <![CDATA[[TestResult name=testSearchByRouteCode status=FAILURE method=TheoDoiTrangThaiTrungChuyenTest.testSearchByRouteCode()[pri:7, instance:tests.TheoDoiTrangThaiTrungChuyenTest@3c130745] output={null}]]]>
              </value>
            </param>
          </params>
          <reporter-output>
          </reporter-output>
        </test-method> <!-- tearDown -->
        <test-method is-config="true" signature="setUp()[pri:0, instance:tests.TheoDoiTrangThaiTrungChuyenTest@3c130745]" started-at="2026-05-02T21:32:29 GMT+07:00" name="setUp" finished-at="2026-05-02T21:32:29 GMT+07:00" duration-ms="632" status="PASS">
          <reporter-output>
          </reporter-output>
        </test-method> <!-- setUp -->
        <test-method signature="testSearchByVehiclePlate()[pri:8, instance:tests.TheoDoiTrangThaiTrungChuyenTest@3c130745]" started-at="2026-05-02T21:32:29 GMT+07:00" name="testSearchByVehiclePlate" description="TC_UC05.3_08: Tìm kiếm lộ trình theo biển số xe" finished-at="2026-05-02T21:32:42 GMT+07:00" duration-ms="12800" status="PASS">
          <reporter-output>
          </reporter-output>
        </test-method> <!-- testSearchByVehiclePlate -->
        <test-method is-config="true" signature="setupPages()[pri:0, instance:tests.TheoDoiTrangThaiTrungChuyenTest@3c130745]" started-at="2026-05-02T21:32:29 GMT+07:00" name="setupPages" finished-at="2026-05-02T21:32:29 GMT+07:00" duration-ms="0" status="PASS">
          <reporter-output>
          </reporter-output>
        </test-method> <!-- setupPages -->
        <test-method is-config="true" signature="tearDown(org.testng.ITestResult)[pri:0, instance:tests.TheoDoiTrangThaiTrungChuyenTest@3c130745]" started-at="2026-05-02T21:32:42 GMT+07:00" name="tearDown" finished-at="2026-05-02T21:32:42 GMT+07:00" duration-ms="213" status="PASS">
          <params>
            <param index="0">
              <value>
                <![CDATA[[TestResult name=testSearchByVehiclePlate status=SUCCESS method=TheoDoiTrangThaiTrungChuyenTest.testSearchByVehiclePlate()[pri:8, instance:tests.TheoDoiTrangThaiTrungChuyenTest@3c130745] output={null}]]]>
              </value>
            </param>
          </params>
          <reporter-output>
          </reporter-output>
        </test-method> <!-- tearDown -->
        <test-method is-config="true" signature="setUp()[pri:0, instance:tests.TheoDoiTrangThaiTrungChuyenTest@3c130745]" started-at="2026-05-02T21:32:42 GMT+07:00" name="setUp" finished-at="2026-05-02T21:32:43 GMT+07:00" duration-ms="646" status="PASS">
          <reporter-output>
          </reporter-output>
        </test-method> <!-- setUp -->
        <test-method signature="testSearchByDriverName()[pri:9, instance:tests.TheoDoiTrangThaiTrungChuyenTest@3c130745]" started-at="2026-05-02T21:32:43 GMT+07:00" name="testSearchByDriverName" description="TC_UC05.3_09: Tìm kiếm lộ trình theo tên tài xế" finished-at="2026-05-02T21:32:46 GMT+07:00" duration-ms="2778" status="PASS">
          <reporter-output>
          </reporter-output>
        </test-method> <!-- testSearchByDriverName -->
        <test-method is-config="true" signature="setupPages()[pri:0, instance:tests.TheoDoiTrangThaiTrungChuyenTest@3c130745]" started-at="2026-05-02T21:32:43 GMT+07:00" name="setupPages" finished-at="2026-05-02T21:32:43 GMT+07:00" duration-ms="0" status="PASS">
          <reporter-output>
          </reporter-output>
        </test-method> <!-- setupPages -->
        <test-method is-config="true" signature="tearDown(org.testng.ITestResult)[pri:0, instance:tests.TheoDoiTrangThaiTrungChuyenTest@3c130745]" started-at="2026-05-02T21:32:46 GMT+07:00" name="tearDown" finished-at="2026-05-02T21:32:46 GMT+07:00" duration-ms="171" status="PASS">
          <params>
            <param index="0">
              <value>
                <![CDATA[[TestResult name=testSearchByDriverName status=SUCCESS method=TheoDoiTrangThaiTrungChuyenTest.testSearchByDriverName()[pri:9, instance:tests.TheoDoiTrangThaiTrungChuyenTest@3c130745] output={null}]]]>
              </value>
            </param>
          </params>
          <reporter-output>
          </reporter-output>
        </test-method> <!-- tearDown -->
        <test-method is-config="true" signature="setUp()[pri:0, instance:tests.TheoDoiTrangThaiTrungChuyenTest@3c130745]" started-at="2026-05-02T21:32:46 GMT+07:00" name="setUp" finished-at="2026-05-02T21:32:46 GMT+07:00" duration-ms="652" status="PASS">
          <reporter-output>
          </reporter-output>
        </test-method> <!-- setUp -->
        <test-method signature="testSearchByNonExistentKeyword()[pri:10, instance:tests.TheoDoiTrangThaiTrungChuyenTest@3c130745]" started-at="2026-05-02T21:32:46 GMT+07:00" name="testSearchByNonExistentKeyword" description="TC_UC05.3_10: Tìm kiếm với từ khóa không tồn tại" finished-at="2026-05-02T21:32:59 GMT+07:00" duration-ms="12804" status="PASS">
          <reporter-output>
          </reporter-output>
        </test-method> <!-- testSearchByNonExistentKeyword -->
        <test-method is-config="true" signature="setupPages()[pri:0, instance:tests.TheoDoiTrangThaiTrungChuyenTest@3c130745]" started-at="2026-05-02T21:32:46 GMT+07:00" name="setupPages" finished-at="2026-05-02T21:32:46 GMT+07:00" duration-ms="0" status="PASS">
          <reporter-output>
          </reporter-output>
        </test-method> <!-- setupPages -->
        <test-method is-config="true" signature="tearDown(org.testng.ITestResult)[pri:0, instance:tests.TheoDoiTrangThaiTrungChuyenTest@3c130745]" started-at="2026-05-02T21:32:59 GMT+07:00" name="tearDown" finished-at="2026-05-02T21:33:01 GMT+07:00" duration-ms="1756" status="PASS">
          <params>
            <param index="0">
              <value>
                <![CDATA[[TestResult name=testSearchByNonExistentKeyword status=SUCCESS method=TheoDoiTrangThaiTrungChuyenTest.testSearchByNonExistentKeyword()[pri:10, instance:tests.TheoDoiTrangThaiTrungChuyenTest@3c130745] output={null}]]]>
              </value>
            </param>
          </params>
          <reporter-output>
          </reporter-output>
        </test-method> <!-- tearDown -->
        <test-method is-config="true" signature="setUp()[pri:0, instance:tests.TheoDoiTrangThaiTrungChuyenTest@3c130745]" started-at="2026-05-02T21:33:01 GMT+07:00" name="setUp" finished-at="2026-05-02T21:33:02 GMT+07:00" duration-ms="640" status="PASS">
          <reporter-output>
          </reporter-output>
        </test-method> <!-- setUp -->
        <test-method signature="testClearSearchKeyword()[pri:11, instance:tests.TheoDoiTrangThaiTrungChuyenTest@3c130745]" started-at="2026-05-02T21:33:02 GMT+07:00" name="testClearSearchKeyword" description="TC_UC05.3_11: Xóa từ khóa sau khi tìm kiếm" finished-at="2026-05-02T21:33:06 GMT+07:00" duration-ms="3848" status="PASS">
          <reporter-output>
          </reporter-output>
        </test-method> <!-- testClearSearchKeyword -->
        <test-method is-config="true" signature="setupPages()[pri:0, instance:tests.TheoDoiTrangThaiTrungChuyenTest@3c130745]" started-at="2026-05-02T21:33:02 GMT+07:00" name="setupPages" finished-at="2026-05-02T21:33:02 GMT+07:00" duration-ms="0" status="PASS">
          <reporter-output>
          </reporter-output>
        </test-method> <!-- setupPages -->
        <test-method is-config="true" signature="tearDown(org.testng.ITestResult)[pri:0, instance:tests.TheoDoiTrangThaiTrungChuyenTest@3c130745]" started-at="2026-05-02T21:33:06 GMT+07:00" name="tearDown" finished-at="2026-05-02T21:33:06 GMT+07:00" duration-ms="207" status="PASS">
          <params>
            <param index="0">
              <value>
                <![CDATA[[TestResult name=testClearSearchKeyword status=SUCCESS method=TheoDoiTrangThaiTrungChuyenTest.testClearSearchKeyword()[pri:11, instance:tests.TheoDoiTrangThaiTrungChuyenTest@3c130745] output={null}]]]>
              </value>
            </param>
          </params>
          <reporter-output>
          </reporter-output>
        </test-method> <!-- tearDown -->
      </class> <!-- tests.TheoDoiTrangThaiTrungChuyenTest -->
      <class name="tests.TC_UC07_1_01">
        <test-method is-config="true" signature="setUp()[pri:0, instance:tests.TC_UC07_1_01@3d680b5a]" started-at="2026-05-02T21:30:20 GMT+07:00" name="setUp" finished-at="2026-05-02T21:30:20 GMT+07:00" duration-ms="635" status="PASS">
          <reporter-output>
          </reporter-output>
        </test-method> <!-- setUp -->
        <test-method signature="testOpenRouteList()[pri:0, instance:tests.TC_UC07_1_01@3d680b5a]" started-at="2026-05-02T21:30:20 GMT+07:00" name="testOpenRouteList" description="UC07.1.01 - Mở chức năng xem lộ trình trung chuyển" finished-at="2026-05-02T21:30:22 GMT+07:00" duration-ms="1568" status="PASS">
          <reporter-output>
          </reporter-output>
        </test-method> <!-- testOpenRouteList -->
        <test-method is-config="true" signature="tearDown()[pri:0, instance:tests.TC_UC07_1_01@3d680b5a]" started-at="2026-05-02T21:30:22 GMT+07:00" name="tearDown" finished-at="2026-05-02T21:30:22 GMT+07:00" duration-ms="128" status="PASS">
          <reporter-output>
          </reporter-output>
        </test-method> <!-- tearDown -->
      </class> <!-- tests.TC_UC07_1_01 -->
      <class name="tests.TC_UC07_1_02">
        <test-method is-config="true" signature="setUp()[pri:0, instance:tests.TC_UC07_1_02@4b5d6a01]" started-at="2026-05-02T21:30:22 GMT+07:00" name="setUp" finished-at="2026-05-02T21:30:22 GMT+07:00" duration-ms="602" status="PASS">
          <reporter-output>
          </reporter-output>
        </test-method> <!-- setUp -->
        <test-method signature="testViewRouteDetail()[pri:0, instance:tests.TC_UC07_1_02@4b5d6a01]" started-at="2026-05-02T21:30:22 GMT+07:00" name="testViewRouteDetail" description="UC07.1.02 - Xem chi tiết lộ trình trung chuyển" finished-at="2026-05-02T21:30:25 GMT+07:00" duration-ms="2149" status="PASS">
          <reporter-output>
          </reporter-output>
        </test-method> <!-- testViewRouteDetail -->
        <test-method is-config="true" signature="tearDown()[pri:0, instance:tests.TC_UC07_1_02@4b5d6a01]" started-at="2026-05-02T21:30:25 GMT+07:00" name="tearDown" finished-at="2026-05-02T21:30:25 GMT+07:00" duration-ms="140" status="PASS">
          <reporter-output>
          </reporter-output>
        </test-method> <!-- tearDown -->
      </class> <!-- tests.TC_UC07_1_02 -->
      <class name="tests.DieuChinhLoTrinhTest">
        <test-method is-config="true" signature="setUp()[pri:0, instance:tests.DieuChinhLoTrinhTest@5e316c74]" started-at="2026-05-02T21:28:01 GMT+07:00" name="setUp" finished-at="2026-05-02T21:28:02 GMT+07:00" duration-ms="1307" status="PASS">
          <reporter-output>
          </reporter-output>
        </test-method> <!-- setUp -->
        <test-method is-config="true" signature="setupPages()[pri:0, instance:tests.DieuChinhLoTrinhTest@5e316c74]" started-at="2026-05-02T21:28:02 GMT+07:00" name="setupPages" finished-at="2026-05-02T21:28:02 GMT+07:00" duration-ms="4" status="PASS">
          <reporter-output>
          </reporter-output>
        </test-method> <!-- setupPages -->
        <test-method signature="testAccessAdjustRouteFunction()[pri:1, instance:tests.DieuChinhLoTrinhTest@5e316c74]" started-at="2026-05-02T21:28:02 GMT+07:00" name="testAccessAdjustRouteFunction" description="TC_UC05.1_01: Truy cập chức năng điều chỉnh lộ trình" finished-at="2026-05-02T21:28:06 GMT+07:00" duration-ms="3151" status="PASS">
          <reporter-output>
          </reporter-output>
        </test-method> <!-- testAccessAdjustRouteFunction -->
        <test-method is-config="true" signature="tearDown(org.testng.ITestResult)[pri:0, instance:tests.DieuChinhLoTrinhTest@5e316c74]" started-at="2026-05-02T21:28:06 GMT+07:00" name="tearDown" finished-at="2026-05-02T21:28:06 GMT+07:00" duration-ms="177" status="PASS">
          <params>
            <param index="0">
              <value>
                <![CDATA[[TestResult name=testAccessAdjustRouteFunction status=SUCCESS method=DieuChinhLoTrinhTest.testAccessAdjustRouteFunction()[pri:1, instance:tests.DieuChinhLoTrinhTest@5e316c74] output={null}]]]>
              </value>
            </param>
          </params>
          <reporter-output>
          </reporter-output>
        </test-method> <!-- tearDown -->
        <test-method is-config="true" signature="setUp()[pri:0, instance:tests.DieuChinhLoTrinhTest@5e316c74]" started-at="2026-05-02T21:28:06 GMT+07:00" name="setUp" finished-at="2026-05-02T21:28:07 GMT+07:00" duration-ms="818" status="PASS">
          <reporter-output>
          </reporter-output>
        </test-method> <!-- setUp -->
        <test-method is-config="true" signature="setupPages()[pri:0, instance:tests.DieuChinhLoTrinhTest@5e316c74]" started-at="2026-05-02T21:28:07 GMT+07:00" name="setupPages" finished-at="2026-05-02T21:28:07 GMT+07:00" duration-ms="0" status="PASS">
          <reporter-output>
          </reporter-output>
        </test-method> <!-- setupPages -->
[...]
              </value>
            </param>
          </params>
          <reporter-output>
          </reporter-output>
        </test-method> <!-- tearDown -->
        <test-method is-config="true" signature="setUp()[pri:0, instance:tests.UC07_2_CustomerListTest@3e2e18f2]" started-at="2026-05-02T21:36:27 GMT+07:00" name="setUp" finished-at="2026-05-02T21:36:28 GMT+07:00" duration-ms="698" status="PASS">
          <reporter-output>
          </reporter-output>
        </test-method> <!-- setUp -->
        <test-method is-config="true" signature="setupPages()[pri:0, instance:tests.UC07_2_CustomerListTest@3e2e18f2]" started-at="2026-05-02T21:36:28 GMT+07:00" name="setupPages" finished-at="2026-05-02T21:36:28 GMT+07:00" duration-ms="1" status="PASS">
          <reporter-output>
          </reporter-output>
        </test-method> <!-- setupPages -->
        <test-method signature="testReadOnlyCustomerList()[pri:9, instance:tests.UC07_2_CustomerListTest@3e2e18f2]" started-at="2026-05-02T21:36:28 GMT+07:00" name="testReadOnlyCustomerList" description="TC_UC07.2_09: Không cho phép chỉnh sửa khách hàng" finished-at="2026-05-02T21:36:40 GMT+07:00" duration-ms="12353" status="PASS">
          <reporter-output>
          </reporter-output>
        </test-method> <!-- testReadOnlyCustomerList -->
        <test-method is-config="true" signature="tearDown(org.testng.ITestResult)[pri:0, instance:tests.UC07_2_CustomerListTest@3e2e18f2]" started-at="2026-05-02T21:36:40 GMT+07:00" name="tearDown" finished-at="2026-05-02T21:36:42 GMT+07:00" duration-ms="1724" status="PASS">
          <params>
            <param index="0">
              <value>
                <![CDATA[[TestResult name=testReadOnlyCustomerList status=SUCCESS method=UC07_2_CustomerListTest.testReadOnlyCustomerList()[pri:9, instance:tests.UC07_2_CustomerListTest@3e2e18f2] output={null}]]]>
              </value>
            </param>
          </params>
          <reporter-output>
          </reporter-output>
        </test-method> <!-- tearDown -->
        <test-method is-config="true" signature="setUp()[pri:0, instance:tests.UC07_2_CustomerListTest@3e2e18f2]" started-at="2026-05-02T21:36:42 GMT+07:00" name="setUp" finished-at="2026-05-02T21:36:42 GMT+07:00" duration-ms="644" status="PASS">
          <reporter-output>
          </reporter-output>
        </test-method> <!-- setUp -->
        <test-method signature="testCustomerStatusIndicators()[pri:10, instance:tests.UC07_2_CustomerListTest@3e2e18f2]" started-at="2026-05-02T21:36:42 GMT+07:00" name="testCustomerStatusIndicators" description="TC_UC07.2_10: Kiểm tra cập nhật trạng thái khách hàng" finished-at="2026-05-02T21:36:55 GMT+07:00" duration-ms="12802" status="PASS">
          <reporter-output>
          </reporter-output>
        </test-method> <!-- testCustomerStatusIndicators -->
        <test-method is-config="true" signature="setupPages()[pri:0, instance:tests.UC07_2_CustomerListTest@3e2e18f2]" started-at="2026-05-02T21:36:42 GMT+07:00" name="setupPages" finished-at="2026-05-02T21:36:42 GMT+07:00" duration-ms="0" status="PASS">
          <reporter-output>
          </reporter-output>
        </test-method> <!-- setupPages -->
        <test-method is-config="true" signature="tearDown(org.testng.ITestResult)[pri:0, instance:tests.UC07_2_CustomerListTest@3e2e18f2]" started-at="2026-05-02T21:36:55 GMT+07:00" name="tearDown" finished-at="2026-05-02T21:36:57 GMT+07:00" duration-ms="1722" status="PASS">
          <params>
            <param index="0">
              <value>
                <![CDATA[[TestResult name=testCustomerStatusIndicators status=SUCCESS method=UC07_2_CustomerListTest.testCustomerStatusIndicators()[pri:10, instance:tests.UC07_2_CustomerListTest@3e2e18f2] output={null}]]]>
              </value>
            </param>
          </params>
          <reporter-output>
          </reporter-output>
        </test-method> <!-- tearDown -->
      </class> <!-- tests.UC07_2_CustomerListTest -->
      <class name="tests.TC_UC07_1_04">
        <test-method is-config="true" signature="setUp()[pri:0, instance:tests.TC_UC07_1_04@3c419631]" started-at="2026-05-02T21:30:52 GMT+07:00" name="setUp" finished-at="2026-05-02T21:30:53 GMT+07:00" duration-ms="668" status="PASS">
          <reporter-output>
          </reporter-output>
        </test-method> <!-- setUp -->
        <test-method signature="testUpdateStopStatus()[pri:0, instance:tests.TC_UC07_1_04@3c419631]" started-at="2026-05-02T21:30:53 GMT+07:00" name="testUpdateStopStatus" description="UC07.1.04 - Cập nhật trạng thái điểm đón trả" finished-at="2026-05-02T21:30:55 GMT+07:00" duration-ms="2188" status="FAIL">
          <exception class="org.openqa.selenium.NoSuchElementException">
            <message>
              <![CDATA[no such element: Unable to locate element: {"method":"xpath","selector":"//button[contains(text(), 'Cập nhật')] | //input[@type='checkbox']"}
  (Session info: chrome=147.0.7727.138)
For documentation on this error, please visit: https://www.selenium.dev/documentation/webdriver/troubleshooting/errors#no-such-element-exception
Build info: version: '4.29.0', revision: '5fc1ec94cb'
System info: os.name: 'Windows 11', os.arch: 'amd64', os.version: '10.0', java.version: '25.0.2'
Driver info: org.openqa.selenium.chrome.ChromeDriver
Command: [939374e8a0876ce01e98d6402e21a26f, findElement {value=//button[contains(text(), 'Cập nhật')] | //input[@type='checkbox'], using=xpath}]
Capabilities {acceptInsecureCerts: false, browserName: chrome, browserVersion: 147.0.7727.138, chrome: {chromedriverVersion: 147.0.7727.117 (474cc805edd..., userDataDir: C:\Users\admin\AppData\Loca...}, fedcm:accounts: true, goog:chromeOptions: {debuggerAddress: localhost:51594}, goog:processID: 31480, networkConnectionEnabled: false, pageLoadStrategy: normal, platformName: windows, proxy: Proxy(), se:cdp: ws://localhost:51594/devtoo..., se:cdpVersion: 147.0.7727.138, setWindowRect: true, strictFileInteractability: false, timeouts: {implicit: 0, pageLoad: 300000, script: 30000}, unhandledPromptBehavior: dismiss and notify, webauthn:extension:credBlob: true, webauthn:extension:largeBlob: true, webauthn:extension:minPinLength: true, webauthn:extension:prf: true, webauthn:virtualAuthenticators: true}
Session ID: 939374e8a0876ce01e98d6402e21a26f]]>
            </message>
            <full-stacktrace>
              <![CDATA[org.openqa.selenium.NoSuchElementException: no such element: Unable to locate element: {"method":"xpath","selector":"//button[contains(text(), 'Cập nhật')] | //input[@type='checkbox']"}
  (Session info: chrome=147.0.7727.138)
For documentation on this error, please visit: https://www.selenium.dev/documentation/webdriver/troubleshooting/errors#no-such-element-exception
Build info: version: '4.29.0', revision: '5fc1ec94cb'
System info: os.name: 'Windows 11', os.arch: 'amd64', os.version: '10.0', java.version: '25.0.2'
Driver info: org.openqa.selenium.chrome.ChromeDriver
Command: [939374e8a0876ce01e98d6402e21a26f, findElement {value=//button[contains(text(), 'Cập nhật')] | //input[@type='checkbox'], using=xpath}]
Capabilities {acceptInsecureCerts: false, browserName: chrome, browserVersion: 147.0.7727.138, chrome: {chromedriverVersion: 147.0.7727.117 (474cc805edd..., userDataDir: C:\Users\admin\AppData\Loca...}, fedcm:accounts: true, goog:chromeOptions: {debuggerAddress: localhost:51594}, goog:processID: 31480, networkConnectionEnabled: false, pageLoadStrategy: normal, platformName: windows, proxy: Proxy(), se:cdp: ws://localhost:51594/devtoo..., se:cdpVersion: 147.0.7727.138, setWindowRect: true, strictFileInteractability: false, timeouts: {implicit: 0, pageLoad: 300000, script: 30000}, unhandledPromptBehavior: dismiss and notify, webauthn:extension:credBlob: true, webauthn:extension:largeBlob: true, webauthn:extension:minPinLength: true, webauthn:extension:prf: true, webauthn:virtualAuthenticators: true}
Session ID: 939374e8a0876ce01e98d6402e21a26f
at java.base/jdk.internal.reflect.DirectConstructorHandleAccessor.newInstance(DirectConstructorHandleAccessor.java:62)
at java.base/java.lang.reflect.Constructor.newInstanceWithCaller(Constructor.java:499)
at java.base/java.lang.reflect.Constructor.newInstance(Constructor.java:483)
at org.openqa.selenium.remote.ErrorCodec.decode(ErrorCodec.java:167)
at org.openqa.selenium.remote.codec.w3c.W3CHttpResponseCodec.decode(W3CHttpResponseCodec.java:138)
at org.openqa.selenium.remote.codec.w3c.W3CHttpResponseCodec.decode(W3CHttpResponseCodec.java:50)
at org.openqa.selenium.remote.HttpCommandExecutor.execute(HttpCommandExecutor.java:215)
at org.openqa.selenium.remote.service.DriverCommandExecutor.invokeExecute(DriverCommandExecutor.java:216)
at org.openqa.selenium.remote.service.DriverCommandExecutor.execute(DriverCommandExecutor.java:174)
at org.openqa.selenium.remote.RemoteWebDriver.execute(RemoteWebDriver.java:545)
at org.openqa.selenium.remote.ElementLocation$ElementFinder$2.findElement(ElementLocation.java:165)
at org.openqa.selenium.remote.ElementLocation.findElement(ElementLocation.java:59)
at org.openqa.selenium.remote.RemoteWebDriver.findElement(RemoteWebDriver.java:368)
at org.openqa.selenium.remote.RemoteWebDriver.findElement(RemoteWebDriver.java:362)
at tests.TC_UC07_1_04.testUpdateStopStatus(TC_UC07_1_04.java:41)
at java.base/jdk.internal.reflect.DirectMethodHandleAccessor.invoke(DirectMethodHandleAccessor.java:104)
at java.base/java.lang.reflect.Method.invoke(Method.java:565)
at org.testng.internal.invokers.MethodInvocationHelper.invokeMethod(MethodInvocationHelper.java:139)
at org.testng.internal.invokers.TestInvoker.invokeMethod(TestInvoker.java:664)
at org.testng.internal.invokers.TestInvoker.invokeTestMethod(TestInvoker.java:228)
at org.testng.internal.invokers.MethodRunner.runInSequence(MethodRunner.java:63)
at org.testng.internal.invokers.TestInvoker$MethodInvocationAgent.invoke(TestInvoker.java:961)
at org.testng.internal.invokers.TestInvoker.invokeTestMethods(TestInvoker.java:201)
at org.testng.internal.invokers.TestMethodWorker.invokeTestMethods(TestMethodWorker.java:148)
at org.testng.internal.invokers.TestMethodWorker.run(TestMethodWorker.java:128)
at java.base/java.util.ArrayList.forEach(ArrayList.java:1604)
at org.testng.TestRunner.privateRun(TestRunner.java:819)
at org.testng.TestRunner.run(TestRunner.java:619)
at org.testng.SuiteRunner.runTest(SuiteRunner.java:443)
at org.testng.SuiteRunner.runSequentially(SuiteRunner.java:437)
at org.testng.SuiteRunner.privateRun(SuiteRunner.java:397)
at org.testng.SuiteRunner.run(SuiteRunner.java:336)
at org.testng.SuiteRunnerWorker.runSuite(SuiteRunnerWorker.java:52)
at org.testng.SuiteRunnerWorker.run(SuiteRunnerWorker.java:95)
at org.testng.TestNG.runSuitesSequentially(TestNG.java:1301)
at org.testng.TestNG.runSuitesLocally(TestNG.java:1228)
at org.testng.TestNG.runSuites(TestNG.java:1134)
at org.testng.TestNG.run(TestNG.java:1101)
at org.apache.maven.surefire.testng.TestNGExecutor.run(TestNGExecutor.java:308)
at org.apache.maven.surefire.testng.TestNGXmlTestSuite.execute(TestNGXmlTestSuite.java:71)
at org.apache.maven.surefire.testng.TestNGProvider.invoke(TestNGProvider.java:113)
at org.apache.maven.surefire.booter.ForkedBooter.runSuitesInProcess(ForkedBooter.java:385)
at org.apache.maven.surefire.booter.ForkedBooter.execute(ForkedBooter.java:162)
at org.apache.maven.surefire.booter.ForkedBooter.run(ForkedBooter.java:507)
at org.apache.maven.surefire.booter.ForkedBooter.main(ForkedBooter.java:495)
]]>
            </full-stacktrace>
          </exception> <!-- org.openqa.selenium.NoSuchElementException -->
          <reporter-output>
          </reporter-output>
        </test-method> <!-- testUpdateStopStatus -->
        <test-method is-config="true" signature="tearDown()[pri:0, instance:tests.TC_UC07_1_04@3c419631]" started-at="2026-05-02T21:30:55 GMT+07:00" name="tearDown" finished-at="2026-05-02T21:30:55 GMT+07:00" duration-ms="138" status="PASS">
          <reporter-output>
          </reporter-output>
        </test-method> <!-- tearDown -->
      </class> <!-- tests.TC_UC07_1_04 -->
      <class name="tests.TC_UC07_1_05">
        <test-method is-config="true" signature="setUp()[pri:0, instance:tests.TC_UC07_1_05@418e7838]" started-at="2026-05-02T21:30:55 GMT+07:00" name="setUp" finished-at="2026-05-02T21:30:56 GMT+07:00" duration-ms="609" status="PASS">
          <reporter-output>
          </reporter-output>
        </test-method> <!-- setUp -->
        <test-method signature="testDriverPermissions()[pri:0, instance:tests.TC_UC07_1_05@418e7838]" started-at="2026-05-02T21:30:56 GMT+07:00" name="testDriverPermissions" description="UC07.1.05 - Không cho phép tài xế chỉnh sửa lộ trình" finished-at="2026-05-02T21:30:58 GMT+07:00" duration-ms="1683" status="PASS">
          <reporter-output>
          </reporter-output>
        </test-method> <!-- testDriverPermissions -->
        <test-method is-config="true" signature="tearDown()[pri:0, instance:tests.TC_UC07_1_05@418e7838]" started-at="2026-05-02T21:30:58 GMT+07:00" name="tearDown" finished-at="2026-05-02T21:30:58 GMT+07:00" duration-ms="141" status="PASS">
          <reporter-output>
          </reporter-output>
        </test-method> <!-- tearDown -->
      </class> <!-- tests.TC_UC07_1_05 -->
      <class name="tests.TC_UC07_1_06">
        <test-method is-config="true" signature="setUp()[pri:0, instance:tests.TC_UC07_1_06@61230f6a]" started-at="2026-05-02T21:30:58 GMT+07:00" name="setUp" finished-at="2026-05-02T21:30:58 GMT+07:00" duration-ms="695" status="PASS">
          <reporter-output>
          </reporter-output>
        </test-method> <!-- setUp -->
        <test-method signature="testStopSequence()[pri:0, instance:tests.TC_UC07_1_06@61230f6a]" started-at="2026-05-02T21:30:58 GMT+07:00" name="testStopSequence" description="UC07.1.06 - Hiển thị thứ tự các điểm dừng" finished-at="2026-05-02T21:31:15 GMT+07:00" duration-ms="16807" status="FAIL">
          <exception class="org.openqa.selenium.TimeoutException">
            <message>
              <![CDATA[Expected condition failed: waiting for visibility of all elements located by By.xpath: //*[contains(@class, 'sequence') or contains(text(), '1') or contains(text(), '2')] (tried for 15 second(s) with 500 milliseconds interval)
Build info: version: '4.29.0', revision: '5fc1ec94cb'
System info: os.name: 'Windows 11', os.arch: 'amd64', os.version: '10.0', java.version: '25.0.2'
Driver info: org.openqa.selenium.chrome.ChromeDriver
Capabilities {acceptInsecureCerts: false, browserName: chrome, browserVersion: 147.0.7727.138, chrome: {chromedriverVersion: 147.0.7727.117 (474cc805edd..., userDataDir: C:\Users\admin\AppData\Loca...}, fedcm:accounts: true, goog:chromeOptions: {debuggerAddress: localhost:51908}, goog:processID: 19760, networkConnectionEnabled: false, pageLoadStrategy: normal, platformName: windows, proxy: Proxy(), se:cdp: ws://localhost:51908/devtoo..., se:cdpVersion: 147.0.7727.138, setWindowRect: true, strictFileInteractability: false, timeouts: {implicit: 0, pageLoad: 300000, script: 30000}, unhandledPromptBehavior: dismiss and notify, webauthn:extension:credBlob: true, webauthn:extension:largeBlob: true, webauthn:extension:minPinLength: true, webauthn:extension:prf: true, webauthn:virtualAuthenticators: true}
Session ID: cf148f7b4b845ea4517ffb6eb86ab3e4]]>
            </message>
            <full-stacktrace>
              <![CDATA[org.openqa.selenium.TimeoutException: Expected condition failed: waiting for visibility of all elements located by By.xpath: //*[contains(@class, 'sequence') or contains(text(), '1') or contains(text(), '2')] (tried for 15 second(s) with 500 milliseconds interval)
Build info: version: '4.29.0', revision: '5fc1ec94cb'
System info: os.name: 'Windows 11', os.arch: 'amd64', os.version: '10.0', java.version: '25.0.2'
Driver info: org.openqa.selenium.chrome.ChromeDriver
Capabilities {acceptInsecureCerts: false, browserName: chrome, browserVersion: 147.0.7727.138, chrome: {chromedriverVersion: 147.0.7727.117 (474cc805edd..., userDataDir: C:\Users\admin\AppData\Loca...}, fedcm:accounts: true, goog:chromeOptions: {debuggerAddress: localhost:51908}, goog:processID: 19760, networkConnectionEnabled: false, pageLoadStrategy: normal, platformName: windows, proxy: Proxy(), se:cdp: ws://localhost:51908/devtoo..., se:cdpVersion: 147.0.7727.138, setWindowRect: true, strictFileInteractability: false, timeouts: {implicit: 0, pageLoad: 300000, script: 30000}, unhandledPromptBehavior: dismiss and notify, webauthn:extension:credBlob: true, webauthn:extension:largeBlob: true, webauthn:extension:minPinLength: true, webauthn:extension:prf: true, webauthn:virtualAuthenticators: true}
Session ID: cf148f7b4b845ea4517ffb6eb86ab3e4
at org.openqa.selenium.support.ui.WebDriverWait.timeoutException(WebDriverWait.java:84)
at org.openqa.selenium.support.ui.FluentWait.until(FluentWait.java:228)
at tests.TC_UC07_1_06.testStopSequence(TC_UC07_1_06.java:35)
at java.base/jdk.internal.reflect.DirectMethodHandleAccessor.invoke(DirectMethodHandleAccessor.java:104)
at java.base/java.lang.reflect.Method.invoke(Method.java:565)
at org.testng.internal.invokers.MethodInvocationHelper.invokeMethod(MethodInvocationHelper.java:139)
at org.testng.internal.invokers.TestInvoker.invokeMethod(TestInvoker.java:664)
at org.testng.internal.invokers.TestInvoker.invokeTestMethod(TestInvoker.java:228)
at org.testng.internal.invokers.MethodRunner.runInSequence(MethodRunner.java:63)
at org.testng.internal.invokers.TestInvoker$MethodInvocationAgent.invoke(TestInvoker.java:961)
at org.testng.internal.invokers.TestInvoker.invokeTestMethods(TestInvoker.java:201)
at org.testng.internal.invokers.TestMethodWorker.invokeTestMethods(TestMethodWorker.java:148)
at org.testng.internal.invokers.TestMethodWorker.run(TestMethodWorker.java:128)
at java.base/java.util.ArrayList.forEach(ArrayList.java:1604)
at org.testng.TestRunner.privateRun(TestRunner.java:819)
at org.testng.TestRunner.run(TestRunner.java:619)
at org.testng.SuiteRunner.runTest(SuiteRunner.java:443)
at org.testng.SuiteRunner.runSequentially(SuiteRunner.java:437)
at org.testng.SuiteRunner.privateRun(SuiteRunner.java:397)
at org.testng.SuiteRunner.run(SuiteRunner.java:336)
at org.testng.SuiteRunnerWorker.runSuite(SuiteRunnerWorker.java:52)
at org.testng.SuiteRunnerWorker.run(SuiteRunnerWorker.java:95)
at org.testng.TestNG.runSuitesSequentially(TestNG.java:1301)
at org.testng.TestNG.runSuitesLocally(TestNG.java:1228)
at org.testng.TestNG.runSuites(TestNG.java:1134)
at org.testng.TestNG.run(TestNG.java:1101)
at org.apache.maven.surefire.testng.TestNGExecutor.run(TestNGExecutor.java:308)
at org.apache.maven.surefire.testng.TestNGXmlTestSuite.execute(TestNGXmlTestSuite.java:71)
at org.apache.maven.surefire.testng.TestNGProvider.invoke(TestNGProvider.java:113)
at org.apache.maven.surefire.booter.ForkedBooter.runSuitesInProcess(ForkedBooter.java:385)
at org.apache.maven.surefire.booter.ForkedBooter.execute(ForkedBooter.java:162)
at org.apache.maven.surefire.booter.ForkedBooter.run(ForkedBooter.java:507)
at org.apache.maven.surefire.booter.ForkedBooter.main(ForkedBooter.java:495)
]]>
            </full-stacktrace>
          </exception> <!-- org.openqa.selenium.TimeoutException -->
          <reporter-output>
          </reporter-output>
        </test-method> <!-- testStopSequence -->
        <test-method is-config="true" signature="tearDown()[pri:0, instance:tests.TC_UC07_1_06@61230f6a]" started-at="2026-05-02T21:31:15 GMT+07:00" name="tearDown" finished-at="2026-05-02T21:31:15 GMT+07:00" duration-ms="198" status="PASS">
          <reporter-output>
          </reporter-output>
        </test-method> <!-- tearDown -->
      </class> <!-- tests.TC_UC07_1_06 -->
    </test> <!-- UI Automation Tests -->
  </suite> <!-- Shuttle Selenium Suite -->
</testng-results>
